#
# A fatal error has been detected by the Java Runtime Environment:
#
#  SIGSEGV (0xb) at pc=0x00007fe54575c14e, pid=10317, tid=10335
#
# JRE version: OpenJDK Runtime Environment (17.0.7+7) (build 17.0.7+7-Ubuntu-0ubuntu122.04.2)
# Java VM: OpenJDK 64-Bit Server VM (17.0.7+7-Ubuntu-0ubuntu122.04.2, mixed mode, sharing, tiered, compressed oops, compressed class ptrs, g1 gc, linux-amd64)
# Problematic frame:
# V  [libjvm.so+0x55c14e]  ciMethod::ciMethod(methodHandle const&, ciInstanceKlass*)+0x2ae
#
# Core dump will be written. Default location: Core dumps may be processed with "/usr/share/apport/apport -p%p -s%s -c%c -d%d -P%P -u%u -g%g -- %E" (or dumping to /home/zam/belajar/udemy/springboot/portofolio_backend_food_order/core.10317)
#
# If you would like to submit a bug report, please visit:
#   Unknown
#

---------------  S U M M A R Y ------------

Command Line: -ea -Didea.test.cyclic.buffer.size=1048576 -javaagent:/home/zam/Downloads/idea-IC-222.4167.29/lib/idea_rt.jar=38923:/home/zam/Downloads/idea-IC-222.4167.29/bin -Dfile.encoding=UTF-8 com.intellij.rt.junit.JUnitStarter -ideVersion5 -junit5 com.zam.dev.food_order.service.impl.UserServiceImplTest,testUpdateUserResponseStatusException

Host: AMD Ryzen 3 3300U with Radeon Vega Mobile Gfx, 4 cores, 17G, Ubuntu 22.04.2 LTS
Time: Sun Jul 16 12:58:50 2023 WIB elapsed time: 6.750616 seconds (0d 0h 0m 6s)

---------------  T H R E A D  ---------------

Current thread (0x00007fe54012c0d0):  JavaThread "C1 CompilerThread0" daemon [_thread_in_vm, id=10335, stack(0x00007fe51c4ed000,0x00007fe51c5ed000)]


Current CompileTask:
C1:   6750 5058       3       org.springframework.core.annotation.AnnotationUtils::findAnnotation (70 bytes)

Stack: [0x00007fe51c4ed000,0x00007fe51c5ed000],  sp=0x00007fe51c5eab20,  free space=1014k
Native frames: (J=compiled Java code, j=interpreted, Vv=VM code, C=native code)
V  [libjvm.so+0x55c14e]  ciMethod::ciMethod(methodHandle const&, ciInstanceKlass*)+0x2ae
V  [libjvm.so+0x56562e]  ciObjectFactory::create_new_metadata(Metadata*)+0x16e
V  [libjvm.so+0x5657d8]  ciObjectFactory::get_metadata(Metadata*)+0x68
V  [libjvm.so+0x54b41d]  ciEnv::get_method_by_index_impl(constantPoolHandle const&, int, Bytecodes::Code, ciInstanceKlass*)+0x26d
V  [libjvm.so+0x56aaf8]  ciBytecodeStream::get_method(bool&, ciSignature**)+0x108
V  [libjvm.so+0x486bb7]  GraphBuilder::invoke(Bytecodes::Code)+0x37
V  [libjvm.so+0x48859b]  GraphBuilder::iterate_bytecodes_for_block(int)+0x5ab
V  [libjvm.so+0x48ab95]  GraphBuilder::iterate_all_blocks(bool)+0x85
V  [libjvm.so+0x48b5b8]  GraphBuilder::try_inline_full(ciMethod*, bool, bool, Bytecodes::Code, Instruction*)+0x9d8
V  [libjvm.so+0x486b2d]  GraphBuilder::try_inline(ciMethod*, bool, bool, Bytecodes::Code, Instruction*)+0x1ad
V  [libjvm.so+0x486fa9]  GraphBuilder::invoke(Bytecodes::Code)+0x429
V  [libjvm.so+0x48859b]  GraphBuilder::iterate_bytecodes_for_block(int)+0x5ab
V  [libjvm.so+0x48ab81]  GraphBuilder::iterate_all_blocks(bool)+0x71
V  [libjvm.so+0x48ccd6]  GraphBuilder::GraphBuilder(Compilation*, IRScope*)+0x306
V  [libjvm.so+0x4922da]  IRScope::IRScope(Compilation*, IRScope*, int, ciMethod*, int, bool)+0x1aa
V  [libjvm.so+0x492397]  IR::IR(Compilation*, ciMethod*, int)+0xa7
V  [libjvm.so+0x46bcdf]  Compilation::build_hir() [clone .part.0]+0x17f
V  [libjvm.so+0x46d9dc]  Compilation::compile_java_method()+0x3bc
V  [libjvm.so+0x46db42]  Compilation::compile_method()+0x112
V  [libjvm.so+0x46df08]  Compilation::Compilation(AbstractCompiler*, ciEnv*, ciMethod*, int, BufferBlob*, bool, DirectiveSet*)+0x208
V  [libjvm.so+0x46ea61]  Compiler::compile_method(ciEnv*, ciMethod*, int, bool, DirectiveSet*)+0xb1
V  [libjvm.so+0x5e458d]  CompileBroker::invoke_compiler_on_method(CompileTask*)+0xd3d
V  [libjvm.so+0x5e51e0]  CompileBroker::compiler_thread_loop()+0x500
V  [libjvm.so+0xed100e]  JavaThread::thread_main_inner()+0xce
V  [libjvm.so+0xed4694]  Thread::call_run()+0xc4
V  [libjvm.so+0xc2f0d9]  thread_native_entry(Thread*)+0xe9


siginfo: si_signo: 11 (SIGSEGV), si_code: 1 (SEGV_MAPERR), si_addr: 0x000004000000001c

Register to memory mapping:

RAX=0x0000040000000000 is an unknown value
RBX=0x00007fe4e16117b0 points into unknown readable memory: 0x00007fe5464e9f40 | 40 9f 4e 46 e5 7f 00 00
RCX=0x0000000000000014 is an unknown value
RDX=0x000000080045e390 is pointing into metadata
RSP=0x00007fe51c5eab20 is pointing into the stack for thread: 0x00007fe54012c0d0
RBP=0x00007fe51c5eab70 is pointing into the stack for thread: 0x00007fe54012c0d0
RSI=0x0000000000000014 is an unknown value
RDI={method} {0x00000008000892f8} 'test' '(Ljava/lang/Object;)Z' in 'java/util/function/Predicate'
R8 =0x00007fe54626a760: <offset 0x000000000106a760> in /usr/lib/jvm/java-17-openjdk-amd64/lib/server/libjvm.so at 0x00007fe545200000
R9 =0x00007fe51c5ea9c0 is pointing into the stack for thread: 0x00007fe54012c0d0
R10=0x0 is NULL
R11=0x0000000000000246 is an unknown value
R12=0x00007fe51c5eab90 is pointing into the stack for thread: 0x00007fe54012c0d0
R13=0x00007fe540025920 points into unknown readable memory: 0x00007fe546460138 | 38 01 46 46 e5 7f 00 00
R14=0x00007fe4e1611850 points into unknown readable memory: 0x00007fe540025920 | 20 59 02 40 e5 7f 00 00
R15=0x00007fe51c5eab30 is pointing into the stack for thread: 0x00007fe54012c0d0


Registers:
RAX=0x0000040000000000, RBX=0x00007fe4e16117b0, RCX=0x0000000000000014, RDX=0x000000080045e390
RSP=0x00007fe51c5eab20, RBP=0x00007fe51c5eab70, RSI=0x0000000000000014, RDI=0x00000008000892f8
R8 =0x00007fe54626a760, R9 =0x00007fe51c5ea9c0, R10=0x0000000000000000, R11=0x0000000000000246
R12=0x00007fe51c5eab90, R13=0x00007fe540025920, R14=0x00007fe4e1611850, R15=0x00007fe51c5eab30
RIP=0x00007fe54575c14e, EFLAGS=0x0000000000010206, CSGSFS=0x002b000000000033, ERR=0x0000000000000004
  TRAPNO=0x000000000000000e

Top of Stack: (sp=0x00007fe51c5eab20)
0x00007fe51c5eab20:   00007fe4e1611610 00007fe51c5ebb00
0x00007fe51c5eab30:   0000000800672390 00007fe54012c0d0
0x00007fe51c5eab40:   00007fe54012c0d0 00007fe54012c0d0
0x00007fe51c5eab50:   00007fe4cc22c120 00007fe4e16117b0 

Instructions: (pc=0x00007fe54575c14e)
0x00007fe54575c04e:   a8 02 0f 85 32 02 00 00 49 8b 45 08 0f b7 50 22
0x00007fe54575c05e:   48 8b 40 08 4c 8b 6c d0 48 4d 85 ed 0f 84 10 03
0x00007fe54575c06e:   00 00 49 8b 7e 38 4c 89 ee e8 34 9c 00 00 49 89
0x00007fe54575c07e:   c5 49 8b 04 24 4c 89 6b 20 48 8b 40 08 0f b7 50
0x00007fe54575c08e:   24 48 8b 40 08 4c 8b 6c d0 48 4d 85 ed 0f 84 0f
0x00007fe54575c09e:   03 00 00 49 8b 7e 38 4c 89 ee e8 03 9c 00 00 49
0x00007fe54575c0ae:   89 c5 49 8b 04 24 48 8b 40 08 4c 8b 78 08 66 48
0x00007fe54575c0be:   8d 3d d4 2e db 00 66 66 48 e8 f4 44 cf ff 66 49
0x00007fe54575c0ce:   0f 6e c7 48 8b 00 66 48 0f 6e d0 66 0f 6c c2 0f
0x00007fe54575c0de:   29 45 c0 4d 85 ff 74 20 48 8b 80 40 02 00 00 48
0x00007fe54575c0ee:   63 30 3b 70 04 0f 84 e7 01 00 00 8d 56 01 89 10
0x00007fe54575c0fe:   48 8b 40 08 4c 89 3c f0 49 8b 36 bf 38 00 00 00
0x00007fe54575c10e:   4c 8d 7d c0 e8 19 d5 e6 ff 49 89 c6 48 85 c0 74
0x00007fe54575c11e:   12 48 8b 73 28 4c 89 e9 4c 89 fa 48 89 c7 e8 df
0x00007fe54575c12e:   c6 00 00 49 8b 3c 24 4c 89 73 30 48 c7 43 38 00
0x00007fe54575c13e:   00 00 00 48 8b 47 18 48 85 c0 0f 84 22 02 00 00
0x00007fe54575c14e:   8b 40 1c 89 43 5c 48 8d 05 85 84 db 00 80 38 00
0x00007fe54575c15e:   0f 85 80 00 00 00 e8 97 13 09 00 84 c0 74 2b e8
0x00007fe54575c16e:   8e 13 09 00 41 89 c5 84 c0 0f 84 83 01 00 00 48
0x00007fe54575c17e:   c7 43 60 00 00 00 00 c7 43 60 01 00 00 00 e9 7f
0x00007fe54575c18e:   00 00 00 0f 1f 80 00 00 00 00 4c 8d 2d 22 82 db
0x00007fe54575c19e:   00 41 80 7d 00 00 74 14 48 8d 05 e3 85 db 00 48
0x00007fe54575c1ae:   8b 00 48 83 e8 01 48 83 f8 02 76 0c 48 8d 05 97
0x00007fe54575c1be:   30 df 00 83 38 01 75 a7 e8 35 13 09 00 84 c0 0f
0x00007fe54575c1ce:   84 7d 02 00 00 e8 28 13 09 00 84 c0 0f 84 18 01
0x00007fe54575c1de:   00 00 49 8b 3c 24 e8 57 cb 65 00 85 c0 78 73 49
0x00007fe54575c1ee:   8b 14 24 89 43 60 48 8b 52 18 48 85 d2 0f 84 df
0x00007fe54575c1fe:   01 00 00 0f b7 52 2c 89 53 64 85 c0 0f 84 75 ff
0x00007fe54575c20e:   ff ff c7 43 68 ff ff ff ff 4c 89 ff e8 c1 67 26
0x00007fe54575c21e:   00 48 83 c4 28 5b 41 5c 41 5d 41 5e 41 5f 5d c3
0x00007fe54575c22e:   66 90 4c 89 ef e8 48 9c 65 00 4d 8b 2c 24 88 43
0x00007fe54575c23e:   75 84 c0 0f 84 03 fe ff ff 41 8b 45 28 f6 c4 04 


Stack slot to memory mapping:
stack at sp + 0 slots: 0x00007fe4e1611610 points into unknown readable memory: 0x00007fe4e1610e60 | 60 0e 61 e1 e4 7f 00 00
stack at sp + 1 slots: 0x00007fe51c5ebb00 is pointing into the stack for thread: 0x00007fe54012c0d0
stack at sp + 2 slots: 0x0000000800672390 is pointing into metadata
stack at sp + 3 slots: 0x00007fe54012c0d0 is a thread
stack at sp + 4 slots: 0x00007fe54012c0d0 is a thread
stack at sp + 5 slots: 0x00007fe54012c0d0 is a thread
stack at sp + 6 slots: 0x00007fe4cc22c120 points into unknown readable memory: 0x00007fe5464e9d70 | 70 9d 4e 46 e5 7f 00 00
stack at sp + 7 slots: 0x00007fe4e16117b0 points into unknown readable memory: 0x00007fe5464e9f40 | 40 9f 4e 46 e5 7f 00 00


---------------  P R O C E S S  ---------------

Threads class SMR info:
_java_thread_list=0x00007fe4a80066a0, length=17, elements={
0x00007fe540017dd0, 0x00007fe54011fe80, 0x00007fe540121260, 0x00007fe540126a30,
0x00007fe540127de0, 0x00007fe5401291f0, 0x00007fe54012aba0, 0x00007fe54012c0d0,
0x00007fe54012d540, 0x00007fe540138e10, 0x00007fe5401cb100, 0x00007fe5401ccbe0,
0x00007fe4e40978c0, 0x00007fe4f0001800, 0x00007fe540e56880, 0x00007fe540f79000,
0x00007fe4a80056b0
}

Java Threads: ( => current thread )
  0x00007fe540017dd0 JavaThread "main" [_thread_in_Java, id=10321, stack(0x00007fe545100000,0x00007fe545200000)]
  0x00007fe54011fe80 JavaThread "Reference Handler" daemon [_thread_blocked, id=10328, stack(0x00007fe51caed000,0x00007fe51cbed000)]
  0x00007fe540121260 JavaThread "Finalizer" daemon [_thread_blocked, id=10330, stack(0x00007fe51c9ed000,0x00007fe51caed000)]
  0x00007fe540126a30 JavaThread "Signal Dispatcher" daemon [_thread_blocked, id=10331, stack(0x00007fe51c8ed000,0x00007fe51c9ed000)]
  0x00007fe540127de0 JavaThread "Service Thread" daemon [_thread_blocked, id=10332, stack(0x00007fe51c7ed000,0x00007fe51c8ed000)]
  0x00007fe5401291f0 JavaThread "Monitor Deflation Thread" daemon [_thread_blocked, id=10333, stack(0x00007fe51c6ed000,0x00007fe51c7ed000)]
  0x00007fe54012aba0 JavaThread "C2 CompilerThread0" daemon [_thread_in_native, id=10334, stack(0x00007fe51c5ed000,0x00007fe51c6ed000)]
=>0x00007fe54012c0d0 JavaThread "C1 CompilerThread0" daemon [_thread_in_vm, id=10335, stack(0x00007fe51c4ed000,0x00007fe51c5ed000)]
  0x00007fe54012d540 JavaThread "Sweeper thread" daemon [_thread_blocked, id=10336, stack(0x00007fe51c3ed000,0x00007fe51c4ed000)]
  0x00007fe540138e10 JavaThread "Common-Cleaner" daemon [_thread_blocked, id=10337, stack(0x00007fe51c2ed000,0x00007fe51c3ed000)]
  0x00007fe5401cb100 JavaThread "Monitor Ctrl-Break" daemon [_thread_in_native, id=10340, stack(0x00007fe51c1ed000,0x00007fe51c2ed000)]
  0x00007fe5401ccbe0 JavaThread "Notification Thread" daemon [_thread_blocked, id=10341, stack(0x00007fe51c0ed000,0x00007fe51c1ed000)]
  0x00007fe4e40978c0 JavaThread "C2 CompilerThread1" daemon [_thread_in_native, id=10343, stack(0x00007fe4faffe000,0x00007fe4fb0fe000)]
  0x00007fe4f0001800 JavaThread "Attach Listener" daemon [_thread_blocked, id=10355, stack(0x00007fe4fabf8000,0x00007fe4facf8000)]
  0x00007fe540e56880 JavaThread "mysql-cj-abandoned-connection-cleanup" daemon [_thread_blocked, id=10361, stack(0x00007fe4faaf8000,0x00007fe4fabf8000)]
  0x00007fe540f79000 JavaThread "HikariPool-1 housekeeper" daemon [_thread_blocked, id=10363, stack(0x00007fe4fa9f8000,0x00007fe4faaf8000)]
  0x00007fe4a80056b0 JavaThread "HikariPool-1 connection adder" daemon [_thread_blocked, id=10364, stack(0x00007fe4fa8f8000,0x00007fe4fa9f8000)]

Other Threads:
  0x00007fe54011bdd0 VMThread "VM Thread" [stack: 0x00007fe51cbef000,0x00007fe51ccef000] [id=10327]
  0x00007fe54001a5a0 WatcherThread [stack: 0x00007fe4fb100000,0x00007fe4fb200000] [id=10342]
  0x00007fe5400848b0 GCTaskThread "GC Thread#0" [stack: 0x00007fe544726000,0x00007fe544826000] [id=10322]
  0x00007fe4fc0051a0 GCTaskThread "GC Thread#1" [stack: 0x00007fe4faefe000,0x00007fe4faffe000] [id=10345]
  0x00007fe4fc005bd0 GCTaskThread "GC Thread#2" [stack: 0x00007fe4fadfc000,0x00007fe4faefc000] [id=10346]
  0x00007fe4fc006600 GCTaskThread "GC Thread#3" [stack: 0x00007fe4facfa000,0x00007fe4fadfa000] [id=10347]
  0x00007fe54008ea10 ConcurrentGCThread "G1 Main Marker" [stack: 0x00007fe544624000,0x00007fe544724000] [id=10323]
  0x00007fe54008f970 ConcurrentGCThread "G1 Conc#0" [stack: 0x00007fe544522000,0x00007fe544622000] [id=10324]
  0x00007fe5400f32a0 ConcurrentGCThread "G1 Refine#0" [stack: 0x00007fe54401c000,0x00007fe54411c000] [id=10325]
  0x00007fe508000ea0 ConcurrentGCThread "G1 Refine#1" [stack: 0x00007fe4fa6e6000,0x00007fe4fa7e6000] [id=10360]
  0x00007fe5400f4190 ConcurrentGCThread "G1 Service" [stack: 0x00007fe53ff00000,0x00007fe540000000] [id=10326]

Threads with active compile tasks:
C2 CompilerThread0     6759 4866       4       org.antlr.v4.runtime.atn.ParserATNSimulator::closureCheckingStopState (244 bytes)
C1 CompilerThread0     6759 5058       3       org.springframework.core.annotation.AnnotationUtils::findAnnotation (70 bytes)
C2 CompilerThread1     6759 4876       4       org.antlr.v4.runtime.atn.ParserATNSimulator::closure_ (311 bytes)

VM state: not at safepoint (normal execution)

VM Mutex/Monitor currently owned by a thread: None

Heap address: 0x00000006e8000000, size: 4480 MB, Compressed Oops mode: Zero based, Oop shift amount: 3

CDS archive(s) mapped at: [0x0000000800000000-0x0000000800be2000-0x0000000800be2000), size 12460032, SharedBaseAddress: 0x0000000800000000, ArchiveRelocationMode: 0.
Compressed class space mapped at: 0x0000000801000000-0x0000000841000000, reserved size: 1073741824
Narrow klass base: 0x0000000800000000, Narrow klass shift: 0, Narrow klass range: 0x100000000

GC Precious Log:
 CPUs: 4 total, 4 available
 Memory: 17919M
 Large Page Support: Disabled
 NUMA Support: Disabled
 Compressed Oops: Enabled (Zero based)
 Heap Region Size: 4M
 Heap Min Capacity: 8M
 Heap Initial Capacity: 280M
 Heap Max Capacity: 4480M
 Pre-touch: Disabled
 Parallel Workers: 4
 Concurrent Workers: 1
 Concurrent Refinement Workers: 4
 Periodic GC: Disabled

Heap:
 garbage-first heap   total 110592K, used 40319K [0x00000006e8000000, 0x0000000800000000)
  region size 4096K, 5 young (20480K), 1 survivors (4096K)
 Metaspace       used 59278K, committed 59712K, reserved 1114112K
  class space    used 8573K, committed 8768K, reserved 1048576K

Heap Regions: E=young(eden), S=young(survivor), O=old, HS=humongous(starts), HC=humongous(continues), CS=collection set, F=free, OA=open archive, CA=closed archive, TAMS=top-at-mark-start (previous, next)
|   0|0x00000006e8000000, 0x00000006e8400000, 0x00000006e8400000|100%| O|  |TAMS 0x00000006e8400000, 0x00000006e8000000| Untracked 
|   1|0x00000006e8400000, 0x00000006e8800000, 0x00000006e8800000|100%| O|  |TAMS 0x00000006e8800000, 0x00000006e8400000| Untracked 
|   2|0x00000006e8800000, 0x00000006e8c00000, 0x00000006e8c00000|100%| O|  |TAMS 0x00000006e8c00000, 0x00000006e8800000| Untracked 
|   3|0x00000006e8c00000, 0x00000006e9000000, 0x00000006e9000000|100%| O|  |TAMS 0x00000006e9000000, 0x00000006e8c00000| Untracked 
|   4|0x00000006e9000000, 0x00000006e9000000, 0x00000006e9400000|  0%| F|  |TAMS 0x00000006e9000000, 0x00000006e9000000| Untracked 
|   5|0x00000006e9400000, 0x00000006e978b000, 0x00000006e9800000| 88%| O|  |TAMS 0x00000006e978b000, 0x00000006e9400000| Untracked 
|   6|0x00000006e9800000, 0x00000006e9800000, 0x00000006e9c00000|  0%| F|  |TAMS 0x00000006e9800000, 0x00000006e9800000| Untracked 
|   7|0x00000006e9c00000, 0x00000006e9c00000, 0x00000006ea000000|  0%| F|  |TAMS 0x00000006e9c00000, 0x00000006e9c00000| Untracked 
|   8|0x00000006ea000000, 0x00000006ea000000, 0x00000006ea400000|  0%| F|  |TAMS 0x00000006ea000000, 0x00000006ea000000| Untracked 
|   9|0x00000006ea400000, 0x00000006ea400000, 0x00000006ea800000|  0%| F|  |TAMS 0x00000006ea400000, 0x00000006ea400000| Untracked 
|  10|0x00000006ea800000, 0x00000006ea800000, 0x00000006eac00000|  0%| F|  |TAMS 0x00000006ea800000, 0x00000006ea800000| Untracked 
|  11|0x00000006eac00000, 0x00000006eafdced8, 0x00000006eb000000| 96%| S|CS|TAMS 0x00000006eac00000, 0x00000006eac00000| Complete 
|  12|0x00000006eb000000, 0x00000006eb000000, 0x00000006eb400000|  0%| F|  |TAMS 0x00000006eb000000, 0x00000006eb000000| Untracked 
|  13|0x00000006eb400000, 0x00000006eb400000, 0x00000006eb800000|  0%| F|  |TAMS 0x00000006eb400000, 0x00000006eb400000| Untracked 
|  14|0x00000006eb800000, 0x00000006eb800000, 0x00000006ebc00000|  0%| F|  |TAMS 0x00000006eb800000, 0x00000006eb800000| Untracked 
|  15|0x00000006ebc00000, 0x00000006ebc00000, 0x00000006ec000000|  0%| F|  |TAMS 0x00000006ebc00000, 0x00000006ebc00000| Untracked 
|  16|0x00000006ec000000, 0x00000006ec000000, 0x00000006ec400000|  0%| F|  |TAMS 0x00000006ec000000, 0x00000006ec000000| Untracked 
|  17|0x00000006ec400000, 0x00000006ec400000, 0x00000006ec800000|  0%| F|  |TAMS 0x00000006ec400000, 0x00000006ec400000| Untracked 
|  18|0x00000006ec800000, 0x00000006ec800000, 0x00000006ecc00000|  0%| F|  |TAMS 0x00000006ec800000, 0x00000006ec800000| Untracked 
|  19|0x00000006ecc00000, 0x00000006ecc00000, 0x00000006ed000000|  0%| F|  |TAMS 0x00000006ecc00000, 0x00000006ecc00000| Untracked 
|  20|0x00000006ed000000, 0x00000006ed000000, 0x00000006ed400000|  0%| F|  |TAMS 0x00000006ed000000, 0x00000006ed000000| Untracked 
|  21|0x00000006ed400000, 0x00000006ed4ede18, 0x00000006ed800000| 23%| E|  |TAMS 0x00000006ed400000, 0x00000006ed400000| Complete 
|  22|0x00000006ed800000, 0x00000006edc00000, 0x00000006edc00000|100%| E|CS|TAMS 0x00000006ed800000, 0x00000006ed800000| Complete 
|  23|0x00000006edc00000, 0x00000006ee000000, 0x00000006ee000000|100%| E|CS|TAMS 0x00000006edc00000, 0x00000006edc00000| Complete 
|  69|0x00000006f9400000, 0x00000006f9800000, 0x00000006f9800000|100%| E|CS|TAMS 0x00000006f9400000, 0x00000006f9400000| Complete 
|1118|0x00000007ff800000, 0x00000007ffb76000, 0x00000007ffc00000| 86%|OA|  |TAMS 0x00000007ffb76000, 0x00000007ff800000| Untracked 
|1119|0x00000007ffc00000, 0x00000007ffc82000, 0x0000000800000000| 12%|CA|  |TAMS 0x00000007ffc82000, 0x00000007ffc00000| Untracked 

Card table byte_map: [0x00007fe528280000,0x00007fe528b40000] _byte_map_base: 0x00007fe524b40000

Marking Bits (Prev, Next): (CMBitMap*) 0x00007fe540085370, (CMBitMap*) 0x00007fe540085330
 Prev Bits: [0x00007fe51edc0000, 0x00007fe5233c0000)
 Next Bits: [0x00007fe5233c0000, 0x00007fe5279c0000)

Polling page: 0x00007fe5469a6000

Metaspace:

Usage:
  Non-class:     49.52 MB used.
      Class:      8.37 MB used.
       Both:     57.89 MB used.

Virtual space:
  Non-class space:       64.00 MB reserved,      49.75 MB ( 78%) committed,  1 nodes.
      Class space:        1.00 GB reserved,       8.56 MB ( <1%) committed,  1 nodes.
             Both:        1.06 GB reserved,      58.31 MB (  5%) committed. 

Chunk freelists:
   Non-Class:  14.26 MB
       Class:  7.41 MB
        Both:  21.68 MB

MaxMetaspaceSize: unlimited
CompressedClassSpaceSize: 1.00 GB
Initial GC threshold: 21.00 MB
Current GC threshold: 96.38 MB
CDS: on
MetaspaceReclaimPolicy: balanced
 - commit_granule_bytes: 65536.
 - commit_granule_words: 8192.
 - virtual_space_node_default_size: 8388608.
 - enlarge_chunks_in_place: 1.
 - new_chunks_are_fully_committed: 0.
 - uncommit_free_chunks: 1.
 - use_allocation_guard: 0.
 - handle_deallocations: 1.


Internal statistics:

num_allocs_failed_limit: 13.
num_arena_births: 548.
num_arena_deaths: 0.
num_vsnodes_births: 2.
num_vsnodes_deaths: 0.
num_space_committed: 933.
num_space_uncommitted: 0.
num_chunks_returned_to_freelist: 13.
num_chunks_taken_from_freelist: 2700.
num_chunk_merges: 13.
num_chunk_splits: 2003.
num_chunks_enlarged: 1608.
num_inconsistent_stats: 0.

CodeHeap 'non-profiled nmethods': size=120032Kb used=2656Kb max_used=2656Kb free=117375Kb
 bounds [0x00007fe530ec8000, 0x00007fe531168000, 0x00007fe538400000]
CodeHeap 'profiled nmethods': size=120028Kb used=10043Kb max_used=10043Kb free=109984Kb
 bounds [0x00007fe529400000, 0x00007fe529dd0000, 0x00007fe530937000]
CodeHeap 'non-nmethods': size=5700Kb used=1294Kb max_used=1348Kb free=4405Kb
 bounds [0x00007fe530937000, 0x00007fe530ba7000, 0x00007fe530ec8000]
 total_blobs=5647 nmethods=5025 adapters=534
 compilation: enabled
              stopped_count=0, restarted_count=0
 full_count=0

Compilation events (20 events):
Event: 6.732 Thread 0x00007fe54012c0d0 nmethod 5045 0x00007fe529dc8610 code [0x00007fe529dc8860, 0x00007fe529dc92c0]
Event: 6.734 Thread 0x00007fe54012c0d0 5048       2       org.springframework.data.repository.core.RepositoryInformationSupport$$Lambda$1319/0x00000008017a3748::test (12 bytes)
Event: 6.734 Thread 0x00007fe54012c0d0 nmethod 5048 0x00007fe529dc9690 code [0x00007fe529dc9840, 0x00007fe529dc99c0]
Event: 6.734 Thread 0x00007fe54012c0d0 5049       2       org.springframework.data.repository.core.RepositoryInformationSupport::lambda$isQueryMethod$0 (6 bytes)
Event: 6.734 Thread 0x00007fe54012c0d0 nmethod 5049 0x00007fe529dc9a90 code [0x00007fe529dc9c40, 0x00007fe529dc9d40]
Event: 6.739 Thread 0x00007fe54012c0d0 5051       3       org.springframework.data.repository.core.support.MethodLookup$$Lambda$1289/0x0000000801797c68::getLookups (14 bytes)
Event: 6.739 Thread 0x00007fe54012c0d0 nmethod 5051 0x00007fe529dc9e10 code [0x00007fe529dc9fc0, 0x00007fe529dca200]
Event: 6.740 Thread 0x00007fe54012c0d0 5052       3       org.springframework.data.repository.core.support.MethodLookup::lambda$and$0 (37 bytes)
Event: 6.740 Thread 0x00007fe54012c0d0 nmethod 5052 0x00007fe529dca310 code [0x00007fe529dca520, 0x00007fe529dcaba0]
Event: 6.740 Thread 0x00007fe54012c0d0 5053       3       org.springframework.data.repository.core.support.MethodLookups$$Lambda$1288/0x00000008017977e8::getLookups (8 bytes)
Event: 6.740 Thread 0x00007fe54012c0d0 nmethod 5053 0x00007fe529dcad90 code [0x00007fe529dcaf60, 0x00007fe529dcb370]
Event: 6.740 Thread 0x00007fe54012c0d0 5054       2       java.util.stream.ReferencePipeline::anyMatch (18 bytes)
Event: 6.741 Thread 0x00007fe54012c0d0 nmethod 5054 0x00007fe529dcb510 code [0x00007fe529dcb6c0, 0x00007fe529dcb850]
Event: 6.741 Thread 0x00007fe54012c0d0 5055       3       org.springframework.data.repository.core.RepositoryInformationSupport::getRepositoryInterface (10 bytes)
Event: 6.741 Thread 0x00007fe54012c0d0 nmethod 5055 0x00007fe529dcb990 code [0x00007fe529dcbb60, 0x00007fe529dcbf70]
Event: 6.741 Thread 0x00007fe54012c0d0 5056       3       org.springframework.data.repository.core.support.MethodLookups$RepositoryAwareMethodLookup::getLookups (12 bytes)
Event: 6.741 Thread 0x00007fe54012c0d0 nmethod 5056 0x00007fe529dcc090 code [0x00007fe529dcc2c0, 0x00007fe529dcca80]
Event: 6.744 Thread 0x00007fe54012c0d0 5057       3       org.springframework.data.repository.core.RepositoryInformationSupport::isQueryMethodCandidate (54 bytes)
Event: 6.745 Thread 0x00007fe54012c0d0 nmethod 5057 0x00007fe529dccd90 code [0x00007fe529dcd0e0, 0x00007fe529dce7e0]
Event: 6.746 Thread 0x00007fe54012c0d0 5058       3       org.springframework.core.annotation.AnnotationUtils::findAnnotation (70 bytes)

GC Heap History (20 events):
Event: 1.021 GC heap before
{Heap before GC invocations=1 (full 0):
 garbage-first heap   total 294912K, used 17630K [0x00000006e8000000, 0x0000000800000000)
  region size 4096K, 3 young (12288K), 1 survivors (4096K)
 Metaspace       used 4578K, committed 4800K, reserved 1114112K
  class space    used 586K, committed 704K, reserved 1048576K
}
Event: 1.025 GC heap after
{Heap after GC invocations=2 (full 0):
 garbage-first heap   total 294912K, used 9910K [0x00000006e8000000, 0x0000000800000000)
  region size 4096K, 1 young (4096K), 1 survivors (4096K)
 Metaspace       used 4578K, committed 4800K, reserved 1114112K
  class space    used 586K, committed 704K, reserved 1048576K
}
Event: 1.570 GC heap before
{Heap before GC invocations=2 (full 0):
 garbage-first heap   total 294912K, used 26294K [0x00000006e8000000, 0x0000000800000000)
  region size 4096K, 5 young (20480K), 1 survivors (4096K)
 Metaspace       used 8705K, committed 8896K, reserved 1114112K
  class space    used 1082K, committed 1152K, reserved 1048576K
}
Event: 1.582 GC heap after
{Heap after GC invocations=3 (full 0):
 garbage-first heap   total 294912K, used 11459K [0x00000006e8000000, 0x0000000800000000)
  region size 4096K, 1 young (4096K), 1 survivors (4096K)
 Metaspace       used 8705K, committed 8896K, reserved 1114112K
  class space    used 1082K, committed 1152K, reserved 1048576K
}
Event: 2.704 GC heap before
{Heap before GC invocations=3 (full 0):
 garbage-first heap   total 294912K, used 64707K [0x00000006e8000000, 0x0000000800000000)
  region size 4096K, 14 young (57344K), 1 survivors (4096K)
 Metaspace       used 19667K, committed 19840K, reserved 1114112K
  class space    used 2606K, committed 2688K, reserved 1048576K
}
Event: 2.724 GC heap after
{Heap after GC invocations=4 (full 0):
 garbage-first heap   total 294912K, used 15678K [0x00000006e8000000, 0x0000000800000000)
  region size 4096K, 2 young (8192K), 2 survivors (8192K)
 Metaspace       used 19667K, committed 19840K, reserved 1114112K
  class space    used 2606K, committed 2688K, reserved 1048576K
}
Event: 2.864 GC heap before
{Heap before GC invocations=4 (full 0):
 garbage-first heap   total 294912K, used 23870K [0x00000006e8000000, 0x0000000800000000)
  region size 4096K, 5 young (20480K), 2 survivors (8192K)
 Metaspace       used 21349K, committed 21504K, reserved 1114112K
  class space    used 2803K, committed 2880K, reserved 1048576K
}
Event: 2.875 GC heap after
{Heap after GC invocations=5 (full 0):
 garbage-first heap   total 294912K, used 16619K [0x00000006e8000000, 0x0000000800000000)
  region size 4096K, 2 young (8192K), 2 survivors (8192K)
 Metaspace       used 21349K, committed 21504K, reserved 1114112K
  class space    used 2803K, committed 2880K, reserved 1048576K
}
Event: 4.036 GC heap before
{Heap before GC invocations=6 (full 0):
 garbage-first heap   total 98304K, used 65771K [0x00000006e8000000, 0x0000000800000000)
  region size 4096K, 14 young (57344K), 2 survivors (8192K)
 Metaspace       used 28192K, committed 28544K, reserved 1114112K
  class space    used 3809K, committed 4032K, reserved 1048576K
}
Event: 4.060 GC heap after
{Heap after GC invocations=7 (full 0):
 garbage-first heap   total 98304K, used 20045K [0x00000006e8000000, 0x0000000800000000)
  region size 4096K, 2 young (8192K), 2 survivors (8192K)
 Metaspace       used 28192K, committed 28544K, reserved 1114112K
  class space    used 3809K, committed 4032K, reserved 1048576K
}
Event: 4.175 GC heap before
{Heap before GC invocations=7 (full 0):
 garbage-first heap   total 98304K, used 24141K [0x00000006e8000000, 0x0000000800000000)
  region size 4096K, 3 young (12288K), 2 survivors (8192K)
 Metaspace       used 28587K, committed 28992K, reserved 1114112K
  class space    used 3867K, committed 4096K, reserved 1048576K
}
Event: 4.187 GC heap after
{Heap after GC invocations=8 (full 0):
 garbage-first heap   total 118784K, used 20398K [0x00000006e8000000, 0x0000000800000000)
  region size 4096K, 1 young (4096K), 1 survivors (4096K)
 Metaspace       used 28587K, committed 28992K, reserved 1114112K
  class space    used 3867K, committed 4096K, reserved 1048576K
}
Event: 4.741 GC heap before
{Heap before GC invocations=8 (full 0):
 garbage-first heap   total 118784K, used 44974K [0x00000006e8000000, 0x0000000800000000)
  region size 4096K, 8 young (32768K), 1 survivors (4096K)
 Metaspace       used 35995K, committed 36288K, reserved 1114112K
  class space    used 4829K, committed 4992K, reserved 1048576K
}
Event: 4.747 GC heap after
{Heap after GC invocations=9 (full 0):
 garbage-first heap   total 118784K, used 22442K [0x00000006e8000000, 0x0000000800000000)
  region size 4096K, 1 young (4096K), 1 survivors (4096K)
 Metaspace       used 35995K, committed 36288K, reserved 1114112K
  class space    used 4829K, committed 4992K, reserved 1048576K
}
Event: 5.807 GC heap before
{Heap before GC invocations=10 (full 0):
 garbage-first heap   total 110592K, used 79786K [0x00000006e8000000, 0x0000000800000000)
  region size 4096K, 15 young (61440K), 1 survivors (4096K)
 Metaspace       used 49778K, committed 50240K, reserved 1114112K
  class space    used 7024K, committed 7232K, reserved 1048576K
}
Event: 5.815 GC heap after
{Heap after GC invocations=11 (full 0):
 garbage-first heap   total 110592K, used 24814K [0x00000006e8000000, 0x0000000800000000)
  region size 4096K, 2 young (8192K), 2 survivors (8192K)
 Metaspace       used 49778K, committed 50240K, reserved 1114112K
  class space    used 7024K, committed 7232K, reserved 1048576K
}
Event: 5.876 GC heap before
{Heap before GC invocations=11 (full 0):
 garbage-first heap   total 110592K, used 24814K [0x00000006e8000000, 0x0000000800000000)
  region size 4096K, 3 young (12288K), 2 survivors (8192K)
 Metaspace       used 50834K, committed 51264K, reserved 1114112K
  class space    used 7177K, committed 7360K, reserved 1048576K
}
Event: 5.887 GC heap after
{Heap after GC invocations=12 (full 0):
 garbage-first heap   total 110592K, used 24943K [0x00000006e8000000, 0x0000000800000000)
  region size 4096K, 1 young (4096K), 1 survivors (4096K)
 Metaspace       used 50834K, committed 51264K, reserved 1114112K
  class space    used 7177K, committed 7360K, reserved 1048576K
}
Event: 6.589 GC heap before
{Heap before GC invocations=12 (full 0):
 garbage-first heap   total 110592K, used 69999K [0x00000006e8000000, 0x0000000800000000)
  region size 4096K, 13 young (53248K), 1 survivors (4096K)
 Metaspace       used 58161K, committed 58560K, reserved 1114112K
  class space    used 8348K, committed 8512K, reserved 1048576K
}
Event: 6.596 GC heap after
{Heap after GC invocations=13 (full 0):
 garbage-first heap   total 110592K, used 28031K [0x00000006e8000000, 0x0000000800000000)
  region size 4096K, 1 young (4096K), 1 survivors (4096K)
 Metaspace       used 58161K, committed 58560K, reserved 1114112K
  class space    used 8348K, committed 8512K, reserved 1048576K
}

Dll operation events (10 events):
Event: 0.002 Loaded shared library /usr/lib/jvm/java-17-openjdk-amd64/lib/libjava.so
Event: 0.021 Loaded shared library /usr/lib/jvm/java-17-openjdk-amd64/lib/libjsvml.so
Event: 0.161 Loaded shared library /usr/lib/jvm/java-17-openjdk-amd64/lib/libzip.so
Event: 0.164 Loaded shared library /usr/lib/jvm/java-17-openjdk-amd64/lib/libinstrument.so
Event: 0.172 Loaded shared library /usr/lib/jvm/java-17-openjdk-amd64/lib/libnio.so
Event: 0.181 Loaded shared library /usr/lib/jvm/java-17-openjdk-amd64/lib/libzip.so
Event: 0.192 Loaded shared library /usr/lib/jvm/java-17-openjdk-amd64/lib/libnet.so
Event: 0.202 Loaded shared library /usr/lib/jvm/java-17-openjdk-amd64/lib/libextnet.so
Event: 0.444 Loaded shared library /usr/lib/jvm/java-17-openjdk-amd64/lib/libjimage.so
Event: 4.737 Loaded shared library /usr/lib/jvm/java-17-openjdk-amd64/lib/libverify.so

Deoptimization events (20 events):
Event: 6.111 Thread 0x00007fe540017dd0 Uncommon trap: trap_request=0xffffffde fr.pc=0x00007fe531124f54 relative=0x00000000000009f4
Event: 6.111 Thread 0x00007fe540017dd0 Uncommon trap: reason=class_check action=maybe_recompile pc=0x00007fe531124f54 method=org.springframework.util.ConcurrentReferenceHashMap$Segment.findInChain(Lorg/springframework/util/ConcurrentReferenceHashMap$Reference;Ljava/lang/Object;I)Lorg/springfra
Event: 6.111 Thread 0x00007fe540017dd0 DEOPT PACKING pc=0x00007fe531124f54 sp=0x00007fe5451f91b0
Event: 6.111 Thread 0x00007fe540017dd0 DEOPT UNPACKING pc=0x00007fe53098d699 sp=0x00007fe5451f90f8 mode 2
Event: 6.113 Thread 0x00007fe540017dd0 Uncommon trap: trap_request=0xffffffde fr.pc=0x00007fe531111aa4 relative=0x00000000000004e4
Event: 6.113 Thread 0x00007fe540017dd0 Uncommon trap: reason=class_check action=maybe_recompile pc=0x00007fe531111aa4 method=org.springframework.util.ConcurrentReferenceHashMap$Segment.findInChain(Lorg/springframework/util/ConcurrentReferenceHashMap$Reference;Ljava/lang/Object;I)Lorg/springfra
Event: 6.113 Thread 0x00007fe540017dd0 DEOPT PACKING pc=0x00007fe531111aa4 sp=0x00007fe5451f9130
Event: 6.113 Thread 0x00007fe540017dd0 DEOPT UNPACKING pc=0x00007fe53098d699 sp=0x00007fe5451f90f8 mode 2
Event: 6.393 Thread 0x00007fe540017dd0 Uncommon trap: trap_request=0xffffff45 fr.pc=0x00007fe5310e8264 relative=0x0000000000000484
Event: 6.393 Thread 0x00007fe540017dd0 Uncommon trap: reason=unstable_if action=reinterpret pc=0x00007fe5310e8264 method=java.util.HashMap.getNode(Ljava/lang/Object;)Ljava/util/HashMap$Node; @ 66 c2
Event: 6.393 Thread 0x00007fe540017dd0 DEOPT PACKING pc=0x00007fe5310e8264 sp=0x00007fe5451f3920
Event: 6.393 Thread 0x00007fe540017dd0 DEOPT UNPACKING pc=0x00007fe53098d699 sp=0x00007fe5451f3860 mode 2
Event: 6.393 Thread 0x00007fe540017dd0 Uncommon trap: trap_request=0xffffff45 fr.pc=0x00007fe5310b5274 relative=0x0000000000000434
Event: 6.393 Thread 0x00007fe540017dd0 Uncommon trap: reason=unstable_if action=reinterpret pc=0x00007fe5310b5274 method=java.util.HashMap.getNode(Ljava/lang/Object;)Ljava/util/HashMap$Node; @ 131 c2
Event: 6.393 Thread 0x00007fe540017dd0 DEOPT PACKING pc=0x00007fe5310b5274 sp=0x00007fe5451f3550
Event: 6.393 Thread 0x00007fe540017dd0 DEOPT UNPACKING pc=0x00007fe53098d699 sp=0x00007fe5451f3500 mode 2
Event: 6.462 Thread 0x00007fe540017dd0 DEOPT PACKING pc=0x00007fe529d2bf79 sp=0x00007fe5451f7be0
Event: 6.462 Thread 0x00007fe540017dd0 DEOPT UNPACKING pc=0x00007fe53098de2f sp=0x00007fe5451f7118 mode 0
Event: 6.463 Thread 0x00007fe540017dd0 DEOPT PACKING pc=0x00007fe529d2bf79 sp=0x00007fe5451f7be0
Event: 6.463 Thread 0x00007fe540017dd0 DEOPT UNPACKING pc=0x00007fe53098de2f sp=0x00007fe5451f7118 mode 0

Classes unloaded (0 events):
No events

Classes redefined (0 events):
No events

Internal exceptions (20 events):
Event: 5.805 Thread 0x00007fe540017dd0 Exception <a 'java/lang/IncompatibleClassChangeError'{0x00000006eabd6c88}: Found class java.lang.Object, but interface was expected> (0x00000006eabd6c88) 
thrown [./src/hotspot/share/interpreter/linkResolver.cpp, line 826]
Event: 5.835 Thread 0x00007fe540017dd0 Exception <a 'java/lang/NoSuchMethodError'{0x00000006f9537930}: 'java.lang.Object java.lang.invoke.DirectMethodHandle$Holder.newInvokeSpecial(java.lang.Object, java.lang.Object, java.lang.Object, java.lang.Object, java.lang.Object, int)'> (0x00000006f9537930) 
thrown [./src/hotspot/share/interpreter/linkResolver.cpp, line 758]
Event: 5.836 Thread 0x00007fe540017dd0 Exception <a 'java/lang/NoSuchMethodError'{0x00000006f953c1e8}: 'java.lang.Object java.lang.invoke.Invokers$Holder.linkToTargetMethod(java.lang.Object, java.lang.Object, java.lang.Object, java.lang.Object, int, java.lang.Object)'> (0x00000006f953c1e8) 
thrown [./src/hotspot/share/interpreter/linkResolver.cpp, line 758]
Event: 5.840 Thread 0x00007fe540017dd0 Exception <a 'java/lang/NoSuchMethodError'{0x00000006f9581728}: 'java.lang.Object java.lang.invoke.DirectMethodHandle$Holder.newInvokeSpecial(java.lang.Object, java.lang.Object, java.lang.Object, java.lang.Object, java.lang.Object, java.lang.Object, java.lang.Object, java.lang.Object, java.lang.Object, java.lang.Object, java.lang.Object)'> (0x00000006f9581728) 
thrown [./src/hotspot/share/interpreter/linkResolver.cpp, line 758]
Event: 5.840 Thread 0x00007fe540017dd0 Exception <a 'java/lang/NoSuchMethodError'{0x00000006f9587150}: 'java.lang.Object java.lang.invoke.DirectMethodHandle$Holder.invokeSpecial(java.lang.Object, java.lang.Object, java.lang.Object, java.lang.Object, java.lang.Object, java.lang.Object, java.lang.Object, java.lang.Object, java.lang.Object, java.lang.Object, java.lang.Object, java.lang.Object)'> (0x00000006f9587150) 
thrown [./src/hotspot/share/interpreter/linkResolver.cpp, line 758]
Event: 5.840 Thread 0x00007fe540017dd0 Exception <a 'java/lang/NoSuchMethodError'{0x00000006f958bee8}: 'java.lang.Object java.lang.invoke.Invokers$Holder.linkToTargetMethod(java.lang.Object, java.lang.Object, java.lang.Object, java.lang.Object, java.lang.Object, java.lang.Object, java.lang.Object, java.lang.Object, java.lang.Object, java.lang.Object, java.lang.Object)'> (0x00000006f958bee8) 
thrown [./src/hotspot/share/interpreter/linkResolver.cpp, line 758]
Event: 5.869 Thread 0x00007fe540017dd0 Exception <a 'java/lang/NoSuchMethodError'{0x00000006f9767bd0}: 'java.lang.Object java.lang.invoke.DirectMethodHandle$Holder.newInvokeSpecial(java.lang.Object, java.lang.Object, java.lang.Object, java.lang.Object, java.lang.Object, java.lang.Object, java.lang.Object, int)'> (0x00000006f9767bd0) 
thrown [./src/hotspot/share/interpreter/linkResolver.cpp, line 758]
Event: 5.870 Thread 0x00007fe540017dd0 Exception <a 'java/lang/NoSuchMethodError'{0x00000006f976d3c0}: 'java.lang.Object java.lang.invoke.DirectMethodHandle$Holder.invokeSpecial(java.lang.Object, java.lang.Object, java.lang.Object, java.lang.Object, java.lang.Object, java.lang.Object, java.lang.Object, java.lang.Object, int)'> (0x00000006f976d3c0) 
thrown [./src/hotspot/share/interpreter/linkResolver.cpp, line 758]
Event: 5.983 Thread 0x00007fe540017dd0 Exception <a 'java/lang/IncompatibleClassChangeError'{0x00000006edab9030}: Found class java.lang.Object, but interface was expected> (0x00000006edab9030) 
thrown [./src/hotspot/share/interpreter/linkResolver.cpp, line 826]
Event: 5.992 Thread 0x00007fe540017dd0 Exception <a 'java/lang/IncompatibleClassChangeError'{0x00000006edb32350}: Found class java.lang.Object, but interface was expected> (0x00000006edb32350) 
thrown [./src/hotspot/share/interpreter/linkResolver.cpp, line 826]
Event: 6.018 Thread 0x00007fe540017dd0 Exception <a 'java/lang/IncompatibleClassChangeError'{0x00000006ed4b37f0}: Found class java.lang.Object, but interface was expected> (0x00000006ed4b37f0) 
thrown [./src/hotspot/share/interpreter/linkResolver.cpp, line 826]
Event: 6.149 Thread 0x00007fe540017dd0 Exception <a 'java/lang/IncompatibleClassChangeError'{0x00000006ed37e1e0}: Found class java.lang.Object, but interface was expected> (0x00000006ed37e1e0) 
thrown [./src/hotspot/share/interpreter/linkResolver.cpp, line 826]
Event: 6.444 Thread 0x00007fe540017dd0 Exception <a 'java/lang/reflect/InvocationTargetException'{0x00000006ebf678a8}> (0x00000006ebf678a8) 
thrown [./src/hotspot/share/runtime/reflection.cpp, line 1119]
Event: 6.587 Thread 0x00007fe540017dd0 Exception <a 'java/lang/NoSuchMethodError'{0x00000006eb3d9f58}: 'int java.lang.invoke.DirectMethodHandle$Holder.invokeStatic(java.lang.Object)'> (0x00000006eb3d9f58) 
thrown [./src/hotspot/share/interpreter/linkResolver.cpp, line 758]
Event: 6.657 Thread 0x00007fe540017dd0 Exception <a 'java/lang/reflect/InvocationTargetException'{0x00000006f96c9640}> (0x00000006f96c9640) 
thrown [./src/hotspot/share/runtime/reflection.cpp, line 1119]
Event: 6.667 Thread 0x00007fe540017dd0 Exception <a 'java/lang/NoSuchMethodError'{0x00000006f9714eb0}: 'int java.lang.invoke.DirectMethodHandle$Holder.invokeStatic(java.lang.Object, java.lang.Object, int)'> (0x00000006f9714eb0) 
thrown [./src/hotspot/share/interpreter/linkResolver.cpp, line 758]
Event: 6.672 Thread 0x00007fe540017dd0 Exception <a 'java/lang/NoSuchMethodError'{0x00000006f974e420}: 'java.lang.Object java.lang.invoke.Invokers$Holder.invoke_MT(java.lang.Object, java.lang.Object, java.lang.Object, java.lang.Object, java.lang.Object, java.lang.Object, java.lang.Object, java.lang.Object, java.lang.Object)'> (0x00000006f974e420) 
thrown [./src/hotspot/share/interpreter/linkResolver.cpp, line 758]
Event: 6.677 Thread 0x00007fe540017dd0 Exception <a 'java/lang/IncompatibleClassChangeError'{0x00000006f9777ab8}: Found class java.lang.Object, but interface was expected> (0x00000006f9777ab8) 
thrown [./src/hotspot/share/interpreter/linkResolver.cpp, line 826]
Event: 6.689 Thread 0x00007fe540017dd0 Exception <a 'java/lang/reflect/InvocationTargetException'{0x00000006edc21ad0}> (0x00000006edc21ad0) 
thrown [./src/hotspot/share/runtime/reflection.cpp, line 1119]
Event: 6.692 Thread 0x00007fe540017dd0 Exception <a 'java/lang/reflect/InvocationTargetException'{0x00000006edc2e4c8}> (0x00000006edc2e4c8) 
thrown [./src/hotspot/share/runtime/reflection.cpp, line 1119]

VM Operations (20 events):
Event: 6.102 Executing VM operation: HandshakeAllThreads
Event: 6.102 Executing VM operation: HandshakeAllThreads done
Event: 6.212 Executing VM operation: HandshakeAllThreads
Event: 6.212 Executing VM operation: HandshakeAllThreads done
Event: 6.235 Executing VM operation: ICBufferFull
Event: 6.235 Executing VM operation: ICBufferFull done
Event: 6.275 Executing VM operation: HandshakeAllThreads
Event: 6.275 Executing VM operation: HandshakeAllThreads done
Event: 6.400 Executing VM operation: HandshakeAllThreads
Event: 6.400 Executing VM operation: HandshakeAllThreads done
Event: 6.531 Executing VM operation: ICBufferFull
Event: 6.531 Executing VM operation: ICBufferFull done
Event: 6.589 Executing VM operation: G1CollectForAllocation
Event: 6.596 Executing VM operation: G1CollectForAllocation done
Event: 6.630 Executing VM operation: HandshakeAllThreads
Event: 6.630 Executing VM operation: HandshakeAllThreads done
Event: 6.635 Executing VM operation: G1Concurrent
Event: 6.641 Executing VM operation: G1Concurrent done
Event: 6.641 Executing VM operation: G1Concurrent
Event: 6.641 Executing VM operation: G1Concurrent done

Events (20 events):
Event: 6.224 loading class java/util/stream/ReduceOps$5
Event: 6.224 loading class java/util/stream/ReduceOps$5 done
Event: 6.224 loading class java/util/stream/ReduceOps$CountingSink$OfRef
Event: 6.224 loading class java/util/stream/ReduceOps$CountingSink
Event: 6.224 loading class java/util/stream/ReduceOps$CountingSink done
Event: 6.224 loading class java/util/stream/ReduceOps$CountingSink$OfRef done
Event: 6.239 loading class java/util/regex/Pattern$Bound
Event: 6.240 loading class java/util/regex/Pattern$Bound done
Event: 6.240 loading class java/util/regex/Pattern$SliceI
Event: 6.240 loading class java/util/regex/Pattern$SliceI done
Event: 6.241 loading class java/util/regex/Pattern$LookBehindEndNode
Event: 6.241 loading class java/util/regex/Pattern$LookBehindEndNode done
Event: 6.241 loading class java/util/regex/Pattern$NotBehind
Event: 6.241 loading class java/util/regex/Pattern$NotBehind done
Event: 6.242 loading class java/util/regex/Pattern$Behind
Event: 6.242 loading class java/util/regex/Pattern$Behind done
Event: 6.257 loading class java/util/EmptyStackException
Event: 6.257 loading class java/util/EmptyStackException done
Event: 6.262 loading class java/io/InvalidClassException
Event: 6.262 loading class java/io/InvalidClassException done


Dynamic libraries:
6e8000000-6ee000000 rw-p 00000000 00:00 0 
6ee000000-6f9400000 ---p 00000000 00:00 0 
6f9400000-6f9800000 rw-p 00000000 00:00 0 
6f9800000-7ff800000 ---p 00000000 00:00 0 
7ff800000-7ffb00000 rw-p 00000000 00:00 0 
7ffb00000-7ffb76000 rw-p 00c9d000 103:03 3801091                         /usr/lib/jvm/java-17-openjdk-amd64/lib/server/classes.jsa
7ffb76000-7ffc00000 rw-p 00000000 00:00 0 
7ffc00000-7ffc82000 rw-p 00c1b000 103:03 3801091                         /usr/lib/jvm/java-17-openjdk-amd64/lib/server/classes.jsa
7ffc82000-800000000 rw-p 00000000 00:00 0 
800000000-800458000 rw-p 00001000 103:03 3801091                         /usr/lib/jvm/java-17-openjdk-amd64/lib/server/classes.jsa
800458000-800be2000 r--p 00459000 103:03 3801091                         /usr/lib/jvm/java-17-openjdk-amd64/lib/server/classes.jsa
800be2000-801000000 ---p 00000000 00:00 0 
801000000-801040000 rw-p 00000000 00:00 0 
801040000-801080000 rw-p 00000000 00:00 0 
801080000-801100000 rw-p 00000000 00:00 0 
801100000-8013c0000 rw-p 00000000 00:00 0 
8013c0000-8013f0000 rw-p 00000000 00:00 0 
8013f0000-801400000 ---p 00000000 00:00 0 
801400000-8018a0000 rw-p 00000000 00:00 0 
8018a0000-841000000 ---p 00000000 00:00 0 
55882d9f3000-55882d9f4000 r--p 00000000 103:03 3279312                   /usr/lib/jvm/java-17-openjdk-amd64/bin/java
55882d9f4000-55882d9f5000 r-xp 00001000 103:03 3279312                   /usr/lib/jvm/java-17-openjdk-amd64/bin/java
55882d9f5000-55882d9f6000 r--p 00002000 103:03 3279312                   /usr/lib/jvm/java-17-openjdk-amd64/bin/java
55882d9f6000-55882d9f7000 r--p 00002000 103:03 3279312                   /usr/lib/jvm/java-17-openjdk-amd64/bin/java
55882d9f7000-55882d9f8000 rw-p 00003000 103:03 3279312                   /usr/lib/jvm/java-17-openjdk-amd64/bin/java
55882f51f000-55882f568000 rw-p 00000000 00:00 0                          [heap]
7fe4a8000000-7fe4a8021000 rw-p 00000000 00:00 0 
7fe4a8021000-7fe4ac000000 ---p 00000000 00:00 0 
7fe4ac000000-7fe4ac021000 rw-p 00000000 00:00 0 
7fe4ac021000-7fe4b0000000 ---p 00000000 00:00 0 
7fe4b0000000-7fe4b02ab000 rw-p 00000000 00:00 0 
7fe4b02ab000-7fe4b4000000 ---p 00000000 00:00 0 
7fe4b4000000-7fe4b4021000 rw-p 00000000 00:00 0 
7fe4b4021000-7fe4b8000000 ---p 00000000 00:00 0 
7fe4b8000000-7fe4b8021000 rw-p 00000000 00:00 0 
7fe4b8021000-7fe4bc000000 ---p 00000000 00:00 0 
7fe4bc000000-7fe4bc02d000 rw-p 00000000 00:00 0 
7fe4bc02d000-7fe4c0000000 ---p 00000000 00:00 0 
7fe4c0000000-7fe4c0032000 rw-p 00000000 00:00 0 
7fe4c0032000-7fe4c4000000 ---p 00000000 00:00 0 
7fe4c4000000-7fe4c4021000 rw-p 00000000 00:00 0 
7fe4c4021000-7fe4c8000000 ---p 00000000 00:00 0 
7fe4c8000000-7fe4c8021000 rw-p 00000000 00:00 0 
7fe4c8021000-7fe4cc000000 ---p 00000000 00:00 0 
7fe4cc000000-7fe4ce0f8000 rw-p 00000000 00:00 0 
7fe4ce0f8000-7fe4d0000000 ---p 00000000 00:00 0 
7fe4d0000000-7fe4d0021000 rw-p 00000000 00:00 0 
7fe4d0021000-7fe4d4000000 ---p 00000000 00:00 0 
7fe4d4000000-7fe4d4021000 rw-p 00000000 00:00 0 
7fe4d4021000-7fe4d8000000 ---p 00000000 00:00 0 
7fe4d8000000-7fe4d8021000 rw-p 00000000 00:00 0 
7fe4d8021000-7fe4dc000000 ---p 00000000 00:00 0 
7fe4dc000000-7fe4dc021000 rw-p 00000000 00:00 0 
7fe4dc021000-7fe4e0000000 ---p 00000000 00:00 0 
7fe4e0000000-7fe4e1aab000 rw-p 00000000 00:00 0 
7fe4e1aab000-7fe4e4000000 ---p 00000000 00:00 0 
7fe4e4000000-7fe4e4959000 rw-p 00000000 00:00 0 
7fe4e4959000-7fe4e8000000 ---p 00000000 00:00 0 
7fe4e8000000-7fe4e8021000 rw-p 00000000 00:00 0 
7fe4e8021000-7fe4ec000000 ---p 00000000 00:00 0 
7fe4ec000000-7fe4ec021000 rw-p 00000000 00:00 0 
7fe4ec021000-7fe4f0000000 ---p 00000000 00:00 0 
7fe4f0000000-7fe4f0021000 rw-p 00000000 00:00 0 
7fe4f0021000-7fe4f4000000 ---p 00000000 00:00 0 
7fe4f4000000-7fe4f4021000 rw-p 00000000 00:00 0 
7fe4f4021000-7fe4f8000000 ---p 00000000 00:00 0 
7fe4fa6e4000-7fe4fa6e5000 ---p 00000000 00:00 0 
7fe4fa6e5000-7fe4fa7e6000 rw-p 00000000 00:00 0 
7fe4fa8f8000-7fe4fa8fc000 ---p 00000000 00:00 0 
7fe4fa8fc000-7fe4fa9f8000 rw-p 00000000 00:00 0 
7fe4fa9f8000-7fe4fa9fc000 ---p 00000000 00:00 0 
7fe4fa9fc000-7fe4faaf8000 rw-p 00000000 00:00 0 
7fe4faaf8000-7fe4faafc000 ---p 00000000 00:00 0 
7fe4faafc000-7fe4fabf8000 rw-p 00000000 00:00 0 
7fe4fabf8000-7fe4fabfc000 ---p 00000000 00:00 0 
7fe4fabfc000-7fe4facf8000 rw-p 00000000 00:00 0 
7fe4facf8000-7fe4facf9000 ---p 00000000 00:00 0 
7fe4facf9000-7fe4fadfa000 rw-p 00000000 00:00 0 
7fe4fadfa000-7fe4fadfb000 ---p 00000000 00:00 0 
7fe4fadfb000-7fe4faefc000 rw-p 00000000 00:00 0 
7fe4faefc000-7fe4faefd000 ---p 00000000 00:00 0 
7fe4faefd000-7fe4faffe000 rw-p 00000000 00:00 0 
7fe4faffe000-7fe4fb002000 ---p 00000000 00:00 0 
7fe4fb002000-7fe4fb0fe000 rw-p 00000000 00:00 0 
7fe4fb0fe000-7fe4fb0ff000 ---p 00000000 00:00 0 
7fe4fb0ff000-7fe4fb200000 rw-p 00000000 00:00 0 
7fe4fb200000-7fe4fbfe7000 r--p 00000000 103:03 398662                    /usr/lib/locale/locale-archive
7fe4fc000000-7fe4fc021000 rw-p 00000000 00:00 0 
7fe4fc021000-7fe500000000 ---p 00000000 00:00 0 
7fe500000000-7fe500021000 rw-p 00000000 00:00 0 
7fe500021000-7fe504000000 ---p 00000000 00:00 0 
7fe504000000-7fe504400000 rw-p 00000000 00:00 0 
7fe504400000-7fe504b00000 rw-p 00000000 00:00 0 
7fe504b00000-7fe504c00000 rw-p 00000000 00:00 0 
7fe504c00000-7fe505700000 rw-p 00000000 00:00 0 
7fe505700000-7fe505800000 rw-p 00000000 00:00 0 
7fe505800000-7fe505d80000 rw-p 00000000 00:00 0 
7fe505d80000-7fe505e00000 rw-p 00000000 00:00 0 
7fe505e00000-7fe5071c0000 rw-p 00000000 00:00 0 
7fe5071c0000-7fe508000000 ---p 00000000 00:00 0 
7fe508000000-7fe508021000 rw-p 00000000 00:00 0 
7fe508021000-7fe50c000000 ---p 00000000 00:00 0 
7fe50c000000-7fe50c021000 rw-p 00000000 00:00 0 
7fe50c021000-7fe510000000 ---p 00000000 00:00 0 
7fe510000000-7fe510021000 rw-p 00000000 00:00 0 
7fe510021000-7fe514000000 ---p 00000000 00:00 0 
7fe514000000-7fe514021000 rw-p 00000000 00:00 0 
7fe514021000-7fe518000000 ---p 00000000 00:00 0 
7fe518000000-7fe518021000 rw-p 00000000 00:00 0 
7fe518021000-7fe51c000000 ---p 00000000 00:00 0 
7fe51c0ed000-7fe51c0f1000 ---p 00000000 00:00 0 
7fe51c0f1000-7fe51c1ed000 rw-p 00000000 00:00 0 
7fe51c1ed000-7fe51c1f1000 ---p 00000000 00:00 0 
7fe51c1f1000-7fe51c2ed000 rw-p 00000000 00:00 0 
7fe51c2ed000-7fe51c2f1000 ---p 00000000 00:00 0 
7fe51c2f1000-7fe51c3ed000 rw-p 00000000 00:00 0 
7fe51c3ed000-7fe51c3f1000 ---p 00000000 00:00 0 
7fe51c3f1000-7fe51c4ed000 rw-p 00000000 00:00 0 
7fe51c4ed000-7fe51c4f1000 ---p 00000000 00:00 0 
7fe51c4f1000-7fe51c5ed000 rw-p 00000000 00:00 0 
7fe51c5ed000-7fe51c5f1000 ---p 00000000 00:00 0 
7fe51c5f1000-7fe51c6ed000 rw-p 00000000 00:00 0 
7fe51c6ed000-7fe51c6f1000 ---p 00000000 00:00 0 
7fe51c6f1000-7fe51c7ed000 rw-p 00000000 00:00 0 
7fe51c7ed000-7fe51c7f1000 ---p 00000000 00:00 0 
7fe51c7f1000-7fe51c8ed000 rw-p 00000000 00:00 0 
7fe51c8ed000-7fe51c8f1000 ---p 00000000 00:00 0 
7fe51c8f1000-7fe51c9ed000 rw-p 00000000 00:00 0 
7fe51c9ed000-7fe51c9f1000 ---p 00000000 00:00 0 
7fe51c9f1000-7fe51caed000 rw-p 00000000 00:00 0 
7fe51caed000-7fe51caf1000 ---p 00000000 00:00 0 
7fe51caf1000-7fe51cbed000 rw-p 00000000 00:00 0 
7fe51cbed000-7fe51cbee000 ---p 00000000 00:00 0 
7fe51cbee000-7fe51ccef000 rw-p 00000000 00:00 0 
7fe51ccef000-7fe51ccf4000 r--p 00000000 103:03 3408340                   /usr/lib/jvm/java-17-openjdk-amd64/lib/libjsvml.so
7fe51ccf4000-7fe51cd35000 r-xp 00005000 103:03 3408340                   /usr/lib/jvm/java-17-openjdk-amd64/lib/libjsvml.so
7fe51cd35000-7fe51cdbe000 r--p 00046000 103:03 3408340                   /usr/lib/jvm/java-17-openjdk-amd64/lib/libjsvml.so
7fe51cdbe000-7fe51cdbf000 r--p 000ce000 103:03 3408340                   /usr/lib/jvm/java-17-openjdk-amd64/lib/libjsvml.so
7fe51cdbf000-7fe51cdc0000 rw-p 000cf000 103:03 3408340                   /usr/lib/jvm/java-17-openjdk-amd64/lib/libjsvml.so
7fe51cdc0000-7fe51ef40000 rw-p 00000000 00:00 0 
7fe51ef40000-7fe51f210000 ---p 00000000 00:00 0 
7fe51f210000-7fe51f220000 rw-p 00000000 00:00 0 
7fe51f220000-7fe5233a0000 ---p 00000000 00:00 0 
7fe5233a0000-7fe523540000 rw-p 00000000 00:00 0 
7fe523540000-7fe523810000 ---p 00000000 00:00 0 
7fe523810000-7fe523820000 rw-p 00000000 00:00 0 
7fe523820000-7fe5279a0000 ---p 00000000 00:00 0 
7fe5279a0000-7fe5279f0000 rw-p 00000000 00:00 0 
7fe5279f0000-7fe527a4a000 ---p 00000000 00:00 0 
7fe527a4a000-7fe527a4c000 rw-p 00000000 00:00 0 
7fe527a4c000-7fe52827c000 ---p 00000000 00:00 0 
7fe52827c000-7fe5282b0000 rw-p 00000000 00:00 0 
7fe5282b0000-7fe52830a000 ---p 00000000 00:00 0 
7fe52830a000-7fe52830c000 rw-p 00000000 00:00 0 
7fe52830c000-7fe528b3c000 ---p 00000000 00:00 0 
7fe528b3c000-7fe528b70000 rw-p 00000000 00:00 0 
7fe528b70000-7fe528bca000 ---p 00000000 00:00 0 
7fe528bca000-7fe528bcc000 rw-p 00000000 00:00 0 
7fe528bcc000-7fe5293fc000 ---p 00000000 00:00 0 
7fe5293fc000-7fe529400000 rw-p 00000000 00:00 0 
7fe529400000-7fe529dd0000 rwxp 00000000 00:00 0 
7fe529dd0000-7fe530937000 ---p 00000000 00:00 0 
7fe530937000-7fe530ba7000 rwxp 00000000 00:00 0 
7fe530ba7000-7fe530ec8000 ---p 00000000 00:00 0 
7fe530ec8000-7fe531168000 rwxp 00000000 00:00 0 
7fe531168000-7fe538400000 ---p 00000000 00:00 0 
7fe538400000-7fe53fe43000 r--s 00000000 103:03 3408355                   /usr/lib/jvm/java-17-openjdk-amd64/lib/modules
7fe53fe7d000-7fe53fefe000 rw-p 00000000 00:00 0 
7fe53fefe000-7fe53feff000 ---p 00000000 00:00 0 
7fe53feff000-7fe540000000 rw-p 00000000 00:00 0 
7fe540000000-7fe541b80000 rw-p 00000000 00:00 0 
7fe541b80000-7fe544000000 ---p 00000000 00:00 0 
7fe54401a000-7fe54401b000 ---p 00000000 00:00 0 
7fe54401b000-7fe544520000 rw-p 00000000 00:00 0 
7fe544520000-7fe544521000 ---p 00000000 00:00 0 
7fe544521000-7fe544622000 rw-p 00000000 00:00 0 
7fe544622000-7fe544623000 ---p 00000000 00:00 0 
7fe544623000-7fe544724000 rw-p 00000000 00:00 0 
7fe544724000-7fe544725000 ---p 00000000 00:00 0 
7fe544725000-7fe544c30000 rw-p 00000000 00:00 0 
7fe544c30000-7fe544d15000 ---p 00000000 00:00 0 
7fe544d15000-7fe544d29000 rw-p 00000000 00:00 0 
7fe544d29000-7fe544e00000 ---p 00000000 00:00 0 
7fe544e00000-7fe544e9a000 r--p 00000000 103:03 393378                    /usr/lib/x86_64-linux-gnu/libstdc++.so.6.0.30
7fe544e9a000-7fe544faa000 r-xp 0009a000 103:03 393378                    /usr/lib/x86_64-linux-gnu/libstdc++.so.6.0.30
7fe544faa000-7fe545019000 r--p 001aa000 103:03 393378                    /usr/lib/x86_64-linux-gnu/libstdc++.so.6.0.30
7fe545019000-7fe545024000 r--p 00218000 103:03 393378                    /usr/lib/x86_64-linux-gnu/libstdc++.so.6.0.30
7fe545024000-7fe545027000 rw-p 00223000 103:03 393378                    /usr/lib/x86_64-linux-gnu/libstdc++.so.6.0.30
7fe545027000-7fe54502a000 rw-p 00000000 00:00 0 
7fe545054000-7fe545058000 r--p 00000000 103:03 3408353                   /usr/lib/jvm/java-17-openjdk-amd64/lib/libverify.so
7fe545058000-7fe54505f000 r-xp 00004000 103:03 3408353                   /usr/lib/jvm/java-17-openjdk-amd64/lib/libverify.so
7fe54505f000-7fe545061000 r--p 0000b000 103:03 3408353                   /usr/lib/jvm/java-17-openjdk-amd64/lib/libverify.so
7fe545061000-7fe545063000 r--p 0000c000 103:03 3408353                   /usr/lib/jvm/java-17-openjdk-amd64/lib/libverify.so
7fe545063000-7fe545064000 rw-p 0000e000 103:03 3408353                   /usr/lib/jvm/java-17-openjdk-amd64/lib/libverify.so
7fe545064000-7fe545100000 rw-p 00000000 00:00 0 
7fe545100000-7fe545104000 ---p 00000000 00:00 0 
7fe545104000-7fe545200000 rw-p 00000000 00:00 0 
7fe545200000-7fe545450000 r--p 00000000 103:03 3801094                   /usr/lib/jvm/java-17-openjdk-amd64/lib/server/libjvm.so
7fe545450000-7fe5461d4000 r-xp 00250000 103:03 3801094                   /usr/lib/jvm/java-17-openjdk-amd64/lib/server/libjvm.so
7fe5461d4000-7fe546457000 r--p 00fd4000 103:03 3801094                   /usr/lib/jvm/java-17-openjdk-amd64/lib/server/libjvm.so
7fe546457000-7fe54650f000 r--p 01256000 103:03 3801094                   /usr/lib/jvm/java-17-openjdk-amd64/lib/server/libjvm.so
7fe54650f000-7fe546544000 rw-p 0130e000 103:03 3801094                   /usr/lib/jvm/java-17-openjdk-amd64/lib/server/libjvm.so
7fe546544000-7fe54659e000 rw-p 00000000 00:00 0 
7fe5465a0000-7fe5465a7000 r--s 00000000 103:03 1052145                   /usr/lib/x86_64-linux-gnu/gconv/gconv-modules.cache
7fe5465a7000-7fe5465a8000 r--p 00000000 103:03 3408326                   /usr/lib/jvm/java-17-openjdk-amd64/lib/libextnet.so
7fe5465a8000-7fe5465a9000 r-xp 00001000 103:03 3408326                   /usr/lib/jvm/java-17-openjdk-amd64/lib/libextnet.so
7fe5465a9000-7fe5465aa000 r--p 00002000 103:03 3408326                   /usr/lib/jvm/java-17-openjdk-amd64/lib/libextnet.so
7fe5465aa000-7fe5465ab000 r--p 00002000 103:03 3408326                   /usr/lib/jvm/java-17-openjdk-amd64/lib/libextnet.so
7fe5465ab000-7fe5465ac000 rw-p 00003000 103:03 3408326                   /usr/lib/jvm/java-17-openjdk-amd64/lib/libextnet.so
7fe5465ac000-7fe5465b0000 r--p 00000000 103:03 3408346                   /usr/lib/jvm/java-17-openjdk-amd64/lib/libnet.so
7fe5465b0000-7fe5465be000 r-xp 00004000 103:03 3408346                   /usr/lib/jvm/java-17-openjdk-amd64/lib/libnet.so
7fe5465be000-7fe5465c2000 r--p 00012000 103:03 3408346                   /usr/lib/jvm/java-17-openjdk-amd64/lib/libnet.so
7fe5465c2000-7fe5465c3000 r--p 00015000 103:03 3408346                   /usr/lib/jvm/java-17-openjdk-amd64/lib/libnet.so
7fe5465c3000-7fe5465c4000 rw-p 00016000 103:03 3408346                   /usr/lib/jvm/java-17-openjdk-amd64/lib/libnet.so
7fe5465c4000-7fe5465ca000 r--p 00000000 103:03 3408347                   /usr/lib/jvm/java-17-openjdk-amd64/lib/libnio.so
7fe5465ca000-7fe5465d3000 r-xp 00006000 103:03 3408347                   /usr/lib/jvm/java-17-openjdk-amd64/lib/libnio.so
7fe5465d3000-7fe5465d7000 r--p 0000f000 103:03 3408347                   /usr/lib/jvm/java-17-openjdk-amd64/lib/libnio.so
7fe5465d7000-7fe5465d8000 ---p 00013000 103:03 3408347                   /usr/lib/jvm/java-17-openjdk-amd64/lib/libnio.so
7fe5465d8000-7fe5465d9000 r--p 00013000 103:03 3408347                   /usr/lib/jvm/java-17-openjdk-amd64/lib/libnio.so
7fe5465d9000-7fe5465da000 rw-p 00014000 103:03 3408347                   /usr/lib/jvm/java-17-openjdk-amd64/lib/libnio.so
7fe5465da000-7fe546600000 rw-p 00000000 00:00 0 
7fe546600000-7fe546628000 r--p 00000000 103:03 399705                    /usr/lib/x86_64-linux-gnu/libc.so.6
7fe546628000-7fe5467bd000 r-xp 00028000 103:03 399705                    /usr/lib/x86_64-linux-gnu/libc.so.6
7fe5467bd000-7fe546815000 r--p 001bd000 103:03 399705                    /usr/lib/x86_64-linux-gnu/libc.so.6
7fe546815000-7fe546819000 r--p 00214000 103:03 399705                    /usr/lib/x86_64-linux-gnu/libc.so.6
7fe546819000-7fe54681b000 rw-p 00218000 103:03 399705                    /usr/lib/x86_64-linux-gnu/libc.so.6
7fe54681b000-7fe546828000 rw-p 00000000 00:00 0 
7fe54682b000-7fe54682d000 r--p 00000000 103:03 3408354                   /usr/lib/jvm/java-17-openjdk-amd64/lib/libzip.so
7fe54682d000-7fe546832000 r-xp 00002000 103:03 3408354                   /usr/lib/jvm/java-17-openjdk-amd64/lib/libzip.so
7fe546832000-7fe546834000 r--p 00007000 103:03 3408354                   /usr/lib/jvm/java-17-openjdk-amd64/lib/libzip.so
7fe546834000-7fe546835000 r--p 00008000 103:03 3408354                   /usr/lib/jvm/java-17-openjdk-amd64/lib/libzip.so
7fe546835000-7fe546836000 rw-p 00009000 103:03 3408354                   /usr/lib/jvm/java-17-openjdk-amd64/lib/libzip.so
7fe546836000-7fe54683b000 rw-p 00000000 00:00 0 
7fe54683b000-7fe546842000 ---p 00000000 00:00 0 
7fe546842000-7fe54684e000 r--p 00000000 103:03 3408333                   /usr/lib/jvm/java-17-openjdk-amd64/lib/libjava.so
7fe54684e000-7fe546861000 r-xp 0000c000 103:03 3408333                   /usr/lib/jvm/java-17-openjdk-amd64/lib/libjava.so
7fe546861000-7fe546867000 r--p 0001f000 103:03 3408333                   /usr/lib/jvm/java-17-openjdk-amd64/lib/libjava.so
7fe546867000-7fe546868000 r--p 00024000 103:03 3408333                   /usr/lib/jvm/java-17-openjdk-amd64/lib/libjava.so
7fe546868000-7fe546869000 rw-p 00025000 103:03 3408333                   /usr/lib/jvm/java-17-openjdk-amd64/lib/libjava.so
7fe546869000-7fe54686a000 rw-p 00000000 00:00 0 
7fe54686a000-7fe54686b000 r--p 00000000 103:03 3408328                   /usr/lib/jvm/java-17-openjdk-amd64/lib/libinstrument.so
7fe54686b000-7fe546871000 r-xp 00001000 103:03 3408328                   /usr/lib/jvm/java-17-openjdk-amd64/lib/libinstrument.so
7fe546871000-7fe546874000 r--p 00007000 103:03 3408328                   /usr/lib/jvm/java-17-openjdk-amd64/lib/libinstrument.so
7fe546874000-7fe546875000 r--p 00009000 103:03 3408328                   /usr/lib/jvm/java-17-openjdk-amd64/lib/libinstrument.so
7fe546875000-7fe546876000 rw-p 0000a000 103:03 3408328                   /usr/lib/jvm/java-17-openjdk-amd64/lib/libinstrument.so
7fe546876000-7fe546879000 r--p 00000000 103:03 393363                    /usr/lib/x86_64-linux-gnu/libgcc_s.so.1
7fe546879000-7fe546890000 r-xp 00003000 103:03 393363                    /usr/lib/x86_64-linux-gnu/libgcc_s.so.1
7fe546890000-7fe546894000 r--p 0001a000 103:03 393363                    /usr/lib/x86_64-linux-gnu/libgcc_s.so.1
7fe546894000-7fe546895000 r--p 0001d000 103:03 393363                    /usr/lib/x86_64-linux-gnu/libgcc_s.so.1
7fe546895000-7fe546896000 rw-p 0001e000 103:03 393363                    /usr/lib/x86_64-linux-gnu/libgcc_s.so.1
7fe546896000-7fe5468a4000 r--p 00000000 103:03 400354                    /usr/lib/x86_64-linux-gnu/libm.so.6
7fe5468a4000-7fe546920000 r-xp 0000e000 103:03 400354                    /usr/lib/x86_64-linux-gnu/libm.so.6
7fe546920000-7fe54697b000 r--p 0008a000 103:03 400354                    /usr/lib/x86_64-linux-gnu/libm.so.6
7fe54697b000-7fe54697c000 r--p 000e4000 103:03 400354                    /usr/lib/x86_64-linux-gnu/libm.so.6
7fe54697c000-7fe54697d000 rw-p 000e5000 103:03 400354                    /usr/lib/x86_64-linux-gnu/libm.so.6
7fe54697d000-7fe546980000 rw-p 00000000 00:00 0 
7fe546980000-7fe546982000 r--p 00000000 103:03 396531                    /usr/lib/x86_64-linux-gnu/libz.so.1.2.11
7fe546982000-7fe546993000 r-xp 00002000 103:03 396531                    /usr/lib/x86_64-linux-gnu/libz.so.1.2.11
7fe546993000-7fe546999000 r--p 00013000 103:03 396531                    /usr/lib/x86_64-linux-gnu/libz.so.1.2.11
7fe546999000-7fe54699a000 ---p 00019000 103:03 396531                    /usr/lib/x86_64-linux-gnu/libz.so.1.2.11
7fe54699a000-7fe54699b000 r--p 00019000 103:03 396531                    /usr/lib/x86_64-linux-gnu/libz.so.1.2.11
7fe54699b000-7fe54699c000 rw-p 0001a000 103:03 396531                    /usr/lib/x86_64-linux-gnu/libz.so.1.2.11
7fe54699e000-7fe5469a6000 rw-s 00000000 103:03 2885423                   /tmp/hsperfdata_zam/10317
7fe5469a6000-7fe5469a7000 ---p 00000000 00:00 0 
7fe5469a7000-7fe5469a8000 r--p 00000000 00:00 0 
7fe5469a8000-7fe5469aa000 r--p 00000000 103:03 3408336                   /usr/lib/jvm/java-17-openjdk-amd64/lib/libjimage.so
7fe5469aa000-7fe5469ad000 r-xp 00002000 103:03 3408336                   /usr/lib/jvm/java-17-openjdk-amd64/lib/libjimage.so
7fe5469ad000-7fe5469ae000 r--p 00005000 103:03 3408336                   /usr/lib/jvm/java-17-openjdk-amd64/lib/libjimage.so
7fe5469ae000-7fe5469af000 ---p 00006000 103:03 3408336                   /usr/lib/jvm/java-17-openjdk-amd64/lib/libjimage.so
7fe5469af000-7fe5469b0000 r--p 00006000 103:03 3408336                   /usr/lib/jvm/java-17-openjdk-amd64/lib/libjimage.so
7fe5469b0000-7fe5469b1000 rw-p 00007000 103:03 3408336                   /usr/lib/jvm/java-17-openjdk-amd64/lib/libjimage.so
7fe5469b1000-7fe5469b3000 r--p 00000000 103:03 3408337                   /usr/lib/jvm/java-17-openjdk-amd64/lib/libjli.so
7fe5469b3000-7fe5469bd000 r-xp 00002000 103:03 3408337                   /usr/lib/jvm/java-17-openjdk-amd64/lib/libjli.so
7fe5469bd000-7fe5469c0000 r--p 0000c000 103:03 3408337                   /usr/lib/jvm/java-17-openjdk-amd64/lib/libjli.so
7fe5469c0000-7fe5469c1000 r--p 0000e000 103:03 3408337                   /usr/lib/jvm/java-17-openjdk-amd64/lib/libjli.so
7fe5469c1000-7fe5469c2000 rw-p 0000f000 103:03 3408337                   /usr/lib/jvm/java-17-openjdk-amd64/lib/libjli.so
7fe5469c2000-7fe5469c4000 rw-p 00000000 00:00 0 
7fe5469c4000-7fe5469c6000 r--p 00000000 103:03 399370                    /usr/lib/x86_64-linux-gnu/ld-linux-x86-64.so.2
7fe5469c6000-7fe5469f0000 r-xp 00002000 103:03 399370                    /usr/lib/x86_64-linux-gnu/ld-linux-x86-64.so.2
7fe5469f0000-7fe5469fb000 r--p 0002c000 103:03 399370                    /usr/lib/x86_64-linux-gnu/ld-linux-x86-64.so.2
7fe5469fb000-7fe5469fc000 ---p 00000000 00:00 0 
7fe5469fc000-7fe5469fe000 r--p 00037000 103:03 399370                    /usr/lib/x86_64-linux-gnu/ld-linux-x86-64.so.2
7fe5469fe000-7fe546a00000 rw-p 00039000 103:03 399370                    /usr/lib/x86_64-linux-gnu/ld-linux-x86-64.so.2
7ffc4b925000-7ffc4b948000 rw-p 00000000 00:00 0                          [stack]
7ffc4b9e6000-7ffc4b9ea000 r--p 00000000 00:00 0                          [vvar]
7ffc4b9ea000-7ffc4b9ec000 r-xp 00000000 00:00 0                          [vdso]
ffffffffff600000-ffffffffff601000 --xp 00000000 00:00 0                  [vsyscall]


VM Arguments:
jvm_args: -ea -Didea.test.cyclic.buffer.size=1048576 -javaagent:/home/zam/Downloads/idea-IC-222.4167.29/lib/idea_rt.jar=38923:/home/zam/Downloads/idea-IC-222.4167.29/bin -Dfile.encoding=UTF-8 
java_command: com.intellij.rt.junit.JUnitStarter -ideVersion5 -junit5 com.zam.dev.food_order.service.impl.UserServiceImplTest,testUpdateUserResponseStatusException
java_class_path (initial): /home/zam/.m2/repository/org/junit/platform/junit-platform-launcher/1.9.3/junit-platform-launcher-1.9.3.jar:/home/zam/Downloads/idea-IC-222.4167.29/lib/idea_rt.jar:/home/zam/Downloads/idea-IC-222.4167.29/plugins/junit/lib/junit5-rt.jar:/home/zam/Downloads/idea-IC-222.4167.29/plugins/junit/lib/junit-rt.jar:/home/zam/belajar/udemy/springboot/portofolio_backend_food_order/target/test-classes:/home/zam/belajar/udemy/springboot/portofolio_backend_food_order/target/classes:/home/zam/.m2/repository/org/springframework/boot/spring-boot-starter-data-jpa/3.1.1/spring-boot-starter-data-jpa-3.1.1.jar:/home/zam/.m2/repository/org/springframework/boot/spring-boot-starter-aop/3.1.1/spring-boot-starter-aop-3.1.1.jar:/home/zam/.m2/repository/org/springframework/spring-aop/6.0.10/spring-aop-6.0.10.jar:/home/zam/.m2/repository/org/aspectj/aspectjweaver/1.9.19/aspectjweaver-1.9.19.jar:/home/zam/.m2/repository/org/springframework/boot/spring-boot-starter-jdbc/3.1.1/spring-boot-starter-jdbc-3.1.1.jar:/home/zam/.m2/repository/com/zaxxer/HikariCP/5.0.1/HikariCP-5.0.1.jar:/home/zam/.m2/repository/org/springframework/spring-jdbc/6.0.10/spring-jdbc-6.0.10.jar:/home/zam/.m2/repository/org/hibernate/orm/hibernate-core/6.2.5.Final/hibernate-core-6.2.5.Final.jar:/home/zam/.m2/repository/jakarta/persistence/jakarta.persistence-api/3.1.0/jakarta.persistence-api-3.1.0.jar:/home/zam/.m2/repository/jakarta/transaction/jakarta.transaction-api/2.0.1/jakarta.transaction-api-2.0.1.jar:/home/zam/.m2/repository/org/jboss/logging/jboss-logging/3.5.1.Final/jboss-logging-3.5.1.Final.jar:/home/zam/.m2/repository/org/hibernate/common/hibernate-commons-annotations/6.0.6.Final/hibernate-commons-annotations-6.0.6.Final.jar:/home/zam/.m2/repository/io/smallrye/jandex/3.0.5/jandex-3.0.5.jar:/home/zam/.m2/repository/com/fasterxml/classmate/1.5.1/classmate-1.5.1.jar:/home/zam/.m2/repository/net/bytebuddy/byte-buddy/1.14.5/byte-buddy-1.14.5.jar:/home/zam/.m2/repository/org/glassfish/jaxb/jax
Launcher Type: SUN_STANDARD

[Global flags]
     intx CICompilerCount                          = 3                                         {product} {ergonomic}
     uint ConcGCThreads                            = 1                                         {product} {ergonomic}
     uint G1ConcRefinementThreads                  = 4                                         {product} {ergonomic}
   size_t G1HeapRegionSize                         = 4194304                                   {product} {ergonomic}
    uintx GCDrainStackTargetSize                   = 64                                        {product} {ergonomic}
   size_t InitialHeapSize                          = 293601280                                 {product} {ergonomic}
   size_t MarkStackSize                            = 4194304                                   {product} {ergonomic}
   size_t MaxHeapSize                              = 4697620480                                {product} {ergonomic}
   size_t MaxNewSize                               = 2818572288                                {product} {ergonomic}
   size_t MinHeapDeltaBytes                        = 4194304                                   {product} {ergonomic}
   size_t MinHeapSize                              = 8388608                                   {product} {ergonomic}
    uintx NonNMethodCodeHeapSize                   = 5832780                                {pd product} {ergonomic}
    uintx NonProfiledCodeHeapSize                  = 122912730                              {pd product} {ergonomic}
    uintx ProfiledCodeHeapSize                     = 122912730                              {pd product} {ergonomic}
    uintx ReservedCodeCacheSize                    = 251658240                              {pd product} {ergonomic}
     bool SegmentedCodeCache                       = true                                      {product} {ergonomic}
   size_t SoftMaxHeapSize                          = 4697620480                             {manageable} {ergonomic}
     bool UseCompressedClassPointers               = true                           {product lp64_product} {ergonomic}
     bool UseCompressedOops                        = true                           {product lp64_product} {ergonomic}
     bool UseG1GC                                  = true                                      {product} {ergonomic}

Logging:
Log output configuration:
 #0: stdout all=warning uptime,level,tags
 #1: stderr all=off uptime,level,tags

Environment Variables:
PATH=/usr/local/sbin:/usr/local/bin:/usr/sbin:/usr/bin:/sbin:/bin:/usr/games:/usr/local/games:/snap/bin:/snap/bin:/usr/local/go/bin
USERNAME=zam
SHELL=/usr/bin/zsh
DISPLAY=:1
LANG=en_US.UTF-8

Active Locale:
LC_ALL=en_US.UTF-8
LC_COLLATE=en_US.UTF-8
LC_CTYPE=en_US.UTF-8
LC_MESSAGES=en_US.UTF-8
LC_MONETARY=en_US.UTF-8
LC_NUMERIC=en_US.UTF-8
LC_TIME=en_US.UTF-8

Signal Handlers:
   SIGSEGV: crash_handler in libjvm.so, mask=11100100010111111101111111111110, flags=SA_RESTART|SA_SIGINFO, unblocked
    SIGBUS: crash_handler in libjvm.so, mask=11100100010111111101111111111110, flags=SA_RESTART|SA_SIGINFO, unblocked
    SIGFPE: crash_handler in libjvm.so, mask=11100100010111111101111111111110, flags=SA_RESTART|SA_SIGINFO, unblocked
   SIGPIPE: javaSignalHandler in libjvm.so, mask=11100100010111111101111111111110, flags=SA_RESTART|SA_SIGINFO, blocked
   SIGXFSZ: javaSignalHandler in libjvm.so, mask=11100100010111111101111111111110, flags=SA_RESTART|SA_SIGINFO, blocked
    SIGILL: crash_handler in libjvm.so, mask=11100100010111111101111111111110, flags=SA_RESTART|SA_SIGINFO, unblocked
   SIGUSR2: SR_handler in libjvm.so, mask=00100000000000000000000000000000, flags=SA_RESTART|SA_SIGINFO, blocked
    SIGHUP: UserHandler in libjvm.so, mask=11100100010111111101111111111110, flags=SA_RESTART|SA_SIGINFO, blocked
    SIGINT: UserHandler in libjvm.so, mask=11100100010111111101111111111110, flags=SA_RESTART|SA_SIGINFO, blocked
   SIGTERM: UserHandler in libjvm.so, mask=11100100010111111101111111111110, flags=SA_RESTART|SA_SIGINFO, blocked
   SIGQUIT: UserHandler in libjvm.so, mask=11100100010111111101111111111110, flags=SA_RESTART|SA_SIGINFO, blocked
   SIGTRAP: crash_handler in libjvm.so, mask=11100100010111111101111111111110, flags=SA_RESTART|SA_SIGINFO, unblocked


---------------  S Y S T E M  ---------------

OS:
DISTRIB_ID=Ubuntu
DISTRIB_RELEASE=22.04
DISTRIB_CODENAME=jammy
DISTRIB_DESCRIPTION="Ubuntu 22.04.2 LTS"
uname: Linux 5.19.0-46-generic #47~22.04.1-Ubuntu SMP PREEMPT_DYNAMIC Wed Jun 21 15:35:31 UTC 2 x86_64
OS uptime: 0 days 0:33 hours
libc: glibc 2.35 NPTL 2.35 
rlimit (soft/hard): STACK 8192k/infinity , CORE 0k/infinity , NPROC 71365/71365 , NOFILE 1048576/1048576 , AS infinity/infinity , CPU infinity/infinity , DATA infinity/infinity , FSIZE infinity/infinity , MEMLOCK 2293688k/2293688k
load average: 1.78 1.28 1.71

/proc/meminfo:
MemTotal:       18349524 kB
MemFree:         7700152 kB
MemAvailable:   12040156 kB
Buffers:          316964 kB
Cached:          4139920 kB
SwapCached:            0 kB
Active:          1324340 kB
Inactive:        8431884 kB
Active(anon):       4640 kB
Inactive(anon):  5332016 kB
Active(file):    1319700 kB
Inactive(file):  3099868 kB
Unevictable:          32 kB
Mlocked:              32 kB
SwapTotal:             0 kB
SwapFree:              0 kB
Zswap:                 0 kB
Zswapped:              0 kB
Dirty:              9380 kB
Writeback:             0 kB
AnonPages:       5299272 kB
Mapped:          1276456 kB
Shmem:             43844 kB
KReclaimable:     272320 kB
Slab:             507440 kB
SReclaimable:     272320 kB
SUnreclaim:       235120 kB
KernelStack:       15104 kB
PageTables:        42632 kB
NFS_Unstable:          0 kB
Bounce:                0 kB
WritebackTmp:          0 kB
CommitLimit:     9174760 kB
Committed_AS:   11335256 kB
VmallocTotal:   34359738367 kB
VmallocUsed:       83304 kB
VmallocChunk:          0 kB
Percpu:             5888 kB
HardwareCorrupted:     0 kB
AnonHugePages:         0 kB
ShmemHugePages:        0 kB
ShmemPmdMapped:        0 kB
FileHugePages:         0 kB
FilePmdMapped:         0 kB
HugePages_Total:       0
HugePages_Free:        0
HugePages_Rsvd:        0
HugePages_Surp:        0
Hugepagesize:       2048 kB
Hugetlb:               0 kB
DirectMap4k:      459796 kB
DirectMap2M:    11012096 kB
DirectMap1G:     8388608 kB

/sys/kernel/mm/transparent_hugepage/enabled: always [madvise] never
/sys/kernel/mm/transparent_hugepage/defrag (defrag/compaction efforts parameter): always defer defer+madvise [madvise] never

Process Memory:
Virtual Size: 8209368K (peak: 8209368K)
Resident Set Size: 310344K (peak: 310344K) (anon: 281124K, file: 29220K, shmem: 0K)
Swapped out: 0K
C-Heap outstanding allocations: 84375K, retained: 29964K
glibc malloc tunables: (default)

/proc/sys/kernel/threads-max (system-wide limit on the number of threads): 142731
/proc/sys/vm/max_map_count (maximum number of memory map areas a process may have): 65530
/proc/sys/kernel/pid_max (system-wide limit on number of process identifiers): 4194304

container (cgroup) information:
container_type: cgroupv2
cpu_cpuset_cpus: not supported
cpu_memory_nodes: not supported
active_processor_count: 4
cpu_quota: not supported
cpu_period: not supported
cpu_shares: not supported
memory_limit_in_bytes: unlimited
memory_and_swap_limit_in_bytes: unlimited
memory_soft_limit_in_bytes: unlimited
memory_usage_in_bytes: 6197824 k
memory_max_usage_in_bytes: not supported
memory_swap_current_in_bytes: unlimited
memory_swap_max_limit_in_bytes: unlimited
maximum number of tasks: 21409
current number of tasks: 359

Steal ticks since vm start: 0
Steal ticks percentage since vm start:  0.000

CPU: total 4 (initial active 4) (4 cores per cpu, 1 threads per core) family 23 model 24 stepping 1 microcode 0x8108109, cx8, cmov, fxsr, mmx, 3dnowpref, sse, sse2, sse3, ssse3, sse4a, sse4.1, sse4.2, popcnt, lzcnt, tsc, tscinvbit, avx, avx2, aes, clmul, bmi1, bmi2, adx, sha, fma, vzeroupper, clflush, clflushopt
CPU Model and flags from /proc/cpuinfo:
model name	: AMD Ryzen 3 3300U with Radeon Vega Mobile Gfx
flags		: fpu vme de pse tsc msr pae mce cx8 apic sep mtrr pge mca cmov pat pse36 clflush mmx fxsr sse sse2 ht syscall nx mmxext fxsr_opt pdpe1gb rdtscp lm constant_tsc rep_good nopl nonstop_tsc cpuid extd_apicid aperfmperf rapl pni pclmulqdq monitor ssse3 fma cx16 sse4_1 sse4_2 movbe popcnt aes xsave avx f16c rdrand lahf_lm cmp_legacy svm extapic cr8_legacy abm sse4a misalignsse 3dnowprefetch osvw skinit wdt tce topoext perfctr_core perfctr_nb bpext perfctr_llc mwaitx cpb hw_pstate ssbd ibpb vmmcall fsgsbase bmi1 avx2 smep bmi2 rdseed adx smap clflushopt sha_ni xsaveopt xsavec xgetbv1 xsaves clzero irperf xsaveerptr arat npt lbrv svm_lock nrip_save tsc_scale vmcb_clean flushbyasid decodeassists pausefilter pfthreshold avic v_vmsave_vmload vgif overflow_recov succor smca sev sev_es

Online cpus: 0-3
Offline cpus: 
BIOS frequency limitation: 2100000
Frequency switch latency (ns): 0
Available cpu frequencies: 2100000 1700000 1400000 
Current governor: schedutil
Core performance/turbo boost: 1

Memory: 4k page, physical 18349524k(7700152k free), swap 0k(0k free)
Page Sizes: 4k

vm_info: OpenJDK 64-Bit Server VM (17.0.7+7-Ubuntu-0ubuntu122.04.2) for linux-amd64 JRE (17.0.7+7-Ubuntu-0ubuntu122.04.2), built on May 10 2023 04:02:16 by "buildd" with gcc 11.3.0

END.
