#
# A fatal error has been detected by the Java Runtime Environment:
#
#  SIGSEGV (0xb) at pc=0x00007f6a44c76360, pid=11186, tid=11188
#
# JRE version: OpenJDK Runtime Environment (17.0.7+7) (build 17.0.7+7-Ubuntu-0ubuntu122.04.2)
# Java VM: OpenJDK 64-Bit Server VM (17.0.7+7-Ubuntu-0ubuntu122.04.2, mixed mode, sharing, tiered, compressed oops, compressed class ptrs, g1 gc, linux-amd64)
# Problematic frame:
# V  [libjvm.so+0xe76360]  SymbolTable::do_lookup(char const*, int, unsigned long)+0xd0
#
# Core dump will be written. Default location: Core dumps may be processed with "/usr/share/apport/apport -p%p -s%s -c%c -d%d -P%P -u%u -g%g -- %E" (or dumping to /home/zam/belajar/udemy/springboot/portofolio_backend_food_order/core.11186)
#
# If you would like to submit a bug report, please visit:
#   Unknown
#

---------------  S U M M A R Y ------------

Command Line: -ea -Didea.test.cyclic.buffer.size=1048576 -javaagent:/home/zam/Downloads/idea-IC-222.4167.29/lib/idea_rt.jar=46449:/home/zam/Downloads/idea-IC-222.4167.29/bin -Dfile.encoding=UTF-8 com.intellij.rt.junit.JUnitStarter -ideVersion5 -junit5 com.zam.dev.food_order.controller.UserControllerTest,testUserUpdateSuccess

Host: AMD Ryzen 3 3300U with Radeon Vega Mobile Gfx, 4 cores, 17G, Ubuntu 22.04.2 LTS
Time: Sun Jul 16 13:08:03 2023 WIB elapsed time: 1.173060 seconds (0d 0h 0m 1s)

---------------  T H R E A D  ---------------

Current thread (0x00007f6a3c017db0):  JavaThread "main" [_thread_in_vm, id=11188, stack(0x00007f6a43d00000,0x00007f6a43e00000)]

Stack: [0x00007f6a43d00000,0x00007f6a43e00000],  sp=0x00007f6a43dfaf30,  free space=1003k
Native frames: (J=compiled Java code, j=interpreted, Vv=VM code, C=native code)
V  [libjvm.so+0xe76360]  SymbolTable::do_lookup(char const*, int, unsigned long)+0xd0
V  [libjvm.so+0x58524d]  ClassFileParser::parse_constant_pool_entries(ClassFileStream const*, ConstantPool*, int, JavaThread*)+0x77d
V  [libjvm.so+0x585b63]  ClassFileParser::parse_stream(ClassFileStream const*, JavaThread*) [clone .part.0]+0x1b3
V  [libjvm.so+0x587015]  ClassFileParser::ClassFileParser(ClassFileStream*, Symbol*, ClassLoaderData*, ClassLoadInfo const*, ClassFileParser::Publicity, JavaThread*)+0x275
V  [libjvm.so+0xa67c60]  KlassFactory::create_from_stream(ClassFileStream*, Symbol*, ClassLoaderData*, ClassLoadInfo const&, JavaThread*)+0x280
V  [libjvm.so+0xe86a18]  SystemDictionary::resolve_class_from_stream(ClassFileStream*, Symbol*, Handle, ClassLoadInfo const&, JavaThread*)+0x158
V  [libjvm.so+0x90b977]  jvm_define_class_common(char const*, _jobject*, signed char const*, int, _jobject*, char const*, JavaThread*)+0x247
V  [libjvm.so+0x90bc88]  JVM_DefineClassWithSource+0xa8
C  [libjava.so+0xe174]  Java_java_lang_ClassLoader_defineClass1+0x134
J 804  java.lang.ClassLoader.defineClass1(Ljava/lang/ClassLoader;Ljava/lang/String;[BIILjava/security/ProtectionDomain;Ljava/lang/String;)Ljava/lang/Class; java.base@17.0.7 (0 bytes) @ 0x00007f6a2cf10f75 [0x00007f6a2cf10e40+0x0000000000000135]
j  java.lang.ClassLoader.defineClass(Ljava/lang/String;[BIILjava/security/ProtectionDomain;)Ljava/lang/Class;+27 java.base@17.0.7
J 1163 c1 java.security.SecureClassLoader.defineClass(Ljava/lang/String;[BIILjava/security/CodeSource;)Ljava/lang/Class; java.base@17.0.7 (16 bytes) @ 0x00007f6a2561ec0c [0x00007f6a2561eb40+0x00000000000000cc]
J 1028 c1 jdk.internal.loader.BuiltinClassLoader.defineClass(Ljava/lang/String;Ljdk/internal/loader/Resource;)Ljava/lang/Class; java.base@17.0.7 (121 bytes) @ 0x00007f6a255d3314 [0x00007f6a255d23a0+0x0000000000000f74]
J 1051 c1 jdk.internal.loader.BuiltinClassLoader.findClassOnClassPathOrNull(Ljava/lang/String;)Ljava/lang/Class; java.base@17.0.7 (64 bytes) @ 0x00007f6a255e7d5c [0x00007f6a255e6d00+0x000000000000105c]
J 673 c1 jdk.internal.loader.BuiltinClassLoader.loadClassOrNull(Ljava/lang/String;Z)Ljava/lang/Class; java.base@17.0.7 (143 bytes) @ 0x00007f6a25516b7c [0x00007f6a25515cc0+0x0000000000000ebc]
J 1011 c1 jdk.internal.loader.ClassLoaders$AppClassLoader.loadClass(Ljava/lang/String;Z)Ljava/lang/Class; java.base@17.0.7 (40 bytes) @ 0x00007f6a255c8714 [0x00007f6a255c80e0+0x0000000000000634]
J 841 c1 java.lang.ClassLoader.loadClass(Ljava/lang/String;)Ljava/lang/Class; java.base@17.0.7 (7 bytes) @ 0x00007f6a25562244 [0x00007f6a25562140+0x0000000000000104]
v  ~StubRoutines::call_stub
V  [libjvm.so+0x833045]  JavaCalls::call_helper(JavaValue*, methodHandle const&, JavaCallArguments*, JavaThread*)+0x325
V  [libjvm.so+0x83489a]  JavaCalls::call_virtual(JavaValue*, Handle, Klass*, Symbol*, Symbol*, Handle, JavaThread*)+0x1ca
V  [libjvm.so+0xe88300]  SystemDictionary::load_instance_class_impl(Symbol*, Handle, JavaThread*)+0x1a0
V  [libjvm.so+0xe86b0c]  SystemDictionary::load_instance_class(unsigned int, Symbol*, Handle, JavaThread*)+0x2c
V  [libjvm.so+0xe87340]  SystemDictionary::resolve_instance_class_or_null(Symbol*, Handle, Handle, JavaThread*)+0x710
V  [libjvm.so+0xe88c8e]  SystemDictionary::resolve_or_fail(Symbol*, Handle, Handle, bool, JavaThread*)+0x6e
V  [libjvm.so+0x604833]  ConstantPool::klass_at_impl(constantPoolHandle const&, int, JavaThread*)+0x133
V  [libjvm.so+0x605508]  ConstantPool::klass_ref_at(int, JavaThread*)+0x88
V  [libjvm.so+0xa9b3d0]  LinkInfo::LinkInfo(constantPoolHandle const&, int, JavaThread*)+0x40
V  [libjvm.so+0xaa1dcf]  LinkResolver::resolve_invoke(CallInfo&, Handle, constantPoolHandle const&, int, Bytecodes::Code, JavaThread*)+0x8f
V  [libjvm.so+0x82dc3a]  InterpreterRuntime::resolve_invoke(JavaThread*, Bytecodes::Code)+0x16a
V  [libjvm.so+0x82e16b]  InterpreterRuntime::resolve_from_cache(JavaThread*, Bytecodes::Code)+0x3b
j  org.springframework.test.context.BootstrapUtils.createCacheAwareContextLoaderDelegate()Lorg/springframework/test/context/CacheAwareContextLoaderDelegate;+32
j  org.springframework.test.context.BootstrapUtils.createBootstrapContext(Ljava/lang/Class;)Lorg/springframework/test/context/BootstrapContext;+0
j  org.springframework.test.context.BootstrapUtils.resolveTestContextBootstrapper(Ljava/lang/Class;)Lorg/springframework/test/context/TestContextBootstrapper;+1
j  org.springframework.test.context.TestContextManager.<init>(Ljava/lang/Class;)V+2
j  org.springframework.test.context.junit.jupiter.SpringExtension$$Lambda$329+0x00000008010b0508.apply(Ljava/lang/Object;)Ljava/lang/Object;+8
j  org.junit.jupiter.engine.execution.ExtensionValuesStore.lambda$getOrComputeIfAbsent$4(Ljava/util/function/Function;Ljava/lang/Object;)Ljava/lang/Object;+2
j  org.junit.jupiter.engine.execution.ExtensionValuesStore$$Lambda$330+0x00000008010b0b88.get()Ljava/lang/Object;+8
j  org.junit.jupiter.engine.execution.ExtensionValuesStore$MemoizingSupplier.computeValue()V+24
j  org.junit.jupiter.engine.execution.ExtensionValuesStore$MemoizingSupplier.get()Ljava/lang/Object;+11
j  org.junit.jupiter.engine.execution.ExtensionValuesStore$StoredValue.evaluate()Ljava/lang/Object;+4
j  org.junit.jupiter.engine.execution.ExtensionValuesStore$StoredValue.access$100(Lorg/junit/jupiter/engine/execution/ExtensionValuesStore$StoredValue;)Ljava/lang/Object;+1
j  org.junit.jupiter.engine.execution.ExtensionValuesStore.getOrComputeIfAbsent(Lorg/junit/jupiter/api/extension/ExtensionContext$Namespace;Ljava/lang/Object;Ljava/util/function/Function;)Ljava/lang/Object;+77
j  org.junit.jupiter.engine.execution.ExtensionValuesStore.getOrComputeIfAbsent(Lorg/junit/jupiter/api/extension/ExtensionContext$Namespace;Ljava/lang/Object;Ljava/util/function/Function;Ljava/lang/Class;)Ljava/lang/Object;+4
j  org.junit.jupiter.engine.execution.NamespaceAwareStore.getOrComputeIfAbsent(Ljava/lang/Object;Ljava/util/function/Function;Ljava/lang/Class;)Ljava/lang/Object;+32
j  org.springframework.test.context.junit.jupiter.SpringExtension.getTestContextManager(Lorg/junit/jupiter/api/extension/ExtensionContext;)Lorg/springframework/test/context/TestContextManager;+27
j  org.springframework.test.context.junit.jupiter.SpringExtension.beforeAll(Lorg/junit/jupiter/api/extension/ExtensionContext;)V+1
j  org.junit.jupiter.engine.descriptor.ClassBasedTestDescriptor.lambda$invokeBeforeAllCallbacks$12(Lorg/junit/jupiter/api/extension/BeforeAllCallback;Lorg/junit/jupiter/api/extension/ExtensionContext;)V+2
j  org.junit.jupiter.engine.descriptor.ClassBasedTestDescriptor$$Lambda$320+0x00000008010aeb78.execute()V+8
j  org.junit.platform.engine.support.hierarchical.ThrowableCollector.execute(Lorg/junit/platform/engine/support/hierarchical/ThrowableCollector$Executable;)V+1
j  org.junit.jupiter.engine.descriptor.ClassBasedTestDescriptor.invokeBeforeAllCallbacks(Lorg/junit/jupiter/engine/execution/JupiterEngineExecutionContext;)V+64
j  org.junit.jupiter.engine.descriptor.ClassBasedTestDescriptor.before(Lorg/junit/jupiter/engine/execution/JupiterEngineExecutionContext;)Lorg/junit/jupiter/engine/execution/JupiterEngineExecutionContext;+47
j  org.junit.jupiter.engine.descriptor.ClassBasedTestDescriptor.before(Lorg/junit/platform/engine/support/hierarchical/EngineExecutionContext;)Lorg/junit/platform/engine/support/hierarchical/EngineExecutionContext;+5
j  org.junit.platform.engine.support.hierarchical.NodeTestTask.lambda$executeRecursively$6()V+51
j  org.junit.platform.engine.support.hierarchical.NodeTestTask$$Lambda$264+0x000000080109c400.execute()V+4
j  org.junit.platform.engine.support.hierarchical.ThrowableCollector.execute(Lorg/junit/platform/engine/support/hierarchical/ThrowableCollector$Executable;)V+1
j  org.junit.platform.engine.support.hierarchical.NodeTestTask.lambda$executeRecursively$8(Lorg/junit/platform/engine/support/hierarchical/EngineExecutionContext;)V+15
j  org.junit.platform.engine.support.hierarchical.NodeTestTask$$Lambda$263+0x000000080109cc28.invoke(Lorg/junit/platform/engine/support/hierarchical/EngineExecutionContext;)V+5
j  org.junit.platform.engine.support.hierarchical.Node.around(Lorg/junit/platform/engine/support/hierarchical/EngineExecutionContext;Lorg/junit/platform/engine/support/hierarchical/Node$Invocation;)V+2
j  org.junit.platform.engine.support.hierarchical.NodeTestTask.lambda$executeRecursively$9()V+14
j  org.junit.platform.engine.support.hierarchical.NodeTestTask$$Lambda$262+0x000000080109c800.execute()V+4
j  org.junit.platform.engine.support.hierarchical.ThrowableCollector.execute(Lorg/junit/platform/engine/support/hierarchical/ThrowableCollector$Executable;)V+1
j  org.junit.platform.engine.support.hierarchical.NodeTestTask.executeRecursively()V+31
j  org.junit.platform.engine.support.hierarchical.NodeTestTask.execute()V+55
j  org.junit.platform.engine.support.hierarchical.SameThreadHierarchicalTestExecutorService$$Lambda$268+0x00000008010a08f0.accept(Ljava/lang/Object;)V+4
j  java.util.ArrayList.forEach(Ljava/util/function/Consumer;)V+46 java.base@17.0.7
j  org.junit.platform.engine.support.hierarchical.SameThreadHierarchicalTestExecutorService.invokeAll(Ljava/util/List;)V+6
j  org.junit.platform.engine.support.hierarchical.NodeTestTask.lambda$executeRecursively$6()V+116
j  org.junit.platform.engine.support.hierarchical.NodeTestTask$$Lambda$264+0x000000080109c400.execute()V+4
j  org.junit.platform.engine.support.hierarchical.ThrowableCollector.execute(Lorg/junit/platform/engine/support/hierarchical/ThrowableCollector$Executable;)V+1
j  org.junit.platform.engine.support.hierarchical.NodeTestTask.lambda$executeRecursively$8(Lorg/junit/platform/engine/support/hierarchical/EngineExecutionContext;)V+15
j  org.junit.platform.engine.support.hierarchical.NodeTestTask$$Lambda$263+0x000000080109cc28.invoke(Lorg/junit/platform/engine/support/hierarchical/EngineExecutionContext;)V+5
j  org.junit.platform.engine.support.hierarchical.Node.around(Lorg/junit/platform/engine/support/hierarchical/EngineExecutionContext;Lorg/junit/platform/engine/support/hierarchical/Node$Invocation;)V+2
j  org.junit.platform.engine.support.hierarchical.NodeTestTask.lambda$executeRecursively$9()V+14
j  org.junit.platform.engine.support.hierarchical.NodeTestTask$$Lambda$262+0x000000080109c800.execute()V+4
j  org.junit.platform.engine.support.hierarchical.ThrowableCollector.execute(Lorg/junit/platform/engine/support/hierarchical/ThrowableCollector$Executable;)V+1
j  org.junit.platform.engine.support.hierarchical.NodeTestTask.executeRecursively()V+31
j  org.junit.platform.engine.support.hierarchical.NodeTestTask.execute()V+55
j  org.junit.platform.engine.support.hierarchical.SameThreadHierarchicalTestExecutorService.submit(Lorg/junit/platform/engine/support/hierarchical/HierarchicalTestExecutorService$TestTask;)Ljava/util/concurrent/Future;+1
j  org.junit.platform.engine.support.hierarchical.HierarchicalTestExecutor.execute()Ljava/util/concurrent/Future;+74
j  org.junit.platform.engine.support.hierarchical.HierarchicalTestEngine.execute(Lorg/junit/platform/engine/ExecutionRequest;)V+31
j  org.junit.platform.launcher.core.EngineExecutionOrchestrator.execute(Lorg/junit/platform/engine/TestDescriptor;Lorg/junit/platform/engine/EngineExecutionListener;Lorg/junit/platform/engine/ConfigurationParameters;Lorg/junit/platform/engine/TestEngine;)V+24
j  org.junit.platform.launcher.core.EngineExecutionOrchestrator.execute(Lorg/junit/platform/launcher/core/LauncherDiscoveryResult;Lorg/junit/platform/engine/EngineExecutionListener;)V+100
j  org.junit.platform.launcher.core.EngineExecutionOrchestrator.execute(Lorg/junit/platform/launcher/core/InternalTestPlan;Lorg/junit/platform/engine/EngineExecutionListener;Lorg/junit/platform/launcher/TestExecutionListener;)V+63
j  org.junit.platform.launcher.core.EngineExecutionOrchestrator.lambda$execute$0(Lorg/junit/platform/launcher/core/InternalTestPlan;Lorg/junit/platform/launcher/TestExecutionListener;)V+6
j  org.junit.platform.launcher.core.EngineExecutionOrchestrator$$Lambda$210+0x000000080108e478.accept(Ljava/lang/Object;)V+12
j  org.junit.platform.launcher.core.EngineExecutionOrchestrator.withInterceptedStreams(Lorg/junit/platform/engine/ConfigurationParameters;Lorg/junit/platform/launcher/core/ListenerRegistry;Ljava/util/function/Consumer;)V+51
j  org.junit.platform.launcher.core.EngineExecutionOrchestrator.execute(Lorg/junit/platform/launcher/core/InternalTestPlan;[Lorg/junit/platform/launcher/TestExecutionListener;)V+23
j  org.junit.platform.launcher.core.DefaultLauncher.execute(Lorg/junit/platform/launcher/core/InternalTestPlan;[Lorg/junit/platform/launcher/TestExecutionListener;)V+6
j  org.junit.platform.launcher.core.DefaultLauncher.execute(Lorg/junit/platform/launcher/LauncherDiscoveryRequest;[Lorg/junit/platform/launcher/TestExecutionListener;)V+34
j  org.junit.platform.launcher.core.DefaultLauncherSession$DelegatingLauncher.execute(Lorg/junit/platform/launcher/LauncherDiscoveryRequest;[Lorg/junit/platform/launcher/TestExecutionListener;)V+6
j  org.junit.platform.launcher.core.SessionPerRequestLauncher.execute(Lorg/junit/platform/launcher/LauncherDiscoveryRequest;[Lorg/junit/platform/launcher/TestExecutionListener;)V+13
j  com.intellij.junit5.JUnit5IdeaTestRunner.startRunnerWithArgs([Ljava/lang/String;Ljava/lang/String;IZ)I+202
j  com.intellij.rt.junit.IdeaTestRunner$Repeater$1.execute(Z)I+17
j  com.intellij.rt.execution.junit.TestsRepeater.repeat(IZLcom/intellij/rt/execution/junit/TestsRepeater$TestRun;)I+7
j  com.intellij.rt.junit.IdeaTestRunner$Repeater.startRunnerWithArgs(Lcom/intellij/rt/junit/IdeaTestRunner;[Ljava/lang/String;Ljava/util/ArrayList;Ljava/lang/String;IZ)I+25
j  com.intellij.rt.junit.JUnitStarter.prepareStreamsAndStart([Ljava/lang/String;Ljava/lang/String;Ljava/util/ArrayList;Ljava/lang/String;)I+116
j  com.intellij.rt.junit.JUnitStarter.main([Ljava/lang/String;)V+97
v  ~StubRoutines::call_stub
V  [libjvm.so+0x833045]  JavaCalls::call_helper(JavaValue*, methodHandle const&, JavaCallArguments*, JavaThread*)+0x325
V  [libjvm.so+0x8cf51a]  jni_invoke_static(JNIEnv_*, JavaValue*, _jobject*, JNICallType, _jmethodID*, JNI_ArgumentPusher*, JavaThread*) [clone .constprop.1]+0x3aa
...<more frames>...

Java frames: (J=compiled Java code, j=interpreted, Vv=VM code)
J 804  java.lang.ClassLoader.defineClass1(Ljava/lang/ClassLoader;Ljava/lang/String;[BIILjava/security/ProtectionDomain;Ljava/lang/String;)Ljava/lang/Class; java.base@17.0.7 (0 bytes) @ 0x00007f6a2cf10ef8 [0x00007f6a2cf10e40+0x00000000000000b8]
j  java.lang.ClassLoader.defineClass(Ljava/lang/String;[BIILjava/security/ProtectionDomain;)Ljava/lang/Class;+27 java.base@17.0.7
J 1163 c1 java.security.SecureClassLoader.defineClass(Ljava/lang/String;[BIILjava/security/CodeSource;)Ljava/lang/Class; java.base@17.0.7 (16 bytes) @ 0x00007f6a2561ec0c [0x00007f6a2561eb40+0x00000000000000cc]
J 1028 c1 jdk.internal.loader.BuiltinClassLoader.defineClass(Ljava/lang/String;Ljdk/internal/loader/Resource;)Ljava/lang/Class; java.base@17.0.7 (121 bytes) @ 0x00007f6a255d3314 [0x00007f6a255d23a0+0x0000000000000f74]
J 1051 c1 jdk.internal.loader.BuiltinClassLoader.findClassOnClassPathOrNull(Ljava/lang/String;)Ljava/lang/Class; java.base@17.0.7 (64 bytes) @ 0x00007f6a255e7d5c [0x00007f6a255e6d00+0x000000000000105c]
J 673 c1 jdk.internal.loader.BuiltinClassLoader.loadClassOrNull(Ljava/lang/String;Z)Ljava/lang/Class; java.base@17.0.7 (143 bytes) @ 0x00007f6a25516b7c [0x00007f6a25515cc0+0x0000000000000ebc]
J 1011 c1 jdk.internal.loader.ClassLoaders$AppClassLoader.loadClass(Ljava/lang/String;Z)Ljava/lang/Class; java.base@17.0.7 (40 bytes) @ 0x00007f6a255c8714 [0x00007f6a255c80e0+0x0000000000000634]
J 841 c1 java.lang.ClassLoader.loadClass(Ljava/lang/String;)Ljava/lang/Class; java.base@17.0.7 (7 bytes) @ 0x00007f6a25562244 [0x00007f6a25562140+0x0000000000000104]
v  ~StubRoutines::call_stub
j  org.springframework.test.context.BootstrapUtils.createCacheAwareContextLoaderDelegate()Lorg/springframework/test/context/CacheAwareContextLoaderDelegate;+32
j  org.springframework.test.context.BootstrapUtils.createBootstrapContext(Ljava/lang/Class;)Lorg/springframework/test/context/BootstrapContext;+0
j  org.springframework.test.context.BootstrapUtils.resolveTestContextBootstrapper(Ljava/lang/Class;)Lorg/springframework/test/context/TestContextBootstrapper;+1
j  org.springframework.test.context.TestContextManager.<init>(Ljava/lang/Class;)V+2
j  org.springframework.test.context.junit.jupiter.SpringExtension$$Lambda$329+0x00000008010b0508.apply(Ljava/lang/Object;)Ljava/lang/Object;+8
j  org.junit.jupiter.engine.execution.ExtensionValuesStore.lambda$getOrComputeIfAbsent$4(Ljava/util/function/Function;Ljava/lang/Object;)Ljava/lang/Object;+2
j  org.junit.jupiter.engine.execution.ExtensionValuesStore$$Lambda$330+0x00000008010b0b88.get()Ljava/lang/Object;+8
j  org.junit.jupiter.engine.execution.ExtensionValuesStore$MemoizingSupplier.computeValue()V+24
j  org.junit.jupiter.engine.execution.ExtensionValuesStore$MemoizingSupplier.get()Ljava/lang/Object;+11
j  org.junit.jupiter.engine.execution.ExtensionValuesStore$StoredValue.evaluate()Ljava/lang/Object;+4
j  org.junit.jupiter.engine.execution.ExtensionValuesStore$StoredValue.access$100(Lorg/junit/jupiter/engine/execution/ExtensionValuesStore$StoredValue;)Ljava/lang/Object;+1
j  org.junit.jupiter.engine.execution.ExtensionValuesStore.getOrComputeIfAbsent(Lorg/junit/jupiter/api/extension/ExtensionContext$Namespace;Ljava/lang/Object;Ljava/util/function/Function;)Ljava/lang/Object;+77
j  org.junit.jupiter.engine.execution.ExtensionValuesStore.getOrComputeIfAbsent(Lorg/junit/jupiter/api/extension/ExtensionContext$Namespace;Ljava/lang/Object;Ljava/util/function/Function;Ljava/lang/Class;)Ljava/lang/Object;+4
j  org.junit.jupiter.engine.execution.NamespaceAwareStore.getOrComputeIfAbsent(Ljava/lang/Object;Ljava/util/function/Function;Ljava/lang/Class;)Ljava/lang/Object;+32
j  org.springframework.test.context.junit.jupiter.SpringExtension.getTestContextManager(Lorg/junit/jupiter/api/extension/ExtensionContext;)Lorg/springframework/test/context/TestContextManager;+27
j  org.springframework.test.context.junit.jupiter.SpringExtension.beforeAll(Lorg/junit/jupiter/api/extension/ExtensionContext;)V+1
j  org.junit.jupiter.engine.descriptor.ClassBasedTestDescriptor.lambda$invokeBeforeAllCallbacks$12(Lorg/junit/jupiter/api/extension/BeforeAllCallback;Lorg/junit/jupiter/api/extension/ExtensionContext;)V+2
j  org.junit.jupiter.engine.descriptor.ClassBasedTestDescriptor$$Lambda$320+0x00000008010aeb78.execute()V+8
j  org.junit.platform.engine.support.hierarchical.ThrowableCollector.execute(Lorg/junit/platform/engine/support/hierarchical/ThrowableCollector$Executable;)V+1
j  org.junit.jupiter.engine.descriptor.ClassBasedTestDescriptor.invokeBeforeAllCallbacks(Lorg/junit/jupiter/engine/execution/JupiterEngineExecutionContext;)V+64
j  org.junit.jupiter.engine.descriptor.ClassBasedTestDescriptor.before(Lorg/junit/jupiter/engine/execution/JupiterEngineExecutionContext;)Lorg/junit/jupiter/engine/execution/JupiterEngineExecutionContext;+47
j  org.junit.jupiter.engine.descriptor.ClassBasedTestDescriptor.before(Lorg/junit/platform/engine/support/hierarchical/EngineExecutionContext;)Lorg/junit/platform/engine/support/hierarchical/EngineExecutionContext;+5
j  org.junit.platform.engine.support.hierarchical.NodeTestTask.lambda$executeRecursively$6()V+51
j  org.junit.platform.engine.support.hierarchical.NodeTestTask$$Lambda$264+0x000000080109c400.execute()V+4
j  org.junit.platform.engine.support.hierarchical.ThrowableCollector.execute(Lorg/junit/platform/engine/support/hierarchical/ThrowableCollector$Executable;)V+1
j  org.junit.platform.engine.support.hierarchical.NodeTestTask.lambda$executeRecursively$8(Lorg/junit/platform/engine/support/hierarchical/EngineExecutionContext;)V+15
j  org.junit.platform.engine.support.hierarchical.NodeTestTask$$Lambda$263+0x000000080109cc28.invoke(Lorg/junit/platform/engine/support/hierarchical/EngineExecutionContext;)V+5
j  org.junit.platform.engine.support.hierarchical.Node.around(Lorg/junit/platform/engine/support/hierarchical/EngineExecutionContext;Lorg/junit/platform/engine/support/hierarchical/Node$Invocation;)V+2
j  org.junit.platform.engine.support.hierarchical.NodeTestTask.lambda$executeRecursively$9()V+14
j  org.junit.platform.engine.support.hierarchical.NodeTestTask$$Lambda$262+0x000000080109c800.execute()V+4
j  org.junit.platform.engine.support.hierarchical.ThrowableCollector.execute(Lorg/junit/platform/engine/support/hierarchical/ThrowableCollector$Executable;)V+1
j  org.junit.platform.engine.support.hierarchical.NodeTestTask.executeRecursively()V+31
j  org.junit.platform.engine.support.hierarchical.NodeTestTask.execute()V+55
j  org.junit.platform.engine.support.hierarchical.SameThreadHierarchicalTestExecutorService$$Lambda$268+0x00000008010a08f0.accept(Ljava/lang/Object;)V+4
j  java.util.ArrayList.forEach(Ljava/util/function/Consumer;)V+46 java.base@17.0.7
j  org.junit.platform.engine.support.hierarchical.SameThreadHierarchicalTestExecutorService.invokeAll(Ljava/util/List;)V+6
j  org.junit.platform.engine.support.hierarchical.NodeTestTask.lambda$executeRecursively$6()V+116
j  org.junit.platform.engine.support.hierarchical.NodeTestTask$$Lambda$264+0x000000080109c400.execute()V+4
j  org.junit.platform.engine.support.hierarchical.ThrowableCollector.execute(Lorg/junit/platform/engine/support/hierarchical/ThrowableCollector$Executable;)V+1
j  org.junit.platform.engine.support.hierarchical.NodeTestTask.lambda$executeRecursively$8(Lorg/junit/platform/engine/support/hierarchical/EngineExecutionContext;)V+15
j  org.junit.platform.engine.support.hierarchical.NodeTestTask$$Lambda$263+0x000000080109cc28.invoke(Lorg/junit/platform/engine/support/hierarchical/EngineExecutionContext;)V+5
j  org.junit.platform.engine.support.hierarchical.Node.around(Lorg/junit/platform/engine/support/hierarchical/EngineExecutionContext;Lorg/junit/platform/engine/support/hierarchical/Node$Invocation;)V+2
j  org.junit.platform.engine.support.hierarchical.NodeTestTask.lambda$executeRecursively$9()V+14
j  org.junit.platform.engine.support.hierarchical.NodeTestTask$$Lambda$262+0x000000080109c800.execute()V+4
j  org.junit.platform.engine.support.hierarchical.ThrowableCollector.execute(Lorg/junit/platform/engine/support/hierarchical/ThrowableCollector$Executable;)V+1
j  org.junit.platform.engine.support.hierarchical.NodeTestTask.executeRecursively()V+31
j  org.junit.platform.engine.support.hierarchical.NodeTestTask.execute()V+55
j  org.junit.platform.engine.support.hierarchical.SameThreadHierarchicalTestExecutorService.submit(Lorg/junit/platform/engine/support/hierarchical/HierarchicalTestExecutorService$TestTask;)Ljava/util/concurrent/Future;+1
j  org.junit.platform.engine.support.hierarchical.HierarchicalTestExecutor.execute()Ljava/util/concurrent/Future;+74
j  org.junit.platform.engine.support.hierarchical.HierarchicalTestEngine.execute(Lorg/junit/platform/engine/ExecutionRequest;)V+31
j  org.junit.platform.launcher.core.EngineExecutionOrchestrator.execute(Lorg/junit/platform/engine/TestDescriptor;Lorg/junit/platform/engine/EngineExecutionListener;Lorg/junit/platform/engine/ConfigurationParameters;Lorg/junit/platform/engine/TestEngine;)V+24
j  org.junit.platform.launcher.core.EngineExecutionOrchestrator.execute(Lorg/junit/platform/launcher/core/LauncherDiscoveryResult;Lorg/junit/platform/engine/EngineExecutionListener;)V+100
j  org.junit.platform.launcher.core.EngineExecutionOrchestrator.execute(Lorg/junit/platform/launcher/core/InternalTestPlan;Lorg/junit/platform/engine/EngineExecutionListener;Lorg/junit/platform/launcher/TestExecutionListener;)V+63
j  org.junit.platform.launcher.core.EngineExecutionOrchestrator.lambda$execute$0(Lorg/junit/platform/launcher/core/InternalTestPlan;Lorg/junit/platform/launcher/TestExecutionListener;)V+6
j  org.junit.platform.launcher.core.EngineExecutionOrchestrator$$Lambda$210+0x000000080108e478.accept(Ljava/lang/Object;)V+12
j  org.junit.platform.launcher.core.EngineExecutionOrchestrator.withInterceptedStreams(Lorg/junit/platform/engine/ConfigurationParameters;Lorg/junit/platform/launcher/core/ListenerRegistry;Ljava/util/function/Consumer;)V+51
j  org.junit.platform.launcher.core.EngineExecutionOrchestrator.execute(Lorg/junit/platform/launcher/core/InternalTestPlan;[Lorg/junit/platform/launcher/TestExecutionListener;)V+23
j  org.junit.platform.launcher.core.DefaultLauncher.execute(Lorg/junit/platform/launcher/core/InternalTestPlan;[Lorg/junit/platform/launcher/TestExecutionListener;)V+6
j  org.junit.platform.launcher.core.DefaultLauncher.execute(Lorg/junit/platform/launcher/LauncherDiscoveryRequest;[Lorg/junit/platform/launcher/TestExecutionListener;)V+34
j  org.junit.platform.launcher.core.DefaultLauncherSession$DelegatingLauncher.execute(Lorg/junit/platform/launcher/LauncherDiscoveryRequest;[Lorg/junit/platform/launcher/TestExecutionListener;)V+6
j  org.junit.platform.launcher.core.SessionPerRequestLauncher.execute(Lorg/junit/platform/launcher/LauncherDiscoveryRequest;[Lorg/junit/platform/launcher/TestExecutionListener;)V+13
j  com.intellij.junit5.JUnit5IdeaTestRunner.startRunnerWithArgs([Ljava/lang/String;Ljava/lang/String;IZ)I+202
j  com.intellij.rt.junit.IdeaTestRunner$Repeater$1.execute(Z)I+17
j  com.intellij.rt.execution.junit.TestsRepeater.repeat(IZLcom/intellij/rt/execution/junit/TestsRepeater$TestRun;)I+7
j  com.intellij.rt.junit.IdeaTestRunner$Repeater.startRunnerWithArgs(Lcom/intellij/rt/junit/IdeaTestRunner;[Ljava/lang/String;Ljava/util/ArrayList;Ljava/lang/String;IZ)I+25
j  com.intellij.rt.junit.JUnitStarter.prepareStreamsAndStart([Ljava/lang/String;Ljava/lang/String;Ljava/util/ArrayList;Ljava/lang/String;)I+116
j  com.intellij.rt.junit.JUnitStarter.main([Ljava/lang/String;)V+97
v  ~StubRoutines::call_stub

siginfo: si_signo: 11 (SIGSEGV), si_code: 1 (SEGV_MAPERR), si_addr: 0x0000040000000008

Register to memory mapping:

RAX=0x00000000efa8ffff is an unknown value
RBX=0x000000000000002c is an unknown value
RCX=0x00007f6a3c106d10 points into unknown readable memory: 0x0000000000000000 | 00 00 00 00 00 00 00 00
RDX=0x0 is NULL
RSP=0x00007f6a43dfaf30 is pointing into the stack for thread: 0x00007f6a3c017db0
RBP=0x00007f6a43dfaf80 is pointing into the stack for thread: 0x00007f6a3c017db0
RSI=0x00007f6a3c106d10 points into unknown readable memory: 0x0000000000000000 | 00 00 00 00 00 00 00 00
RDI=0x00007f6a4510ef98: <offset 0x000000000130ef98> in /usr/lib/jvm/java-17-openjdk-amd64/lib/server/libjvm.so at 0x00007f6a43e00000
R8 =0x000000000000002c is an unknown value
R9 =0x00007f6a3c5af310 points into unknown readable memory: 0x0000040000000000 | 00 00 00 00 00 04 00 00
R10=0x0 is NULL
R11=0x00000000000002f0 is an unknown value
R12=0x00007f6a3c79e23d points into unknown readable memory: 28 4c 6f
R13=0x0000040000000000 is an unknown value
R14=0x00007f6a43cbc810 points into unknown readable memory: 0x6170000fefa8ffff | ff ff a8 ef 0f 00 70 61
R15=0x0000000000000001 is an unknown value


Registers:
RAX=0x00000000efa8ffff, RBX=0x000000000000002c, RCX=0x00007f6a3c106d10, RDX=0x0000000000000000
RSP=0x00007f6a43dfaf30, RBP=0x00007f6a43dfaf80, RSI=0x00007f6a3c106d10, RDI=0x00007f6a4510ef98
R8 =0x000000000000002c, R9 =0x00007f6a3c5af310, R10=0x0000000000000000, R11=0x00000000000002f0
R12=0x00007f6a3c79e23d, R13=0x0000040000000000, R14=0x00007f6a43cbc810, R15=0x0000000000000001
RIP=0x00007f6a44c76360, EFLAGS=0x0000000000010206, CSGSFS=0x002b000000000033, ERR=0x0000000000000004
  TRAPNO=0x000000000000000e

Top of Stack: (sp=0x00007f6a43dfaf30)
0x00007f6a43dfaf30:   0000000000000000 00007f6a3c017db0
0x00007f6a43dfaf40:   00007f6a3c106d10 000000000000002c
0x00007f6a43dfaf50:   00007f6a04698000 00000000000001cf
0x00007f6a43dfaf60:   00007f6a04698000 00007f6a44dfb0f4 

Instructions: (pc=0x00007f6a44c76360)
0x00007f6a44c76260:   41 39 c6 75 cb 49 8d 7d 06 49 63 d6 4c 89 fe e8
0x00007f6a44c76270:   1c ac 3d ff 85 c0 b8 00 00 00 00 4c 0f 45 e8 e9
0x00007f6a44c76280:   9e fe ff ff 66 66 2e 0f 1f 84 00 00 00 00 00 90
0x00007f6a44c76290:   f3 0f 1e fa 55 48 89 e5 41 57 41 56 49 89 d6 41
0x00007f6a44c762a0:   55 41 54 49 89 fc 53 89 f3 48 83 ec 28 66 48 8d
0x00007f6a44c762b0:   3d e3 8c 49 00 66 66 48 e8 03 a3 3d ff 48 8b 0d
0x00007f6a44c762c0:   4c 8c 50 00 48 89 4d c0 48 8b 00 48 89 45 b8 48
0x00007f6a44c762d0:   8b 80 f8 00 00 00 48 89 45 b0 a8 01 75 12 48 8d
0x00007f6a44c762e0:   05 7b 39 4e 00 48 8b 80 80 00 00 00 48 83 c8 01
0x00007f6a44c762f0:   48 8b 75 b8 48 8d 96 f8 00 00 00 48 87 02 48 8b
0x00007f6a44c76300:   75 c0 48 8b 46 48 48 85 c0 74 09 48 8d 56 48 31
0x00007f6a44c76310:   c0 48 87 02 48 8b 4d c0 48 8b 41 08 48 8b 50 18
0x00007f6a44c76320:   48 8b 00 4c 21 f2 48 8d 04 d0 48 8b 10 83 e2 02
0x00007f6a44c76330:   74 0f 48 8b 41 10 4c 23 70 18 48 8b 00 4a 8d 04
0x00007f6a44c76340:   f0 4c 8b 08 49 83 e1 fc 4d 89 cf 4d 89 cd 0f 84
0x00007f6a44c76350:   88 00 00 00 48 63 c3 45 31 ff 48 89 45 c8 66 90
0x00007f6a44c76360:   4d 8b 75 08 49 83 c7 01 41 0f b7 46 04 39 c3 75
0x00007f6a44c76370:   5f 48 8b 55 c8 49 8d 7e 06 4c 89 e6 e8 0f ab 3d
0x00007f6a44c76380:   ff 85 c0 75 4b 4c 89 f7 e8 f3 ed ff ff 84 c0 74
0x00007f6a44c76390:   42 48 8b 45 c0 48 8b 50 28 49 8b 45 08 48 8b 5d
0x00007f6a44c763a0:   b8 48 8b 4d b0 48 89 8b f8 00 00 00 49 39 d7 76
0x00007f6a44c763b0:   07 c6 05 b0 8a 50 00 01 48 83 c4 28 5b 41 5c 41
0x00007f6a44c763c0:   5d 41 5e 41 5f 5d c3 66 0f 1f 84 00 00 00 00 00
0x00007f6a44c763d0:   41 8b 06 4d 8b 6d 00 4d 85 ed 75 84 48 8b 45 c0
0x00007f6a44c763e0:   48 8b 50 28 31 c0 eb b5 0f 1f 84 00 00 00 00 00
0x00007f6a44c763f0:   f3 0f 1e fa 89 d2 e9 95 fe ff ff 90 0f 1f 40 00
0x00007f6a44c76400:   f3 0f 1e fa 55 48 89 e5 41 56 41 89 f6 41 55 49
0x00007f6a44c76410:   89 fd 41 54 41 89 d4 53 48 8d 3d 41 88 49 00 e8
0x00007f6a44c76420:   9c a1 3d ff 80 b8 18 00 00 00 00 48 89 c3 74 20
0x00007f6a44c76430:   44 89 e2 44 89 f6 4c 89 ef e8 c2 fb ff ff 48 85
0x00007f6a44c76440:   c0 74 3d 5b 41 5c 41 5d 41 5e 5d c3 0f 1f 40 00
0x00007f6a44c76450:   44 89 e2 44 89 f6 4c 89 ef e8 32 fe ff ff 48 85 


Stack slot to memory mapping:
stack at sp + 0 slots: 0x0 is NULL
stack at sp + 1 slots: 0x00007f6a3c017db0 is a thread
stack at sp + 2 slots: 0x00007f6a3c106d10 points into unknown readable memory: 0x0000000000000000 | 00 00 00 00 00 00 00 00
stack at sp + 3 slots: 0x000000000000002c is an unknown value
stack at sp + 4 slots: 0x00007f6a04698000 is pointing into metadata
stack at sp + 5 slots: 0x00000000000001cf is an unknown value
stack at sp + 6 slots: 0x00007f6a04698000 is pointing into metadata
stack at sp + 7 slots: 0x00007f6a44dfb0f4: <offset 0x0000000000ffb0f4> in /usr/lib/jvm/java-17-openjdk-amd64/lib/server/libjvm.so at 0x00007f6a43e00000


---------------  P R O C E S S  ---------------

Threads class SMR info:
_java_thread_list=0x00007f69ec002790, length=14, elements={
0x00007f6a3c017db0, 0x00007f6a3c11fe60, 0x00007f6a3c121240, 0x00007f6a3c126a10,
0x00007f6a3c127dc0, 0x00007f6a3c1291d0, 0x00007f6a3c12ab80, 0x00007f6a3c12c0b0,
0x00007f6a3c12d520, 0x00007f6a3c138f00, 0x00007f6a3c1aaff0, 0x00007f6a3c1acad0,
0x00007f69e807ea80, 0x00007f69ec001800
}

Java Threads: ( => current thread )
=>0x00007f6a3c017db0 JavaThread "main" [_thread_in_vm, id=11188, stack(0x00007f6a43d00000,0x00007f6a43e00000)]
  0x00007f6a3c11fe60 JavaThread "Reference Handler" daemon [_thread_blocked, id=11199, stack(0x00007f6a40d84000,0x00007f6a40e84000)]
  0x00007f6a3c121240 JavaThread "Finalizer" daemon [_thread_blocked, id=11200, stack(0x00007f6a40c84000,0x00007f6a40d84000)]
  0x00007f6a3c126a10 JavaThread "Signal Dispatcher" daemon [_thread_blocked, id=11201, stack(0x00007f6a40b84000,0x00007f6a40c84000)]
  0x00007f6a3c127dc0 JavaThread "Service Thread" daemon [_thread_blocked, id=11202, stack(0x00007f6a40a84000,0x00007f6a40b84000)]
  0x00007f6a3c1291d0 JavaThread "Monitor Deflation Thread" daemon [_thread_blocked, id=11203, stack(0x00007f6a40984000,0x00007f6a40a84000)]
  0x00007f6a3c12ab80 JavaThread "C2 CompilerThread0" daemon [_thread_in_native, id=11204, stack(0x00007f6a40884000,0x00007f6a40984000)]
  0x00007f6a3c12c0b0 JavaThread "C1 CompilerThread0" daemon [_thread_blocked, id=11205, stack(0x00007f6a40784000,0x00007f6a40884000)]
  0x00007f6a3c12d520 JavaThread "Sweeper thread" daemon [_thread_blocked, id=11206, stack(0x00007f6a40684000,0x00007f6a40784000)]
  0x00007f6a3c138f00 JavaThread "Common-Cleaner" daemon [_thread_blocked, id=11207, stack(0x00007f6a40584000,0x00007f6a40684000)]
  0x00007f6a3c1aaff0 JavaThread "Monitor Ctrl-Break" daemon [_thread_in_native, id=11208, stack(0x00007f6a40484000,0x00007f6a40584000)]
  0x00007f6a3c1acad0 JavaThread "Notification Thread" daemon [_thread_blocked, id=11209, stack(0x00007f6a40384000,0x00007f6a40484000)]
  0x00007f69e807ea80 JavaThread "C2 CompilerThread1" daemon [_thread_in_native, id=11211, stack(0x00007f6a40182000,0x00007f6a40282000)]
  0x00007f69ec001800 JavaThread "Attach Listener" daemon [_thread_in_Java, id=11223, stack(0x00007f6a1c5fe000,0x00007f6a1c6fe000)]

Other Threads:
  0x00007f6a3c11bdb0 VMThread "VM Thread" [stack: 0x00007f6a40e86000,0x00007f6a40f86000] [id=11195]
  0x00007f6a3c01a580 WatcherThread [stack: 0x00007f6a40284000,0x00007f6a40384000] [id=11210]
  0x00007f6a3c084890 GCTaskThread "GC Thread#0" [stack: 0x00007f6a418e6000,0x00007f6a419e6000] [id=11189]
  0x00007f69fc0051c0 GCTaskThread "GC Thread#1" [stack: 0x00007f6a40082000,0x00007f6a40182000] [id=11213]
  0x00007f69fc005bf0 GCTaskThread "GC Thread#2" [stack: 0x00007f6a3bf00000,0x00007f6a3c000000] [id=11214]
  0x00007f69fc006620 GCTaskThread "GC Thread#3" [stack: 0x00007f6a1c700000,0x00007f6a1c800000] [id=11215]
  0x00007f6a3c08e9f0 ConcurrentGCThread "G1 Main Marker" [stack: 0x00007f6a417e4000,0x00007f6a418e4000] [id=11190]
  0x00007f6a3c08f950 ConcurrentGCThread "G1 Conc#0" [stack: 0x00007f6a416e2000,0x00007f6a417e2000] [id=11191]
  0x00007f6a3c0f3280 ConcurrentGCThread "G1 Refine#0" [stack: 0x00007f6a411dc000,0x00007f6a412dc000] [id=11192]
  0x00007f6a3c0f4170 ConcurrentGCThread "G1 Service" [stack: 0x00007f6a410da000,0x00007f6a411da000] [id=11193]

Threads with active compile tasks:
C2 CompilerThread0     1182 1180       4       java.lang.Class::getName (18 bytes)
C2 CompilerThread1     1182 1152   !   4       java.util.concurrent.ConcurrentHashMap::putVal (432 bytes)

VM state: not at safepoint (normal execution)

VM Mutex/Monitor currently owned by a thread: None

Heap address: 0x00000006e8000000, size: 4480 MB, Compressed Oops mode: Zero based, Oop shift amount: 3

CDS archive(s) mapped at: [0x0000000800000000-0x0000000800be2000-0x0000000800be2000), size 12460032, SharedBaseAddress: 0x0000000800000000, ArchiveRelocationMode: 0.
Compressed class space mapped at: 0x0000000801000000-0x0000000841000000, reserved size: 1073741824
Narrow klass base: 0x0000000800000000, Narrow klass shift: 0, Narrow klass range: 0x100000000

GC Precious Log:
 CPUs: 4 total, 4 available
 Memory: 17919M
 Large Page Support: Disabled
 NUMA Support: Disabled
 Compressed Oops: Enabled (Zero based)
 Heap Region Size: 4M
 Heap Min Capacity: 8M
 Heap Initial Capacity: 280M
 Heap Max Capacity: 4480M
 Pre-touch: Disabled
 Parallel Workers: 4
 Concurrent Workers: 1
 Concurrent Refinement Workers: 4
 Periodic GC: Disabled

Heap:
 garbage-first heap   total 294912K, used 14038K [0x00000006e8000000, 0x0000000800000000)
  region size 4096K, 3 young (12288K), 1 survivors (4096K)
 Metaspace       used 6250K, committed 6464K, reserved 1114112K
  class space    used 792K, committed 896K, reserved 1048576K

Heap Regions: E=young(eden), S=young(survivor), O=old, HS=humongous(starts), HC=humongous(continues), CS=collection set, F=free, OA=open archive, CA=closed archive, TAMS=top-at-mark-start (previous, next)
|   0|0x00000006e8000000, 0x00000006e8400000, 0x00000006e8400000|100%| O|  |TAMS 0x00000006e8000000, 0x00000006e8000000| Untracked 
|   1|0x00000006e8400000, 0x00000006e853fc00, 0x00000006e8800000| 31%| O|  |TAMS 0x00000006e8400000, 0x00000006e8400000| Untracked 
|   2|0x00000006e8800000, 0x00000006e8800000, 0x00000006e8c00000|  0%| F|  |TAMS 0x00000006e8800000, 0x00000006e8800000| Untracked 
|   3|0x00000006e8c00000, 0x00000006e8c00000, 0x00000006e9000000|  0%| F|  |TAMS 0x00000006e8c00000, 0x00000006e8c00000| Untracked 
|   4|0x00000006e9000000, 0x00000006e9000000, 0x00000006e9400000|  0%| F|  |TAMS 0x00000006e9000000, 0x00000006e9000000| Untracked 
|   5|0x00000006e9400000, 0x00000006e9400000, 0x00000006e9800000|  0%| F|  |TAMS 0x00000006e9400000, 0x00000006e9400000| Untracked 
|   6|0x00000006e9800000, 0x00000006e9800000, 0x00000006e9c00000|  0%| F|  |TAMS 0x00000006e9800000, 0x00000006e9800000| Untracked 
|   7|0x00000006e9c00000, 0x00000006e9c00000, 0x00000006ea000000|  0%| F|  |TAMS 0x00000006e9c00000, 0x00000006e9c00000| Untracked 
|   8|0x00000006ea000000, 0x00000006ea000000, 0x00000006ea400000|  0%| F|  |TAMS 0x00000006ea000000, 0x00000006ea000000| Untracked 
|   9|0x00000006ea400000, 0x00000006ea400000, 0x00000006ea800000|  0%| F|  |TAMS 0x00000006ea400000, 0x00000006ea400000| Untracked 
|  10|0x00000006ea800000, 0x00000006ea800000, 0x00000006eac00000|  0%| F|  |TAMS 0x00000006ea800000, 0x00000006ea800000| Untracked 
|  11|0x00000006eac00000, 0x00000006eac00000, 0x00000006eb000000|  0%| F|  |TAMS 0x00000006eac00000, 0x00000006eac00000| Untracked 
|  12|0x00000006eb000000, 0x00000006eb000000, 0x00000006eb400000|  0%| F|  |TAMS 0x00000006eb000000, 0x00000006eb000000| Untracked 
|  13|0x00000006eb400000, 0x00000006eb400000, 0x00000006eb800000|  0%| F|  |TAMS 0x00000006eb400000, 0x00000006eb400000| Untracked 
|  14|0x00000006eb800000, 0x00000006eb800000, 0x00000006ebc00000|  0%| F|  |TAMS 0x00000006eb800000, 0x00000006eb800000| Untracked 
|  15|0x00000006ebc00000, 0x00000006ebc00000, 0x00000006ec000000|  0%| F|  |TAMS 0x00000006ebc00000, 0x00000006ebc00000| Untracked 
|  16|0x00000006ec000000, 0x00000006ec000000, 0x00000006ec400000|  0%| F|  |TAMS 0x00000006ec000000, 0x00000006ec000000| Untracked 
|  17|0x00000006ec400000, 0x00000006ec400000, 0x00000006ec800000|  0%| F|  |TAMS 0x00000006ec400000, 0x00000006ec400000| Untracked 
|  18|0x00000006ec800000, 0x00000006ec800000, 0x00000006ecc00000|  0%| F|  |TAMS 0x00000006ec800000, 0x00000006ec800000| Untracked 
|  19|0x00000006ecc00000, 0x00000006ecc00000, 0x00000006ed000000|  0%| F|  |TAMS 0x00000006ecc00000, 0x00000006ecc00000| Untracked 
|  20|0x00000006ed000000, 0x00000006ed000000, 0x00000006ed400000|  0%| F|  |TAMS 0x00000006ed000000, 0x00000006ed000000| Untracked 
|  21|0x00000006ed400000, 0x00000006ed400000, 0x00000006ed800000|  0%| F|  |TAMS 0x00000006ed400000, 0x00000006ed400000| Untracked 
|  22|0x00000006ed800000, 0x00000006ed800000, 0x00000006edc00000|  0%| F|  |TAMS 0x00000006ed800000, 0x00000006ed800000| Untracked 
|  23|0x00000006edc00000, 0x00000006edc00000, 0x00000006ee000000|  0%| F|  |TAMS 0x00000006edc00000, 0x00000006edc00000| Untracked 
|  24|0x00000006ee000000, 0x00000006ee000000, 0x00000006ee400000|  0%| F|  |TAMS 0x00000006ee000000, 0x00000006ee000000| Untracked 
|  25|0x00000006ee400000, 0x00000006ee400000, 0x00000006ee800000|  0%| F|  |TAMS 0x00000006ee400000, 0x00000006ee400000| Untracked 
|  26|0x00000006ee800000, 0x00000006ee800000, 0x00000006eec00000|  0%| F|  |TAMS 0x00000006ee800000, 0x00000006ee800000| Untracked 
|  27|0x00000006eec00000, 0x00000006eec00000, 0x00000006ef000000|  0%| F|  |TAMS 0x00000006eec00000, 0x00000006eec00000| Untracked 
|  28|0x00000006ef000000, 0x00000006ef000000, 0x00000006ef400000|  0%| F|  |TAMS 0x00000006ef000000, 0x00000006ef000000| Untracked 
|  29|0x00000006ef400000, 0x00000006ef400000, 0x00000006ef800000|  0%| F|  |TAMS 0x00000006ef400000, 0x00000006ef400000| Untracked 
|  30|0x00000006ef800000, 0x00000006ef800000, 0x00000006efc00000|  0%| F|  |TAMS 0x00000006ef800000, 0x00000006ef800000| Untracked 
|  31|0x00000006efc00000, 0x00000006efc00000, 0x00000006f0000000|  0%| F|  |TAMS 0x00000006efc00000, 0x00000006efc00000| Untracked 
|  32|0x00000006f0000000, 0x00000006f0000000, 0x00000006f0400000|  0%| F|  |TAMS 0x00000006f0000000, 0x00000006f0000000| Untracked 
|  33|0x00000006f0400000, 0x00000006f0400000, 0x00000006f0800000|  0%| F|  |TAMS 0x00000006f0400000, 0x00000006f0400000| Untracked 
|  34|0x00000006f0800000, 0x00000006f0800000, 0x00000006f0c00000|  0%| F|  |TAMS 0x00000006f0800000, 0x00000006f0800000| Untracked 
|  35|0x00000006f0c00000, 0x00000006f0c00000, 0x00000006f1000000|  0%| F|  |TAMS 0x00000006f0c00000, 0x00000006f0c00000| Untracked 
|  36|0x00000006f1000000, 0x00000006f1000000, 0x00000006f1400000|  0%| F|  |TAMS 0x00000006f1000000, 0x00000006f1000000| Untracked 
|  37|0x00000006f1400000, 0x00000006f1400000, 0x00000006f1800000|  0%| F|  |TAMS 0x00000006f1400000, 0x00000006f1400000| Untracked 
|  38|0x00000006f1800000, 0x00000006f1800000, 0x00000006f1c00000|  0%| F|  |TAMS 0x00000006f1800000, 0x00000006f1800000| Untracked 
|  39|0x00000006f1c00000, 0x00000006f1c00000, 0x00000006f2000000|  0%| F|  |TAMS 0x00000006f1c00000, 0x00000006f1c00000| Untracked 
|  40|0x00000006f2000000, 0x00000006f2000000, 0x00000006f2400000|  0%| F|  |TAMS 0x00000006f2000000, 0x00000006f2000000| Untracked 
|  41|0x00000006f2400000, 0x00000006f2400000, 0x00000006f2800000|  0%| F|  |TAMS 0x00000006f2400000, 0x00000006f2400000| Untracked 
|  42|0x00000006f2800000, 0x00000006f2800000, 0x00000006f2c00000|  0%| F|  |TAMS 0x00000006f2800000, 0x00000006f2800000| Untracked 
|  43|0x00000006f2c00000, 0x00000006f2c00000, 0x00000006f3000000|  0%| F|  |TAMS 0x00000006f2c00000, 0x00000006f2c00000| Untracked 
|  44|0x00000006f3000000, 0x00000006f3000000, 0x00000006f3400000|  0%| F|  |TAMS 0x00000006f3000000, 0x00000006f3000000| Untracked 
|  45|0x00000006f3400000, 0x00000006f3400000, 0x00000006f3800000|  0%| F|  |TAMS 0x00000006f3400000, 0x00000006f3400000| Untracked 
|  46|0x00000006f3800000, 0x00000006f3800000, 0x00000006f3c00000|  0%| F|  |TAMS 0x00000006f3800000, 0x00000006f3800000| Untracked 
|  47|0x00000006f3c00000, 0x00000006f3c00000, 0x00000006f4000000|  0%| F|  |TAMS 0x00000006f3c00000, 0x00000006f3c00000| Untracked 
|  48|0x00000006f4000000, 0x00000006f4000000, 0x00000006f4400000|  0%| F|  |TAMS 0x00000006f4000000, 0x00000006f4000000| Untracked 
|  49|0x00000006f4400000, 0x00000006f4400000, 0x00000006f4800000|  0%| F|  |TAMS 0x00000006f4400000, 0x00000006f4400000| Untracked 
|  50|0x00000006f4800000, 0x00000006f4800000, 0x00000006f4c00000|  0%| F|  |TAMS 0x00000006f4800000, 0x00000006f4800000| Untracked 
|  51|0x00000006f4c00000, 0x00000006f4c00000, 0x00000006f5000000|  0%| F|  |TAMS 0x00000006f4c00000, 0x00000006f4c00000| Untracked 
|  52|0x00000006f5000000, 0x00000006f5000000, 0x00000006f5400000|  0%| F|  |TAMS 0x00000006f5000000, 0x00000006f5000000| Untracked 
|  53|0x00000006f5400000, 0x00000006f5400000, 0x00000006f5800000|  0%| F|  |TAMS 0x00000006f5400000, 0x00000006f5400000| Untracked 
|  54|0x00000006f5800000, 0x00000006f5800000, 0x00000006f5c00000|  0%| F|  |TAMS 0x00000006f5800000, 0x00000006f5800000| Untracked 
|  55|0x00000006f5c00000, 0x00000006f5c00000, 0x00000006f6000000|  0%| F|  |TAMS 0x00000006f5c00000, 0x00000006f5c00000| Untracked 
|  56|0x00000006f6000000, 0x00000006f6000000, 0x00000006f6400000|  0%| F|  |TAMS 0x00000006f6000000, 0x00000006f6000000| Untracked 
|  57|0x00000006f6400000, 0x00000006f6400000, 0x00000006f6800000|  0%| F|  |TAMS 0x00000006f6400000, 0x00000006f6400000| Untracked 
|  58|0x00000006f6800000, 0x00000006f6800000, 0x00000006f6c00000|  0%| F|  |TAMS 0x00000006f6800000, 0x00000006f6800000| Untracked 
|  59|0x00000006f6c00000, 0x00000006f6c00000, 0x00000006f7000000|  0%| F|  |TAMS 0x00000006f6c00000, 0x00000006f6c00000| Untracked 
|  60|0x00000006f7000000, 0x00000006f7000000, 0x00000006f7400000|  0%| F|  |TAMS 0x00000006f7000000, 0x00000006f7000000| Untracked 
|  61|0x00000006f7400000, 0x00000006f7400000, 0x00000006f7800000|  0%| F|  |TAMS 0x00000006f7400000, 0x00000006f7400000| Untracked 
|  62|0x00000006f7800000, 0x00000006f7800000, 0x00000006f7c00000|  0%| F|  |TAMS 0x00000006f7800000, 0x00000006f7800000| Untracked 
|  63|0x00000006f7c00000, 0x00000006f7c00000, 0x00000006f8000000|  0%| F|  |TAMS 0x00000006f7c00000, 0x00000006f7c00000| Untracked 
|  64|0x00000006f8000000, 0x00000006f8000000, 0x00000006f8400000|  0%| F|  |TAMS 0x00000006f8000000, 0x00000006f8000000| Untracked 
|  65|0x00000006f8400000, 0x00000006f8400000, 0x00000006f8800000|  0%| F|  |TAMS 0x00000006f8400000, 0x00000006f8400000| Untracked 
|  66|0x00000006f8800000, 0x00000006f8800000, 0x00000006f8c00000|  0%| F|  |TAMS 0x00000006f8800000, 0x00000006f8800000| Untracked 
|  67|0x00000006f8c00000, 0x00000006f8c7dfb0, 0x00000006f9000000| 12%| S|CS|TAMS 0x00000006f8c00000, 0x00000006f8c00000| Complete 
|  68|0x00000006f9000000, 0x00000006f919be28, 0x00000006f9400000| 40%| E|  |TAMS 0x00000006f9000000, 0x00000006f9000000| Complete 
|  69|0x00000006f9400000, 0x00000006f9800000, 0x00000006f9800000|100%| E|CS|TAMS 0x00000006f9400000, 0x00000006f9400000| Complete 
|1118|0x00000007ff800000, 0x00000007ffb76000, 0x00000007ffc00000| 86%|OA|  |TAMS 0x00000007ff800000, 0x00000007ff800000| Untracked 
|1119|0x00000007ffc00000, 0x00000007ffc82000, 0x0000000800000000| 12%|CA|  |TAMS 0x00000007ffc00000, 0x00000007ffc00000| Untracked 

Card table byte_map: [0x00007f6a422a6000,0x00007f6a42b66000] _byte_map_base: 0x00007f6a3eb66000

Marking Bits (Prev, Next): (CMBitMap*) 0x00007f6a3c085310, (CMBitMap*) 0x00007f6a3c085350
 Prev Bits: [0x00007f6a20e00000, 0x00007f6a25400000)
 Next Bits: [0x00007f6a1c800000, 0x00007f6a20e00000)

Polling page: 0x00007f6a455e9000

Metaspace:

Usage:
  Non-class:      5.33 MB used.
      Class:    792.57 KB used.
       Both:      6.10 MB used.

Virtual space:
  Non-class space:       64.00 MB reserved,       5.44 MB (  8%) committed,  1 nodes.
      Class space:        1.00 GB reserved,     896.00 KB ( <1%) committed,  1 nodes.
             Both:        1.06 GB reserved,       6.31 MB ( <1%) committed. 

Chunk freelists:
   Non-Class:  9.39 MB
       Class:  15.10 MB
        Both:  24.49 MB

MaxMetaspaceSize: unlimited
CompressedClassSpaceSize: 1.00 GB
Initial GC threshold: 21.00 MB
Current GC threshold: 21.00 MB
CDS: on
MetaspaceReclaimPolicy: balanced
 - commit_granule_bytes: 65536.
 - commit_granule_words: 8192.
 - virtual_space_node_default_size: 8388608.
 - enlarge_chunks_in_place: 1.
 - new_chunks_are_fully_committed: 0.
 - uncommit_free_chunks: 1.
 - use_allocation_guard: 0.
 - handle_deallocations: 1.


Internal statistics:

num_allocs_failed_limit: 0.
num_arena_births: 104.
num_arena_deaths: 0.
num_vsnodes_births: 2.
num_vsnodes_deaths: 0.
num_space_committed: 101.
num_space_uncommitted: 0.
num_chunks_returned_to_freelist: 0.
num_chunks_taken_from_freelist: 326.
num_chunk_merges: 0.
num_chunk_splits: 168.
num_chunks_enlarged: 100.
num_inconsistent_stats: 0.

CodeHeap 'non-profiled nmethods': size=120032Kb used=409Kb max_used=409Kb free=119623Kb
 bounds [0x00007f6a2cec8000, 0x00007f6a2d138000, 0x00007f6a34400000]
CodeHeap 'profiled nmethods': size=120028Kb used=2206Kb max_used=2206Kb free=117821Kb
 bounds [0x00007f6a25400000, 0x00007f6a25670000, 0x00007f6a2c937000]
CodeHeap 'non-nmethods': size=5700Kb used=1139Kb max_used=1153Kb free=4560Kb
 bounds [0x00007f6a2c937000, 0x00007f6a2cba7000, 0x00007f6a2cec8000]
 total_blobs=1610 nmethods=1180 adapters=344
 compilation: enabled
              stopped_count=0, restarted_count=0
 full_count=0

Compilation events (20 events):
Event: 1.161 Thread 0x00007f6a3c12c0b0 nmethod 1158 0x00007f6a2561a890 code [0x00007f6a2561ab80, 0x00007f6a2561b9c0]
Event: 1.161 Thread 0x00007f6a3c12c0b0 1159       3       java.lang.ClassLoader::defineClassSourceLocation (28 bytes)
Event: 1.161 Thread 0x00007f6a3c12c0b0 nmethod 1159 0x00007f6a2561bf10 code [0x00007f6a2561c0e0, 0x00007f6a2561c460]
Event: 1.161 Thread 0x00007f6a3c12c0b0 1160       3       java.lang.ClassLoader::postDefineClass (39 bytes)
Event: 1.161 Thread 0x00007f6a3c12c0b0 nmethod 1160 0x00007f6a2561c610 code [0x00007f6a2561c800, 0x00007f6a2561cb10]
Event: 1.161 Thread 0x00007f6a3c12c0b0 1164       3       java.util.HashMap::hash (20 bytes)
Event: 1.162 Thread 0x00007f6a3c12c0b0 nmethod 1164 0x00007f6a2561cc90 code [0x00007f6a2561ce40, 0x00007f6a2561d040]
Event: 1.162 Thread 0x00007f6a3c12c0b0 1165       3       java.util.HashMap::put (13 bytes)
Event: 1.162 Thread 0x00007f6a3c12c0b0 nmethod 1165 0x00007f6a2561d110 code [0x00007f6a2561d2e0, 0x00007f6a2561d5d0]
Event: 1.162 Thread 0x00007f6a3c12c0b0 1161       3       java.lang.ClassLoader::getNamedPackage (73 bytes)
Event: 1.162 Thread 0x00007f6a3c12ab80 1166       4       java.util.concurrent.ConcurrentHashMap::addCount (280 bytes)
Event: 1.165 Thread 0x00007f6a3c12c0b0 nmethod 1161 0x00007f6a2561d710 code [0x00007f6a2561d900, 0x00007f6a2561de60]
Event: 1.165 Thread 0x00007f6a3c12c0b0 1167       3       java.lang.ClassLoader::getDefinedPackage (36 bytes)
Event: 1.166 Thread 0x00007f6a3c12c0b0 nmethod 1167 0x00007f6a2561e010 code [0x00007f6a2561e200, 0x00007f6a2561e780]
Event: 1.166 Thread 0x00007f6a3c12c0b0 1163       3       java.security.SecureClassLoader::defineClass (16 bytes)
Event: 1.166 Thread 0x00007f6a3c12c0b0 nmethod 1163 0x00007f6a2561e990 code [0x00007f6a2561eb40, 0x00007f6a2561ecd0]
Event: 1.166 Thread 0x00007f6a3c12c0b0 1168       3       java.net.URLStreamHandler::setURL (159 bytes)
Event: 1.166 Thread 0x00007f6a3c12ab80 nmethod 1166 0x00007f6a2cf2d510 code [0x00007f6a2cf2d6c0, 0x00007f6a2cf2d928]
Event: 1.168 Thread 0x00007f6a3c12c0b0 nmethod 1168 0x00007f6a2561ed90 code [0x00007f6a2561f120, 0x00007f6a25620660]
Event: 1.168 Thread 0x00007f6a3c12c0b0 1170       3       java.util.StringTokenizer::scanToken (179 bytes)

GC Heap History (4 events):
Event: 0.650 GC heap before
{Heap before GC invocations=0 (full 0):
 garbage-first heap   total 294912K, used 12256K [0x00000006e8000000, 0x0000000800000000)
  region size 4096K, 3 young (12288K), 0 survivors (0K)
 Metaspace       used 2597K, committed 2688K, reserved 1114112K
  class space    used 261K, committed 320K, reserved 1048576K
}
Event: 0.657 GC heap after
{Heap after GC invocations=1 (full 0):
 garbage-first heap   total 294912K, used 9849K [0x00000006e8000000, 0x0000000800000000)
  region size 4096K, 1 young (4096K), 1 survivors (4096K)
 Metaspace       used 2597K, committed 2688K, reserved 1114112K
  class space    used 261K, committed 320K, reserved 1048576K
}
Event: 0.995 GC heap before
{Heap before GC invocations=1 (full 0):
 garbage-first heap   total 294912K, used 18041K [0x00000006e8000000, 0x0000000800000000)
  region size 4096K, 3 young (12288K), 1 survivors (4096K)
 Metaspace       used 4488K, committed 4672K, reserved 1114112K
  class space    used 572K, committed 640K, reserved 1048576K
}
Event: 1.003 GC heap after
{Heap after GC invocations=2 (full 0):
 garbage-first heap   total 294912K, used 9942K [0x00000006e8000000, 0x0000000800000000)
  region size 4096K, 1 young (4096K), 1 survivors (4096K)
 Metaspace       used 4488K, committed 4672K, reserved 1114112K
  class space    used 572K, committed 640K, reserved 1048576K
}

Dll operation events (9 events):
Event: 0.002 Loaded shared library /usr/lib/jvm/java-17-openjdk-amd64/lib/libjava.so
Event: 0.012 Loaded shared library /usr/lib/jvm/java-17-openjdk-amd64/lib/libjsvml.so
Event: 0.116 Loaded shared library /usr/lib/jvm/java-17-openjdk-amd64/lib/libzip.so
Event: 0.118 Loaded shared library /usr/lib/jvm/java-17-openjdk-amd64/lib/libinstrument.so
Event: 0.124 Loaded shared library /usr/lib/jvm/java-17-openjdk-amd64/lib/libnio.so
Event: 0.132 Loaded shared library /usr/lib/jvm/java-17-openjdk-amd64/lib/libzip.so
Event: 0.151 Loaded shared library /usr/lib/jvm/java-17-openjdk-amd64/lib/libnet.so
Event: 0.158 Loaded shared library /usr/lib/jvm/java-17-openjdk-amd64/lib/libextnet.so
Event: 0.406 Loaded shared library /usr/lib/jvm/java-17-openjdk-amd64/lib/libjimage.so

Deoptimization events (20 events):
Event: 0.661 Thread 0x00007f6a3c017db0 DEOPT PACKING pc=0x00007f6a2cf021a8 sp=0x00007f6a43dfdf00
Event: 0.661 Thread 0x00007f6a3c017db0 DEOPT UNPACKING pc=0x00007f6a2c98d699 sp=0x00007f6a43dfdeb0 mode 2
Event: 0.661 Thread 0x00007f6a3c017db0 Uncommon trap: trap_request=0xffffffde fr.pc=0x00007f6a2cf021a8 relative=0x00000000000014e8
Event: 0.661 Thread 0x00007f6a3c017db0 Uncommon trap: reason=class_check action=maybe_recompile pc=0x00007f6a2cf021a8 method=java.util.HashMap.putVal(ILjava/lang/Object;Ljava/lang/Object;ZZ)Ljava/lang/Object; @ 91 c2
Event: 0.661 Thread 0x00007f6a3c017db0 DEOPT PACKING pc=0x00007f6a2cf021a8 sp=0x00007f6a43dfdf00
Event: 0.661 Thread 0x00007f6a3c017db0 DEOPT UNPACKING pc=0x00007f6a2c98d699 sp=0x00007f6a43dfdeb0 mode 2
Event: 0.922 Thread 0x00007f6a3c017db0 DEOPT PACKING pc=0x00007f6a2547e030 sp=0x00007f6a43dfca60
Event: 0.922 Thread 0x00007f6a3c017db0 DEOPT UNPACKING pc=0x00007f6a2c98de2f sp=0x00007f6a43dfbf98 mode 0
Event: 1.095 Thread 0x00007f6a3c017db0 Uncommon trap: trap_request=0xffffff45 fr.pc=0x00007f6a2cf24a88 relative=0x0000000000000268
Event: 1.095 Thread 0x00007f6a3c017db0 Uncommon trap: reason=unstable_if action=reinterpret pc=0x00007f6a2cf24a88 method=java.io.BufferedReader.read()I @ 19 c2
Event: 1.095 Thread 0x00007f6a3c017db0 DEOPT PACKING pc=0x00007f6a2cf24a88 sp=0x00007f6a43dfae90
Event: 1.095 Thread 0x00007f6a3c017db0 DEOPT UNPACKING pc=0x00007f6a2c98d699 sp=0x00007f6a43dfadd0 mode 2
Event: 1.151 Thread 0x00007f6a3c017db0 Uncommon trap: trap_request=0xffffff45 fr.pc=0x00007f6a2cf222f4 relative=0x00000000000000d4
Event: 1.151 Thread 0x00007f6a3c017db0 Uncommon trap: reason=unstable_if action=reinterpret pc=0x00007f6a2cf222f4 method=java.util.HashMap.hash(Ljava/lang/Object;)I @ 1 c2
Event: 1.151 Thread 0x00007f6a3c017db0 DEOPT PACKING pc=0x00007f6a2cf222f4 sp=0x00007f6a43dfb4e0
Event: 1.151 Thread 0x00007f6a3c017db0 DEOPT UNPACKING pc=0x00007f6a2c98d699 sp=0x00007f6a43dfb440 mode 2
Event: 1.151 Thread 0x00007f6a3c017db0 Uncommon trap: trap_request=0xffffff45 fr.pc=0x00007f6a2cef0138 relative=0x0000000000000098
Event: 1.151 Thread 0x00007f6a3c017db0 Uncommon trap: reason=unstable_if action=reinterpret pc=0x00007f6a2cef0138 method=java.util.HashMap.hash(Ljava/lang/Object;)I @ 1 c2
Event: 1.151 Thread 0x00007f6a3c017db0 DEOPT PACKING pc=0x00007f6a2cef0138 sp=0x00007f6a43dfb480
Event: 1.151 Thread 0x00007f6a3c017db0 DEOPT UNPACKING pc=0x00007f6a2c98d699 sp=0x00007f6a43dfb438 mode 2

Classes unloaded (0 events):
No events

Classes redefined (0 events):
No events

Internal exceptions (20 events):
Event: 0.821 Thread 0x00007f6a3c017db0 Exception <a 'java/lang/NoSuchMethodError'{0x00000006f97e5f70}: 'java.lang.Object java.lang.invoke.DirectMethodHandle$Holder.invokeInterface(java.lang.Object, java.lang.Object, java.lang.Object)'> (0x00000006f97e5f70) 
thrown [./src/hotspot/share/interpreter/linkResolver.cpp, line 758]
Event: 0.823 Thread 0x00007f6a3c017db0 Exception <a 'java/lang/NoSuchMethodError'{0x00000006f97f9670}: 'void java.lang.invoke.DirectMethodHandle$Holder.invokeSpecial(java.lang.Object, java.lang.Object, java.lang.Object)'> (0x00000006f97f9670) 
thrown [./src/hotspot/share/interpreter/linkResolver.cpp, line 758]
Event: 0.832 Thread 0x00007f6a3c017db0 Exception <a 'java/lang/NoSuchMethodError'{0x00000006f905d508}: 'void java.lang.invoke.DirectMethodHandle$Holder.invokeInterface(java.lang.Object, java.lang.Object, java.lang.Object, java.lang.Object, java.lang.Object)'> (0x00000006f905d508) 
thrown [./src/hotspot/share/interpreter/linkResolver.cpp, line 758]
Event: 0.832 Thread 0x00007f6a3c017db0 Exception <a 'java/lang/IncompatibleClassChangeError'{0x00000006f9061480}: Found class java.lang.Object, but interface was expected> (0x00000006f9061480) 
thrown [./src/hotspot/share/interpreter/linkResolver.cpp, line 826]
Event: 0.840 Thread 0x00007f6a3c017db0 Exception <a 'java/lang/NoSuchMethodError'{0x00000006f9097f38}: 'void java.lang.invoke.DirectMethodHandle$Holder.invokeInterface(java.lang.Object, java.lang.Object, java.lang.Object)'> (0x00000006f9097f38) 
thrown [./src/hotspot/share/interpreter/linkResolver.cpp, line 758]
Event: 0.841 Thread 0x00007f6a3c017db0 Exception <a 'java/lang/IncompatibleClassChangeError'{0x00000006f909b5a0}: Found class java.lang.Object, but interface was expected> (0x00000006f909b5a0) 
thrown [./src/hotspot/share/interpreter/linkResolver.cpp, line 826]
Event: 0.845 Thread 0x00007f6a3c017db0 Exception <a 'java/lang/NoSuchMethodError'{0x00000006f90b91f0}: 'java.lang.Object java.lang.invoke.DirectMethodHandle$Holder.invokeStatic(java.lang.Object, java.lang.Object, int)'> (0x00000006f90b91f0) 
thrown [./src/hotspot/share/interpreter/linkResolver.cpp, line 758]
Event: 0.858 Thread 0x00007f6a3c017db0 Exception <a 'java/lang/NoSuchMethodError'{0x00000006f910dd20}: 'void java.lang.invoke.DirectMethodHandle$Holder.invokeSpecial(java.lang.Object, java.lang.Object, java.lang.Object, java.lang.Object, java.lang.Object)'> (0x00000006f910dd20) 
thrown [./src/hotspot/share/interpreter/linkResolver.cpp, line 758]
Event: 0.883 Thread 0x00007f6a3c017db0 Exception <a 'java/lang/NoSuchMethodError'{0x00000006f916a670}: 'void java.lang.invoke.DirectMethodHandle$Holder.invokeInterface(java.lang.Object, java.lang.Object, java.lang.Object, java.lang.Object)'> (0x00000006f916a670) 
thrown [./src/hotspot/share/interpreter/linkResolver.cpp, line 758]
Event: 0.884 Thread 0x00007f6a3c017db0 Exception <a 'java/lang/IncompatibleClassChangeError'{0x00000006f916df98}: Found class java.lang.Object, but interface was expected> (0x00000006f916df98) 
thrown [./src/hotspot/share/interpreter/linkResolver.cpp, line 826]
Event: 0.891 Thread 0x00007f6a3c017db0 Exception <a 'java/lang/NoSuchMethodError'{0x00000006f9193c88}: 'void java.lang.invoke.DirectMethodHandle$Holder.invokeStatic(java.lang.Object, java.lang.Object, java.lang.Object, java.lang.Object)'> (0x00000006f9193c88) 
thrown [./src/hotspot/share/interpreter/linkResolver.cpp, line 758]
Event: 0.898 Thread 0x00007f6a3c017db0 Exception <a 'java/lang/NoSuchMethodError'{0x00000006f91b55d0}: 'java.lang.Object java.lang.invoke.DirectMethodHandle$Holder.newInvokeSpecial(java.lang.Object, java.lang.Object, int)'> (0x00000006f91b55d0) 
thrown [./src/hotspot/share/interpreter/linkResolver.cpp, line 758]
Event: 0.914 Thread 0x00007f6a3c017db0 Exception <a 'java/lang/NoSuchMethodError'{0x00000006f9232a50}: 'java.lang.Object java.lang.invoke.Invokers$Holder.invokeExact_MT(java.lang.Object, java.lang.Object, java.lang.Object, java.lang.Object, java.lang.Object, java.lang.Object)'> (0x00000006f9232a50) 
thrown [./src/hotspot/share/interpreter/linkResolver.cpp, line 758]
Event: 0.918 Thread 0x00007f6a3c017db0 Exception <a 'java/lang/NoSuchMethodError'{0x00000006f92428b8}: 'int java.lang.invoke.DirectMethodHandle$Holder.invokeStatic(java.lang.Object, java.lang.Object, java.lang.Object, java.lang.Object, java.lang.Object)'> (0x00000006f92428b8) 
thrown [./src/hotspot/share/interpreter/linkResolver.cpp, line 758]
Event: 0.933 Thread 0x00007f6a3c017db0 Exception <a 'java/lang/NoSuchMethodError'{0x00000006f928d3b0}: 'void java.lang.invoke.DirectMethodHandle$Holder.invokeStaticInit(java.lang.Object)'> (0x00000006f928d3b0) 
thrown [./src/hotspot/share/interpreter/linkResolver.cpp, line 758]
Event: 0.978 Thread 0x00007f6a3c017db0 Exception <a 'java/lang/NoSuchMethodError'{0x00000006f93894d8}: 'int java.lang.invoke.DirectMethodHandle$Holder.invokeStaticInit(java.lang.Object, java.lang.Object)'> (0x00000006f93894d8) 
thrown [./src/hotspot/share/interpreter/linkResolver.cpp, line 758]
Event: 1.093 Thread 0x00007f6a3c017db0 Exception <a 'java/lang/ClassNotFoundException'{0x00000006f977e4a0}: javax/smartcardio/CardPermission> (0x00000006f977e4a0) 
thrown [./src/hotspot/share/classfile/systemDictionary.cpp, line 256]
Event: 1.096 Thread 0x00007f6a3c017db0 Exception <a 'java/io/FileNotFoundException'{0x00000006f978bf08}> (0x00000006f978bf08) 
thrown [./src/hotspot/share/prims/jni.cpp, line 516]
Event: 1.151 Thread 0x00007f6a3c017db0 Implicit null exception at 0x00007f6a2cf22258 to 0x00007f6a2cf222ea
Event: 1.151 Thread 0x00007f6a3c017db0 Implicit null exception at 0x00007f6a2cef00af to 0x00007f6a2cef0129

VM Operations (14 events):
Event: 0.084 Executing VM operation: HandshakeAllThreads
Event: 0.084 Executing VM operation: HandshakeAllThreads done
Event: 0.322 Executing VM operation: HandshakeAllThreads
Event: 0.322 Executing VM operation: HandshakeAllThreads done
Event: 0.424 Executing VM operation: HandshakeAllThreads
Event: 0.424 Executing VM operation: HandshakeAllThreads done
Event: 0.470 Executing VM operation: HandshakeAllThreads
Event: 0.470 Executing VM operation: HandshakeAllThreads done
Event: 0.650 Executing VM operation: G1CollectForAllocation
Event: 0.657 Executing VM operation: G1CollectForAllocation done
Event: 0.995 Executing VM operation: G1CollectForAllocation
Event: 1.003 Executing VM operation: G1CollectForAllocation done
Event: 1.098 Executing VM operation: HandshakeAllThreads
Event: 1.098 Executing VM operation: HandshakeAllThreads done

Events (20 events):
Event: 1.146 loading class sun/util/locale/provider/TimeZoneNameUtility$TimeZoneNameGetter
Event: 1.146 loading class sun/util/locale/provider/TimeZoneNameUtility$TimeZoneNameGetter done
Event: 1.150 loading class jdk/internal/module/ModulePatcher$PatchedModuleReader
Event: 1.151 loading class jdk/internal/module/ModulePatcher$PatchedModuleReader done
Event: 1.152 loading class java/util/concurrent/atomic/AtomicReference
Event: 1.152 loading class java/util/concurrent/atomic/AtomicReference done
Event: 1.152 loading class sun/util/cldr/CLDRTimeZoneNameProviderImpl
Event: 1.152 loading class sun/util/locale/provider/TimeZoneNameProviderImpl
Event: 1.152 loading class sun/util/locale/provider/TimeZoneNameProviderImpl done
Event: 1.152 loading class sun/util/cldr/CLDRTimeZoneNameProviderImpl done
Event: 1.159 loading class java/lang/IllegalAccessError
Event: 1.159 loading class java/lang/IllegalAccessError done
Event: 1.159 loading class java/util/IdentityHashMap$EntrySet
Event: 1.159 loading class java/util/IdentityHashMap$EntrySet done
Event: 1.161 loading class java/util/IdentityHashMap$EntryIterator
Event: 1.161 loading class java/util/IdentityHashMap$EntryIterator done
Event: 1.161 loading class java/util/IdentityHashMap$EntryIterator$Entry
Event: 1.161 loading class java/util/IdentityHashMap$EntryIterator$Entry done
Event: 1.161 loading class java/util/IdentityHashMap$ValueIterator
Event: 1.161 loading class java/util/IdentityHashMap$ValueIterator done


Dynamic libraries:
6e8000000-6f9800000 rw-p 00000000 00:00 0 
6f9800000-7ff800000 ---p 00000000 00:00 0 
7ff800000-7ffb00000 rw-p 00000000 00:00 0 
7ffb00000-7ffb76000 rw-p 00c9d000 103:03 3801091                         /usr/lib/jvm/java-17-openjdk-amd64/lib/server/classes.jsa
7ffb76000-7ffc00000 rw-p 00000000 00:00 0 
7ffc00000-7ffc82000 rw-p 00c1b000 103:03 3801091                         /usr/lib/jvm/java-17-openjdk-amd64/lib/server/classes.jsa
7ffc82000-800000000 rw-p 00000000 00:00 0 
800000000-800458000 rw-p 00001000 103:03 3801091                         /usr/lib/jvm/java-17-openjdk-amd64/lib/server/classes.jsa
800458000-800be2000 r--p 00459000 103:03 3801091                         /usr/lib/jvm/java-17-openjdk-amd64/lib/server/classes.jsa
800be2000-801000000 ---p 00000000 00:00 0 
801000000-801040000 rw-p 00000000 00:00 0 
801040000-801080000 rw-p 00000000 00:00 0 
801080000-8010d0000 rw-p 00000000 00:00 0 
8010d0000-8010e0000 ---p 00000000 00:00 0 
8010e0000-8010f0000 rw-p 00000000 00:00 0 
8010f0000-841000000 ---p 00000000 00:00 0 
55774b9bf000-55774b9c0000 r--p 00000000 103:03 3279312                   /usr/lib/jvm/java-17-openjdk-amd64/bin/java
55774b9c0000-55774b9c1000 r-xp 00001000 103:03 3279312                   /usr/lib/jvm/java-17-openjdk-amd64/bin/java
55774b9c1000-55774b9c2000 r--p 00002000 103:03 3279312                   /usr/lib/jvm/java-17-openjdk-amd64/bin/java
55774b9c2000-55774b9c3000 r--p 00002000 103:03 3279312                   /usr/lib/jvm/java-17-openjdk-amd64/bin/java
55774b9c3000-55774b9c4000 rw-p 00003000 103:03 3279312                   /usr/lib/jvm/java-17-openjdk-amd64/bin/java
55774c479000-55774c4c2000 rw-p 00000000 00:00 0                          [heap]
7f69b4000000-7f69b4021000 rw-p 00000000 00:00 0 
7f69b4021000-7f69b8000000 ---p 00000000 00:00 0 
7f69bc000000-7f69bc021000 rw-p 00000000 00:00 0 
7f69bc021000-7f69c0000000 ---p 00000000 00:00 0 
7f69c0000000-7f69c0021000 rw-p 00000000 00:00 0 
7f69c0021000-7f69c4000000 ---p 00000000 00:00 0 
7f69c4000000-7f69c44cd000 rw-p 00000000 00:00 0 
7f69c44cd000-7f69c8000000 ---p 00000000 00:00 0 
7f69c8000000-7f69c8021000 rw-p 00000000 00:00 0 
7f69c8021000-7f69cc000000 ---p 00000000 00:00 0 
7f69cc000000-7f69cc021000 rw-p 00000000 00:00 0 
7f69cc021000-7f69d0000000 ---p 00000000 00:00 0 
7f69d0000000-7f69d0021000 rw-p 00000000 00:00 0 
7f69d0021000-7f69d4000000 ---p 00000000 00:00 0 
7f69d4000000-7f69d4021000 rw-p 00000000 00:00 0 
7f69d4021000-7f69d8000000 ---p 00000000 00:00 0 
7f69d8000000-7f69d8021000 rw-p 00000000 00:00 0 
7f69d8021000-7f69dc000000 ---p 00000000 00:00 0 
7f69dc000000-7f69dc2f9000 rw-p 00000000 00:00 0 
7f69dc2f9000-7f69e0000000 ---p 00000000 00:00 0 
7f69e0000000-7f69e0021000 rw-p 00000000 00:00 0 
7f69e0021000-7f69e4000000 ---p 00000000 00:00 0 
7f69e4000000-7f69e4021000 rw-p 00000000 00:00 0 
7f69e4021000-7f69e8000000 ---p 00000000 00:00 0 
7f69e8000000-7f69e847a000 rw-p 00000000 00:00 0 
7f69e847a000-7f69ec000000 ---p 00000000 00:00 0 
7f69ec000000-7f69ec021000 rw-p 00000000 00:00 0 
7f69ec021000-7f69f0000000 ---p 00000000 00:00 0 
7f69f0000000-7f69f0021000 rw-p 00000000 00:00 0 
7f69f0021000-7f69f4000000 ---p 00000000 00:00 0 
7f69f4000000-7f69f4021000 rw-p 00000000 00:00 0 
7f69f4021000-7f69f8000000 ---p 00000000 00:00 0 
7f69f8000000-7f69f8021000 rw-p 00000000 00:00 0 
7f69f8021000-7f69fc000000 ---p 00000000 00:00 0 
7f69fc000000-7f69fc021000 rw-p 00000000 00:00 0 
7f69fc021000-7f6a00000000 ---p 00000000 00:00 0 
7f6a00000000-7f6a00021000 rw-p 00000000 00:00 0 
7f6a00021000-7f6a04000000 ---p 00000000 00:00 0 
7f6a04000000-7f6a042d0000 rw-p 00000000 00:00 0 
7f6a042d0000-7f6a04400000 ---p 00000000 00:00 0 
7f6a04400000-7f6a046a0000 rw-p 00000000 00:00 0 
7f6a046a0000-7f6a08000000 ---p 00000000 00:00 0 
7f6a08000000-7f6a08021000 rw-p 00000000 00:00 0 
7f6a08021000-7f6a0c000000 ---p 00000000 00:00 0 
7f6a0d200000-7f6a0dfe7000 r--p 00000000 103:03 398662                    /usr/lib/locale/locale-archive
7f6a0e000000-7f6a10000000 rw-p 00000000 00:00 0 
7f6a10000000-7f6a10021000 rw-p 00000000 00:00 0 
7f6a10021000-7f6a14000000 ---p 00000000 00:00 0 
7f6a14000000-7f6a14021000 rw-p 00000000 00:00 0 
7f6a14021000-7f6a18000000 ---p 00000000 00:00 0 
7f6a18000000-7f6a18021000 rw-p 00000000 00:00 0 
7f6a18021000-7f6a1c000000 ---p 00000000 00:00 0 
7f6a1c217000-7f6a1c5fe000 rw-p 00000000 00:00 0 
7f6a1c5fe000-7f6a1c602000 ---p 00000000 00:00 0 
7f6a1c602000-7f6a1c6fe000 rw-p 00000000 00:00 0 
7f6a1c6fe000-7f6a1c6ff000 ---p 00000000 00:00 0 
7f6a1c6ff000-7f6a1cc60000 rw-p 00000000 00:00 0 
7f6a1cc60000-7f6a20de0000 ---p 00000000 00:00 0 
7f6a20de0000-7f6a21260000 rw-p 00000000 00:00 0 
7f6a21260000-7f6a253e0000 ---p 00000000 00:00 0 
7f6a253e0000-7f6a25400000 rw-p 00000000 00:00 0 
7f6a25400000-7f6a25670000 rwxp 00000000 00:00 0 
7f6a25670000-7f6a2c937000 ---p 00000000 00:00 0 
7f6a2c937000-7f6a2cba7000 rwxp 00000000 00:00 0 
7f6a2cba7000-7f6a2cec8000 ---p 00000000 00:00 0 
7f6a2cec8000-7f6a2d138000 rwxp 00000000 00:00 0 
7f6a2d138000-7f6a34400000 ---p 00000000 00:00 0 
7f6a34400000-7f6a3be43000 r--s 00000000 103:03 3408355                   /usr/lib/jvm/java-17-openjdk-amd64/lib/modules
7f6a3befe000-7f6a3beff000 ---p 00000000 00:00 0 
7f6a3beff000-7f6a3c000000 rw-p 00000000 00:00 0 
7f6a3c000000-7f6a3c7a8000 rw-p 00000000 00:00 0 
7f6a3c7a8000-7f6a40000000 ---p 00000000 00:00 0 
7f6a40080000-7f6a40081000 ---p 00000000 00:00 0 
7f6a40081000-7f6a40182000 rw-p 00000000 00:00 0 
7f6a40182000-7f6a40186000 ---p 00000000 00:00 0 
7f6a40186000-7f6a40282000 rw-p 00000000 00:00 0 
7f6a40282000-7f6a40283000 ---p 00000000 00:00 0 
7f6a40283000-7f6a40384000 rw-p 00000000 00:00 0 
7f6a40384000-7f6a40388000 ---p 00000000 00:00 0 
7f6a40388000-7f6a40484000 rw-p 00000000 00:00 0 
7f6a40484000-7f6a40488000 ---p 00000000 00:00 0 
7f6a40488000-7f6a40584000 rw-p 00000000 00:00 0 
7f6a40584000-7f6a40588000 ---p 00000000 00:00 0 
7f6a40588000-7f6a40684000 rw-p 00000000 00:00 0 
7f6a40684000-7f6a40688000 ---p 00000000 00:00 0 
7f6a40688000-7f6a40784000 rw-p 00000000 00:00 0 
7f6a40784000-7f6a40788000 ---p 00000000 00:00 0 
7f6a40788000-7f6a40884000 rw-p 00000000 00:00 0 
7f6a40884000-7f6a40888000 ---p 00000000 00:00 0 
7f6a40888000-7f6a40984000 rw-p 00000000 00:00 0 
7f6a40984000-7f6a40988000 ---p 00000000 00:00 0 
7f6a40988000-7f6a40a84000 rw-p 00000000 00:00 0 
7f6a40a84000-7f6a40a88000 ---p 00000000 00:00 0 
7f6a40a88000-7f6a40b84000 rw-p 00000000 00:00 0 
7f6a40b84000-7f6a40b88000 ---p 00000000 00:00 0 
7f6a40b88000-7f6a40c84000 rw-p 00000000 00:00 0 
7f6a40c84000-7f6a40c88000 ---p 00000000 00:00 0 
7f6a40c88000-7f6a40d84000 rw-p 00000000 00:00 0 
7f6a40d84000-7f6a40d88000 ---p 00000000 00:00 0 
7f6a40d88000-7f6a40e84000 rw-p 00000000 00:00 0 
7f6a40e84000-7f6a40e85000 ---p 00000000 00:00 0 
7f6a40e85000-7f6a40f86000 rw-p 00000000 00:00 0 
7f6a40f86000-7f6a40f8b000 r--p 00000000 103:03 3408340                   /usr/lib/jvm/java-17-openjdk-amd64/lib/libjsvml.so
7f6a40f8b000-7f6a40fcc000 r-xp 00005000 103:03 3408340                   /usr/lib/jvm/java-17-openjdk-amd64/lib/libjsvml.so
7f6a40fcc000-7f6a41055000 r--p 00046000 103:03 3408340                   /usr/lib/jvm/java-17-openjdk-amd64/lib/libjsvml.so
7f6a41055000-7f6a41056000 r--p 000ce000 103:03 3408340                   /usr/lib/jvm/java-17-openjdk-amd64/lib/libjsvml.so
7f6a41056000-7f6a41057000 rw-p 000cf000 103:03 3408340                   /usr/lib/jvm/java-17-openjdk-amd64/lib/libjsvml.so
7f6a41057000-7f6a410d8000 rw-p 00000000 00:00 0 
7f6a410d8000-7f6a410d9000 ---p 00000000 00:00 0 
7f6a410d9000-7f6a411da000 rw-p 00000000 00:00 0 
7f6a411da000-7f6a411db000 ---p 00000000 00:00 0 
7f6a411db000-7f6a416e0000 rw-p 00000000 00:00 0 
7f6a416e0000-7f6a416e1000 ---p 00000000 00:00 0 
7f6a416e1000-7f6a417e2000 rw-p 00000000 00:00 0 
7f6a417e2000-7f6a417e3000 ---p 00000000 00:00 0 
7f6a417e3000-7f6a418e4000 rw-p 00000000 00:00 0 
7f6a418e4000-7f6a418e5000 ---p 00000000 00:00 0 
7f6a418e5000-7f6a41a72000 rw-p 00000000 00:00 0 
7f6a41a72000-7f6a422a2000 ---p 00000000 00:00 0 
7f6a422a2000-7f6a42332000 rw-p 00000000 00:00 0 
7f6a42332000-7f6a42b62000 ---p 00000000 00:00 0 
7f6a42b62000-7f6a42bf2000 rw-p 00000000 00:00 0 
7f6a42bf2000-7f6a43422000 ---p 00000000 00:00 0 
7f6a43422000-7f6a4382f000 rw-p 00000000 00:00 0 
7f6a4382f000-7f6a43915000 ---p 00000000 00:00 0 
7f6a43915000-7f6a4391a000 rw-p 00000000 00:00 0 
7f6a4391a000-7f6a43a00000 ---p 00000000 00:00 0 
7f6a43a00000-7f6a43a9a000 r--p 00000000 103:03 393378                    /usr/lib/x86_64-linux-gnu/libstdc++.so.6.0.30
7f6a43a9a000-7f6a43baa000 r-xp 0009a000 103:03 393378                    /usr/lib/x86_64-linux-gnu/libstdc++.so.6.0.30
7f6a43baa000-7f6a43c19000 r--p 001aa000 103:03 393378                    /usr/lib/x86_64-linux-gnu/libstdc++.so.6.0.30
7f6a43c19000-7f6a43c24000 r--p 00218000 103:03 393378                    /usr/lib/x86_64-linux-gnu/libstdc++.so.6.0.30
7f6a43c24000-7f6a43c27000 rw-p 00223000 103:03 393378                    /usr/lib/x86_64-linux-gnu/libstdc++.so.6.0.30
7f6a43c27000-7f6a43c2a000 rw-p 00000000 00:00 0 
7f6a43ca5000-7f6a43d00000 rw-p 00000000 00:00 0 
7f6a43d00000-7f6a43d04000 ---p 00000000 00:00 0 
7f6a43d04000-7f6a43e00000 rw-p 00000000 00:00 0 
7f6a43e00000-7f6a44050000 r--p 00000000 103:03 3801094                   /usr/lib/jvm/java-17-openjdk-amd64/lib/server/libjvm.so
7f6a44050000-7f6a44dd4000 r-xp 00250000 103:03 3801094                   /usr/lib/jvm/java-17-openjdk-amd64/lib/server/libjvm.so
7f6a44dd4000-7f6a45057000 r--p 00fd4000 103:03 3801094                   /usr/lib/jvm/java-17-openjdk-amd64/lib/server/libjvm.so
7f6a45057000-7f6a4510f000 r--p 01256000 103:03 3801094                   /usr/lib/jvm/java-17-openjdk-amd64/lib/server/libjvm.so
7f6a4510f000-7f6a45144000 rw-p 0130e000 103:03 3801094                   /usr/lib/jvm/java-17-openjdk-amd64/lib/server/libjvm.so
7f6a45144000-7f6a4519e000 rw-p 00000000 00:00 0 
7f6a451a0000-7f6a451a7000 r--s 00000000 103:03 1052145                   /usr/lib/x86_64-linux-gnu/gconv/gconv-modules.cache
7f6a451a7000-7f6a451ab000 r--p 00000000 103:03 3408346                   /usr/lib/jvm/java-17-openjdk-amd64/lib/libnet.so
7f6a451ab000-7f6a451b9000 r-xp 00004000 103:03 3408346                   /usr/lib/jvm/java-17-openjdk-amd64/lib/libnet.so
7f6a451b9000-7f6a451bd000 r--p 00012000 103:03 3408346                   /usr/lib/jvm/java-17-openjdk-amd64/lib/libnet.so
7f6a451bd000-7f6a451be000 r--p 00015000 103:03 3408346                   /usr/lib/jvm/java-17-openjdk-amd64/lib/libnet.so
7f6a451be000-7f6a451bf000 rw-p 00016000 103:03 3408346                   /usr/lib/jvm/java-17-openjdk-amd64/lib/libnet.so
7f6a451bf000-7f6a45200000 rw-p 00000000 00:00 0 
7f6a45200000-7f6a45228000 r--p 00000000 103:03 399705                    /usr/lib/x86_64-linux-gnu/libc.so.6
7f6a45228000-7f6a453bd000 r-xp 00028000 103:03 399705                    /usr/lib/x86_64-linux-gnu/libc.so.6
7f6a453bd000-7f6a45415000 r--p 001bd000 103:03 399705                    /usr/lib/x86_64-linux-gnu/libc.so.6
7f6a45415000-7f6a45419000 r--p 00214000 103:03 399705                    /usr/lib/x86_64-linux-gnu/libc.so.6
7f6a45419000-7f6a4541b000 rw-p 00218000 103:03 399705                    /usr/lib/x86_64-linux-gnu/libc.so.6
7f6a4541b000-7f6a45428000 rw-p 00000000 00:00 0 
7f6a4542d000-7f6a4542e000 r--p 00000000 103:03 3408326                   /usr/lib/jvm/java-17-openjdk-amd64/lib/libextnet.so
7f6a4542e000-7f6a4542f000 r-xp 00001000 103:03 3408326                   /usr/lib/jvm/java-17-openjdk-amd64/lib/libextnet.so
7f6a4542f000-7f6a45430000 r--p 00002000 103:03 3408326                   /usr/lib/jvm/java-17-openjdk-amd64/lib/libextnet.so
7f6a45430000-7f6a45431000 r--p 00002000 103:03 3408326                   /usr/lib/jvm/java-17-openjdk-amd64/lib/libextnet.so
7f6a45431000-7f6a45432000 rw-p 00003000 103:03 3408326                   /usr/lib/jvm/java-17-openjdk-amd64/lib/libextnet.so
7f6a45432000-7f6a45438000 r--p 00000000 103:03 3408347                   /usr/lib/jvm/java-17-openjdk-amd64/lib/libnio.so
7f6a45438000-7f6a45441000 r-xp 00006000 103:03 3408347                   /usr/lib/jvm/java-17-openjdk-amd64/lib/libnio.so
7f6a45441000-7f6a45445000 r--p 0000f000 103:03 3408347                   /usr/lib/jvm/java-17-openjdk-amd64/lib/libnio.so
7f6a45445000-7f6a45446000 ---p 00013000 103:03 3408347                   /usr/lib/jvm/java-17-openjdk-amd64/lib/libnio.so
7f6a45446000-7f6a45447000 r--p 00013000 103:03 3408347                   /usr/lib/jvm/java-17-openjdk-amd64/lib/libnio.so
7f6a45447000-7f6a45448000 rw-p 00014000 103:03 3408347                   /usr/lib/jvm/java-17-openjdk-amd64/lib/libnio.so
7f6a45448000-7f6a4544a000 r--p 00000000 103:03 3408354                   /usr/lib/jvm/java-17-openjdk-amd64/lib/libzip.so
7f6a4544a000-7f6a4544f000 r-xp 00002000 103:03 3408354                   /usr/lib/jvm/java-17-openjdk-amd64/lib/libzip.so
7f6a4544f000-7f6a45451000 r--p 00007000 103:03 3408354                   /usr/lib/jvm/java-17-openjdk-amd64/lib/libzip.so
7f6a45451000-7f6a45452000 r--p 00008000 103:03 3408354                   /usr/lib/jvm/java-17-openjdk-amd64/lib/libzip.so
7f6a45452000-7f6a45453000 rw-p 00009000 103:03 3408354                   /usr/lib/jvm/java-17-openjdk-amd64/lib/libzip.so
7f6a45453000-7f6a4547e000 rw-p 00000000 00:00 0 
7f6a4547e000-7f6a45485000 ---p 00000000 00:00 0 
7f6a45485000-7f6a45491000 r--p 00000000 103:03 3408333                   /usr/lib/jvm/java-17-openjdk-amd64/lib/libjava.so
7f6a45491000-7f6a454a4000 r-xp 0000c000 103:03 3408333                   /usr/lib/jvm/java-17-openjdk-amd64/lib/libjava.so
7f6a454a4000-7f6a454aa000 r--p 0001f000 103:03 3408333                   /usr/lib/jvm/java-17-openjdk-amd64/lib/libjava.so
7f6a454aa000-7f6a454ab000 r--p 00024000 103:03 3408333                   /usr/lib/jvm/java-17-openjdk-amd64/lib/libjava.so
7f6a454ab000-7f6a454ac000 rw-p 00025000 103:03 3408333                   /usr/lib/jvm/java-17-openjdk-amd64/lib/libjava.so
7f6a454ac000-7f6a454ad000 rw-p 00000000 00:00 0 
7f6a454ad000-7f6a454ae000 r--p 00000000 103:03 3408328                   /usr/lib/jvm/java-17-openjdk-amd64/lib/libinstrument.so
7f6a454ae000-7f6a454b4000 r-xp 00001000 103:03 3408328                   /usr/lib/jvm/java-17-openjdk-amd64/lib/libinstrument.so
7f6a454b4000-7f6a454b7000 r--p 00007000 103:03 3408328                   /usr/lib/jvm/java-17-openjdk-amd64/lib/libinstrument.so
7f6a454b7000-7f6a454b8000 r--p 00009000 103:03 3408328                   /usr/lib/jvm/java-17-openjdk-amd64/lib/libinstrument.so
7f6a454b8000-7f6a454b9000 rw-p 0000a000 103:03 3408328                   /usr/lib/jvm/java-17-openjdk-amd64/lib/libinstrument.so
7f6a454b9000-7f6a454bc000 r--p 00000000 103:03 393363                    /usr/lib/x86_64-linux-gnu/libgcc_s.so.1
7f6a454bc000-7f6a454d3000 r-xp 00003000 103:03 393363                    /usr/lib/x86_64-linux-gnu/libgcc_s.so.1
7f6a454d3000-7f6a454d7000 r--p 0001a000 103:03 393363                    /usr/lib/x86_64-linux-gnu/libgcc_s.so.1
7f6a454d7000-7f6a454d8000 r--p 0001d000 103:03 393363                    /usr/lib/x86_64-linux-gnu/libgcc_s.so.1
7f6a454d8000-7f6a454d9000 rw-p 0001e000 103:03 393363                    /usr/lib/x86_64-linux-gnu/libgcc_s.so.1
7f6a454d9000-7f6a454e7000 r--p 00000000 103:03 400354                    /usr/lib/x86_64-linux-gnu/libm.so.6
7f6a454e7000-7f6a45563000 r-xp 0000e000 103:03 400354                    /usr/lib/x86_64-linux-gnu/libm.so.6
7f6a45563000-7f6a455be000 r--p 0008a000 103:03 400354                    /usr/lib/x86_64-linux-gnu/libm.so.6
7f6a455be000-7f6a455bf000 r--p 000e4000 103:03 400354                    /usr/lib/x86_64-linux-gnu/libm.so.6
7f6a455bf000-7f6a455c0000 rw-p 000e5000 103:03 400354                    /usr/lib/x86_64-linux-gnu/libm.so.6
7f6a455c0000-7f6a455c3000 rw-p 00000000 00:00 0 
7f6a455c3000-7f6a455c5000 r--p 00000000 103:03 396531                    /usr/lib/x86_64-linux-gnu/libz.so.1.2.11
7f6a455c5000-7f6a455d6000 r-xp 00002000 103:03 396531                    /usr/lib/x86_64-linux-gnu/libz.so.1.2.11
7f6a455d6000-7f6a455dc000 r--p 00013000 103:03 396531                    /usr/lib/x86_64-linux-gnu/libz.so.1.2.11
7f6a455dc000-7f6a455dd000 ---p 00019000 103:03 396531                    /usr/lib/x86_64-linux-gnu/libz.so.1.2.11
7f6a455dd000-7f6a455de000 r--p 00019000 103:03 396531                    /usr/lib/x86_64-linux-gnu/libz.so.1.2.11
7f6a455de000-7f6a455df000 rw-p 0001a000 103:03 396531                    /usr/lib/x86_64-linux-gnu/libz.so.1.2.11
7f6a455e1000-7f6a455e9000 rw-s 00000000 103:03 2885423                   /tmp/hsperfdata_zam/11186
7f6a455e9000-7f6a455ea000 ---p 00000000 00:00 0 
7f6a455ea000-7f6a455eb000 r--p 00000000 00:00 0 
7f6a455eb000-7f6a455ed000 r--p 00000000 103:03 3408336                   /usr/lib/jvm/java-17-openjdk-amd64/lib/libjimage.so
7f6a455ed000-7f6a455f0000 r-xp 00002000 103:03 3408336                   /usr/lib/jvm/java-17-openjdk-amd64/lib/libjimage.so
7f6a455f0000-7f6a455f1000 r--p 00005000 103:03 3408336                   /usr/lib/jvm/java-17-openjdk-amd64/lib/libjimage.so
7f6a455f1000-7f6a455f2000 ---p 00006000 103:03 3408336                   /usr/lib/jvm/java-17-openjdk-amd64/lib/libjimage.so
7f6a455f2000-7f6a455f3000 r--p 00006000 103:03 3408336                   /usr/lib/jvm/java-17-openjdk-amd64/lib/libjimage.so
7f6a455f3000-7f6a455f4000 rw-p 00007000 103:03 3408336                   /usr/lib/jvm/java-17-openjdk-amd64/lib/libjimage.so
7f6a455f4000-7f6a455f6000 r--p 00000000 103:03 3408337                   /usr/lib/jvm/java-17-openjdk-amd64/lib/libjli.so
7f6a455f6000-7f6a45600000 r-xp 00002000 103:03 3408337                   /usr/lib/jvm/java-17-openjdk-amd64/lib/libjli.so
7f6a45600000-7f6a45603000 r--p 0000c000 103:03 3408337                   /usr/lib/jvm/java-17-openjdk-amd64/lib/libjli.so
7f6a45603000-7f6a45604000 r--p 0000e000 103:03 3408337                   /usr/lib/jvm/java-17-openjdk-amd64/lib/libjli.so
7f6a45604000-7f6a45605000 rw-p 0000f000 103:03 3408337                   /usr/lib/jvm/java-17-openjdk-amd64/lib/libjli.so
7f6a45605000-7f6a45607000 rw-p 00000000 00:00 0 
7f6a45607000-7f6a45609000 r--p 00000000 103:03 399370                    /usr/lib/x86_64-linux-gnu/ld-linux-x86-64.so.2
7f6a45609000-7f6a45633000 r-xp 00002000 103:03 399370                    /usr/lib/x86_64-linux-gnu/ld-linux-x86-64.so.2
7f6a45633000-7f6a4563e000 r--p 0002c000 103:03 399370                    /usr/lib/x86_64-linux-gnu/ld-linux-x86-64.so.2
7f6a4563e000-7f6a4563f000 ---p 00000000 00:00 0 
7f6a4563f000-7f6a45641000 r--p 00037000 103:03 399370                    /usr/lib/x86_64-linux-gnu/ld-linux-x86-64.so.2
7f6a45641000-7f6a45643000 rw-p 00039000 103:03 399370                    /usr/lib/x86_64-linux-gnu/ld-linux-x86-64.so.2
7ffceb793000-7ffceb7b6000 rw-p 00000000 00:00 0                          [stack]
7ffceb7d3000-7ffceb7d7000 r--p 00000000 00:00 0                          [vvar]
7ffceb7d7000-7ffceb7d9000 r-xp 00000000 00:00 0                          [vdso]
ffffffffff600000-ffffffffff601000 --xp 00000000 00:00 0                  [vsyscall]


VM Arguments:
jvm_args: -ea -Didea.test.cyclic.buffer.size=1048576 -javaagent:/home/zam/Downloads/idea-IC-222.4167.29/lib/idea_rt.jar=46449:/home/zam/Downloads/idea-IC-222.4167.29/bin -Dfile.encoding=UTF-8 
java_command: com.intellij.rt.junit.JUnitStarter -ideVersion5 -junit5 com.zam.dev.food_order.controller.UserControllerTest,testUserUpdateSuccess
java_class_path (initial): /home/zam/.m2/repository/org/junit/platform/junit-platform-launcher/1.9.3/junit-platform-launcher-1.9.3.jar:/home/zam/Downloads/idea-IC-222.4167.29/lib/idea_rt.jar:/home/zam/Downloads/idea-IC-222.4167.29/plugins/junit/lib/junit5-rt.jar:/home/zam/Downloads/idea-IC-222.4167.29/plugins/junit/lib/junit-rt.jar:/home/zam/belajar/udemy/springboot/portofolio_backend_food_order/target/test-classes:/home/zam/belajar/udemy/springboot/portofolio_backend_food_order/target/classes:/home/zam/.m2/repository/org/springframework/boot/spring-boot-starter-data-jpa/3.1.1/spring-boot-starter-data-jpa-3.1.1.jar:/home/zam/.m2/repository/org/springframework/boot/spring-boot-starter-aop/3.1.1/spring-boot-starter-aop-3.1.1.jar:/home/zam/.m2/repository/org/springframework/spring-aop/6.0.10/spring-aop-6.0.10.jar:/home/zam/.m2/repository/org/aspectj/aspectjweaver/1.9.19/aspectjweaver-1.9.19.jar:/home/zam/.m2/repository/org/springframework/boot/spring-boot-starter-jdbc/3.1.1/spring-boot-starter-jdbc-3.1.1.jar:/home/zam/.m2/repository/com/zaxxer/HikariCP/5.0.1/HikariCP-5.0.1.jar:/home/zam/.m2/repository/org/springframework/spring-jdbc/6.0.10/spring-jdbc-6.0.10.jar:/home/zam/.m2/repository/org/hibernate/orm/hibernate-core/6.2.5.Final/hibernate-core-6.2.5.Final.jar:/home/zam/.m2/repository/jakarta/persistence/jakarta.persistence-api/3.1.0/jakarta.persistence-api-3.1.0.jar:/home/zam/.m2/repository/jakarta/transaction/jakarta.transaction-api/2.0.1/jakarta.transaction-api-2.0.1.jar:/home/zam/.m2/repository/org/jboss/logging/jboss-logging/3.5.1.Final/jboss-logging-3.5.1.Final.jar:/home/zam/.m2/repository/org/hibernate/common/hibernate-commons-annotations/6.0.6.Final/hibernate-commons-annotations-6.0.6.Final.jar:/home/zam/.m2/repository/io/smallrye/jandex/3.0.5/jandex-3.0.5.jar:/home/zam/.m2/repository/com/fasterxml/classmate/1.5.1/classmate-1.5.1.jar:/home/zam/.m2/repository/net/bytebuddy/byte-buddy/1.14.5/byte-buddy-1.14.5.jar:/home/zam/.m2/repository/org/glassfish/jaxb/jax
Launcher Type: SUN_STANDARD

[Global flags]
     intx CICompilerCount                          = 3                                         {product} {ergonomic}
     uint ConcGCThreads                            = 1                                         {product} {ergonomic}
     uint G1ConcRefinementThreads                  = 4                                         {product} {ergonomic}
   size_t G1HeapRegionSize                         = 4194304                                   {product} {ergonomic}
    uintx GCDrainStackTargetSize                   = 64                                        {product} {ergonomic}
   size_t InitialHeapSize                          = 293601280                                 {product} {ergonomic}
   size_t MarkStackSize                            = 4194304                                   {product} {ergonomic}
   size_t MaxHeapSize                              = 4697620480                                {product} {ergonomic}
   size_t MaxNewSize                               = 2818572288                                {product} {ergonomic}
   size_t MinHeapDeltaBytes                        = 4194304                                   {product} {ergonomic}
   size_t MinHeapSize                              = 8388608                                   {product} {ergonomic}
    uintx NonNMethodCodeHeapSize                   = 5832780                                {pd product} {ergonomic}
    uintx NonProfiledCodeHeapSize                  = 122912730                              {pd product} {ergonomic}
    uintx ProfiledCodeHeapSize                     = 122912730                              {pd product} {ergonomic}
    uintx ReservedCodeCacheSize                    = 251658240                              {pd product} {ergonomic}
     bool SegmentedCodeCache                       = true                                      {product} {ergonomic}
   size_t SoftMaxHeapSize                          = 4697620480                             {manageable} {ergonomic}
     bool UseCompressedClassPointers               = true                           {product lp64_product} {ergonomic}
     bool UseCompressedOops                        = true                           {product lp64_product} {ergonomic}
     bool UseG1GC                                  = true                                      {product} {ergonomic}

Logging:
Log output configuration:
 #0: stdout all=warning uptime,level,tags
 #1: stderr all=off uptime,level,tags

Environment Variables:
PATH=/usr/local/sbin:/usr/local/bin:/usr/sbin:/usr/bin:/sbin:/bin:/usr/games:/usr/local/games:/snap/bin:/snap/bin:/usr/local/go/bin
USERNAME=zam
SHELL=/usr/bin/zsh
DISPLAY=:1
LANG=en_US.UTF-8

Active Locale:
LC_ALL=en_US.UTF-8
LC_COLLATE=en_US.UTF-8
LC_CTYPE=en_US.UTF-8
LC_MESSAGES=en_US.UTF-8
LC_MONETARY=en_US.UTF-8
LC_NUMERIC=en_US.UTF-8
LC_TIME=en_US.UTF-8

Signal Handlers:
   SIGSEGV: crash_handler in libjvm.so, mask=11100100010111111101111111111110, flags=SA_RESTART|SA_SIGINFO, unblocked
    SIGBUS: crash_handler in libjvm.so, mask=11100100010111111101111111111110, flags=SA_RESTART|SA_SIGINFO, unblocked
    SIGFPE: crash_handler in libjvm.so, mask=11100100010111111101111111111110, flags=SA_RESTART|SA_SIGINFO, unblocked
   SIGPIPE: javaSignalHandler in libjvm.so, mask=11100100010111111101111111111110, flags=SA_RESTART|SA_SIGINFO, blocked
   SIGXFSZ: javaSignalHandler in libjvm.so, mask=11100100010111111101111111111110, flags=SA_RESTART|SA_SIGINFO, blocked
    SIGILL: crash_handler in libjvm.so, mask=11100100010111111101111111111110, flags=SA_RESTART|SA_SIGINFO, unblocked
   SIGUSR2: SR_handler in libjvm.so, mask=00100000000000000000000000000000, flags=SA_RESTART|SA_SIGINFO, blocked
    SIGHUP: UserHandler in libjvm.so, mask=11100100010111111101111111111110, flags=SA_RESTART|SA_SIGINFO, blocked
    SIGINT: UserHandler in libjvm.so, mask=11100100010111111101111111111110, flags=SA_RESTART|SA_SIGINFO, blocked
   SIGTERM: UserHandler in libjvm.so, mask=11100100010111111101111111111110, flags=SA_RESTART|SA_SIGINFO, blocked
   SIGQUIT: UserHandler in libjvm.so, mask=11100100010111111101111111111110, flags=SA_RESTART|SA_SIGINFO, blocked
   SIGTRAP: crash_handler in libjvm.so, mask=11100100010111111101111111111110, flags=SA_RESTART|SA_SIGINFO, unblocked


---------------  S Y S T E M  ---------------

OS:
DISTRIB_ID=Ubuntu
DISTRIB_RELEASE=22.04
DISTRIB_CODENAME=jammy
DISTRIB_DESCRIPTION="Ubuntu 22.04.2 LTS"
uname: Linux 5.19.0-46-generic #47~22.04.1-Ubuntu SMP PREEMPT_DYNAMIC Wed Jun 21 15:35:31 UTC 2 x86_64
OS uptime: 0 days 0:42 hours
libc: glibc 2.35 NPTL 2.35 
rlimit (soft/hard): STACK 8192k/infinity , CORE 0k/infinity , NPROC 71365/71365 , NOFILE 1048576/1048576 , AS infinity/infinity , CPU infinity/infinity , DATA infinity/infinity , FSIZE infinity/infinity , MEMLOCK 2293688k/2293688k
load average: 1.17 1.59 1.81

/proc/meminfo:
MemTotal:       18349524 kB
MemFree:         7927460 kB
MemAvailable:   12317148 kB
Buffers:          320276 kB
Cached:          4185100 kB
SwapCached:            0 kB
Active:          1461064 kB
Inactive:        8081280 kB
Active(anon):       4656 kB
Inactive(anon):  5070136 kB
Active(file):    1456408 kB
Inactive(file):  3011144 kB
Unevictable:          32 kB
Mlocked:              32 kB
SwapTotal:             0 kB
SwapFree:              0 kB
Zswap:                 0 kB
Zswapped:              0 kB
Dirty:               892 kB
Writeback:             0 kB
AnonPages:       5036944 kB
Mapped:          1279096 kB
Shmem:             44352 kB
KReclaimable:     274020 kB
Slab:             509296 kB
SReclaimable:     274020 kB
SUnreclaim:       235276 kB
KernelStack:       14988 kB
PageTables:        42188 kB
NFS_Unstable:          0 kB
Bounce:                0 kB
WritebackTmp:          0 kB
CommitLimit:     9174760 kB
Committed_AS:   11444448 kB
VmallocTotal:   34359738367 kB
VmallocUsed:       83208 kB
VmallocChunk:          0 kB
Percpu:             5888 kB
HardwareCorrupted:     0 kB
AnonHugePages:         0 kB
ShmemHugePages:        0 kB
ShmemPmdMapped:        0 kB
FileHugePages:         0 kB
FilePmdMapped:         0 kB
HugePages_Total:       0
HugePages_Free:        0
HugePages_Rsvd:        0
HugePages_Surp:        0
Hugepagesize:       2048 kB
Hugetlb:               0 kB
DirectMap4k:      465940 kB
DirectMap2M:    12054528 kB
DirectMap1G:     7340032 kB

/sys/kernel/mm/transparent_hugepage/enabled: always [madvise] never
/sys/kernel/mm/transparent_hugepage/defrag (defrag/compaction efforts parameter): always defer defer+madvise [madvise] never

Process Memory:
Virtual Size: 7947052K (peak: 8008564K)
Resident Set Size: 89188K (peak: 89188K) (anon: 60812K, file: 28376K, shmem: 0K)
Swapped out: 0K
C-Heap outstanding allocations: 31992K, retained: 4575K
glibc malloc tunables: (default)

/proc/sys/kernel/threads-max (system-wide limit on the number of threads): 142731
/proc/sys/vm/max_map_count (maximum number of memory map areas a process may have): 65530
/proc/sys/kernel/pid_max (system-wide limit on number of process identifiers): 4194304

container (cgroup) information:
container_type: cgroupv2
cpu_cpuset_cpus: not supported
cpu_memory_nodes: not supported
active_processor_count: 4
cpu_quota: not supported
cpu_period: not supported
cpu_shares: not supported
memory_limit_in_bytes: unlimited
memory_and_swap_limit_in_bytes: unlimited
memory_soft_limit_in_bytes: unlimited
memory_usage_in_bytes: 5801932 k
memory_max_usage_in_bytes: not supported
memory_swap_current_in_bytes: unlimited
memory_swap_max_limit_in_bytes: unlimited
maximum number of tasks: 21409
current number of tasks: 354

Steal ticks since vm start: 0
Steal ticks percentage since vm start:  0.000

CPU: total 4 (initial active 4) (4 cores per cpu, 1 threads per core) family 23 model 24 stepping 1 microcode 0x8108109, cx8, cmov, fxsr, mmx, 3dnowpref, sse, sse2, sse3, ssse3, sse4a, sse4.1, sse4.2, popcnt, lzcnt, tsc, tscinvbit, avx, avx2, aes, clmul, bmi1, bmi2, adx, sha, fma, vzeroupper, clflush, clflushopt
CPU Model and flags from /proc/cpuinfo:
model name	: AMD Ryzen 3 3300U with Radeon Vega Mobile Gfx
flags		: fpu vme de pse tsc msr pae mce cx8 apic sep mtrr pge mca cmov pat pse36 clflush mmx fxsr sse sse2 ht syscall nx mmxext fxsr_opt pdpe1gb rdtscp lm constant_tsc rep_good nopl nonstop_tsc cpuid extd_apicid aperfmperf rapl pni pclmulqdq monitor ssse3 fma cx16 sse4_1 sse4_2 movbe popcnt aes xsave avx f16c rdrand lahf_lm cmp_legacy svm extapic cr8_legacy abm sse4a misalignsse 3dnowprefetch osvw skinit wdt tce topoext perfctr_core perfctr_nb bpext perfctr_llc mwaitx cpb hw_pstate ssbd ibpb vmmcall fsgsbase bmi1 avx2 smep bmi2 rdseed adx smap clflushopt sha_ni xsaveopt xsavec xgetbv1 xsaves clzero irperf xsaveerptr arat npt lbrv svm_lock nrip_save tsc_scale vmcb_clean flushbyasid decodeassists pausefilter pfthreshold avic v_vmsave_vmload vgif overflow_recov succor smca sev sev_es

Online cpus: 0-3
Offline cpus: 
BIOS frequency limitation: 2100000
Frequency switch latency (ns): 0
Available cpu frequencies: 2100000 1700000 1400000 
Current governor: schedutil
Core performance/turbo boost: 1

Memory: 4k page, physical 18349524k(7927460k free), swap 0k(0k free)
Page Sizes: 4k

vm_info: OpenJDK 64-Bit Server VM (17.0.7+7-Ubuntu-0ubuntu122.04.2) for linux-amd64 JRE (17.0.7+7-Ubuntu-0ubuntu122.04.2), built on May 10 2023 04:02:16 by "buildd" with gcc 11.3.0

END.
